{"C:\\Users\\User\\Pictures\\Banka-Project\\Server\\tests\\accountTest.js":{"path":"C:\\Users\\User\\Pictures\\Banka-Project\\Server\\tests\\accountTest.js","statementMap":{"0":{"start":{"line":3,"column":12},"end":{"line":3,"column":51}},"1":{"start":{"line":5,"column":16},"end":{"line":5,"column":60}},"2":{"start":{"line":7,"column":11},"end":{"line":7,"column":52}},"3":{"start":{"line":9,"column":39},"end":{"line":9,"column":95}},"4":{"start":{"line":14,"column":13},"end":{"line":14,"column":36}},"5":{"start":{"line":16,"column":0},"end":{"line":16,"column":43}},"6":{"start":{"line":18,"column":16},"end":{"line":18,"column":18}},"7":{"start":{"line":19,"column":17},"end":{"line":19,"column":19}},"8":{"start":{"line":20,"column":19},"end":{"line":20,"column":21}},"9":{"start":{"line":21,"column":0},"end":{"line":177,"column":3}},"10":{"start":{"line":22,"column":2},"end":{"line":38,"column":5}},"11":{"start":{"line":23,"column":15},"end":{"line":26,"column":5}},"12":{"start":{"line":28,"column":4},"end":{"line":37,"column":7}},"13":{"start":{"line":29,"column":17},"end":{"line":29,"column":25}},"14":{"start":{"line":30,"column":6},"end":{"line":30,"column":44}},"15":{"start":{"line":32,"column":6},"end":{"line":34,"column":7}},"16":{"start":{"line":33,"column":8},"end":{"line":33,"column":36}},"17":{"start":{"line":36,"column":6},"end":{"line":36,"column":13}},"18":{"start":{"line":39,"column":2},"end":{"line":52,"column":5}},"19":{"start":{"line":40,"column":4},"end":{"line":51,"column":7}},"20":{"start":{"line":41,"column":6},"end":{"line":50,"column":9}},"21":{"start":{"line":45,"column":19},"end":{"line":45,"column":27}},"22":{"start":{"line":46,"column":8},"end":{"line":46,"column":46}},"23":{"start":{"line":47,"column":8},"end":{"line":47,"column":40}},"24":{"start":{"line":48,"column":8},"end":{"line":48,"column":74}},"25":{"start":{"line":49,"column":8},"end":{"line":49,"column":15}},"26":{"start":{"line":53,"column":2},"end":{"line":110,"column":5}},"27":{"start":{"line":54,"column":4},"end":{"line":66,"column":7}},"28":{"start":{"line":55,"column":26},"end":{"line":55,"column":39}},"29":{"start":{"line":57,"column":6},"end":{"line":65,"column":9}},"30":{"start":{"line":60,"column":19},"end":{"line":60,"column":27}},"31":{"start":{"line":61,"column":8},"end":{"line":61,"column":46}},"32":{"start":{"line":62,"column":8},"end":{"line":62,"column":40}},"33":{"start":{"line":63,"column":8},"end":{"line":63,"column":87}},"34":{"start":{"line":64,"column":8},"end":{"line":64,"column":15}},"35":{"start":{"line":67,"column":4},"end":{"line":84,"column":7}},"36":{"start":{"line":68,"column":27},"end":{"line":72,"column":7}},"37":{"start":{"line":74,"column":6},"end":{"line":83,"column":9}},"38":{"start":{"line":75,"column":19},"end":{"line":75,"column":27}},"39":{"start":{"line":76,"column":8},"end":{"line":76,"column":46}},"40":{"start":{"line":78,"column":8},"end":{"line":80,"column":9}},"41":{"start":{"line":79,"column":10},"end":{"line":79,"column":39}},"42":{"start":{"line":82,"column":8},"end":{"line":82,"column":15}},"43":{"start":{"line":85,"column":4},"end":{"line":98,"column":7}},"44":{"start":{"line":86,"column":26},"end":{"line":86,"column":36}},"45":{"start":{"line":88,"column":6},"end":{"line":97,"column":9}},"46":{"start":{"line":91,"column":19},"end":{"line":91,"column":27}},"47":{"start":{"line":92,"column":8},"end":{"line":92,"column":46}},"48":{"start":{"line":93,"column":8},"end":{"line":93,"column":40}},"49":{"start":{"line":94,"column":8},"end":{"line":94,"column":58}},"50":{"start":{"line":95,"column":8},"end":{"line":95,"column":55}},"51":{"start":{"line":96,"column":8},"end":{"line":96,"column":15}},"52":{"start":{"line":99,"column":4},"end":{"line":109,"column":7}},"53":{"start":{"line":100,"column":26},"end":{"line":100,"column":37}},"54":{"start":{"line":102,"column":6},"end":{"line":108,"column":9}},"55":{"start":{"line":103,"column":19},"end":{"line":103,"column":27}},"56":{"start":{"line":104,"column":8},"end":{"line":104,"column":46}},"57":{"start":{"line":105,"column":8},"end":{"line":105,"column":40}},"58":{"start":{"line":106,"column":8},"end":{"line":106,"column":63}},"59":{"start":{"line":107,"column":8},"end":{"line":107,"column":15}},"60":{"start":{"line":111,"column":2},"end":{"line":145,"column":5}},"61":{"start":{"line":112,"column":4},"end":{"line":122,"column":7}},"62":{"start":{"line":113,"column":26},"end":{"line":113,"column":39}},"63":{"start":{"line":115,"column":6},"end":{"line":121,"column":9}},"64":{"start":{"line":116,"column":19},"end":{"line":116,"column":27}},"65":{"start":{"line":117,"column":8},"end":{"line":117,"column":46}},"66":{"start":{"line":118,"column":8},"end":{"line":118,"column":40}},"67":{"start":{"line":119,"column":8},"end":{"line":119,"column":87}},"68":{"start":{"line":120,"column":8},"end":{"line":120,"column":15}},"69":{"start":{"line":123,"column":4},"end":{"line":133,"column":7}},"70":{"start":{"line":124,"column":26},"end":{"line":124,"column":39}},"71":{"start":{"line":126,"column":6},"end":{"line":132,"column":9}},"72":{"start":{"line":127,"column":19},"end":{"line":127,"column":27}},"73":{"start":{"line":128,"column":8},"end":{"line":128,"column":46}},"74":{"start":{"line":129,"column":8},"end":{"line":129,"column":40}},"75":{"start":{"line":130,"column":8},"end":{"line":130,"column":61}},"76":{"start":{"line":131,"column":8},"end":{"line":131,"column":15}},"77":{"start":{"line":134,"column":4},"end":{"line":144,"column":7}},"78":{"start":{"line":135,"column":26},"end":{"line":135,"column":40}},"79":{"start":{"line":137,"column":6},"end":{"line":143,"column":9}},"80":{"start":{"line":138,"column":19},"end":{"line":138,"column":27}},"81":{"start":{"line":139,"column":8},"end":{"line":139,"column":46}},"82":{"start":{"line":140,"column":8},"end":{"line":140,"column":40}},"83":{"start":{"line":141,"column":8},"end":{"line":141,"column":74}},"84":{"start":{"line":142,"column":8},"end":{"line":142,"column":15}},"85":{"start":{"line":146,"column":2},"end":{"line":162,"column":5}},"86":{"start":{"line":147,"column":25},"end":{"line":150,"column":5}},"87":{"start":{"line":152,"column":4},"end":{"line":161,"column":7}},"88":{"start":{"line":153,"column":17},"end":{"line":153,"column":25}},"89":{"start":{"line":154,"column":6},"end":{"line":154,"column":44}},"90":{"start":{"line":156,"column":6},"end":{"line":158,"column":7}},"91":{"start":{"line":157,"column":8},"end":{"line":157,"column":39}},"92":{"start":{"line":160,"column":6},"end":{"line":160,"column":13}},"93":{"start":{"line":163,"column":2},"end":{"line":176,"column":5}},"94":{"start":{"line":164,"column":24},"end":{"line":164,"column":37}},"95":{"start":{"line":166,"column":4},"end":{"line":175,"column":7}},"96":{"start":{"line":169,"column":17},"end":{"line":169,"column":25}},"97":{"start":{"line":170,"column":6},"end":{"line":170,"column":44}},"98":{"start":{"line":171,"column":6},"end":{"line":171,"column":38}},"99":{"start":{"line":172,"column":6},"end":{"line":172,"column":56}},"100":{"start":{"line":173,"column":6},"end":{"line":173,"column":53}},"101":{"start":{"line":174,"column":6},"end":{"line":174,"column":13}},"102":{"start":{"line":178,"column":0},"end":{"line":431,"column":3}},"103":{"start":{"line":179,"column":2},"end":{"line":195,"column":5}},"104":{"start":{"line":180,"column":15},"end":{"line":183,"column":5}},"105":{"start":{"line":185,"column":4},"end":{"line":194,"column":7}},"106":{"start":{"line":186,"column":17},"end":{"line":186,"column":25}},"107":{"start":{"line":187,"column":6},"end":{"line":187,"column":44}},"108":{"start":{"line":189,"column":6},"end":{"line":191,"column":7}},"109":{"start":{"line":190,"column":8},"end":{"line":190,"column":36}},"110":{"start":{"line":193,"column":6},"end":{"line":193,"column":13}},"111":{"start":{"line":196,"column":2},"end":{"line":209,"column":5}},"112":{"start":{"line":197,"column":4},"end":{"line":208,"column":7}},"113":{"start":{"line":198,"column":6},"end":{"line":207,"column":9}},"114":{"start":{"line":202,"column":19},"end":{"line":202,"column":27}},"115":{"start":{"line":203,"column":8},"end":{"line":203,"column":46}},"116":{"start":{"line":204,"column":8},"end":{"line":204,"column":40}},"117":{"start":{"line":205,"column":8},"end":{"line":205,"column":111}},"118":{"start":{"line":206,"column":8},"end":{"line":206,"column":15}},"119":{"start":{"line":210,"column":2},"end":{"line":267,"column":5}},"120":{"start":{"line":211,"column":4},"end":{"line":223,"column":7}},"121":{"start":{"line":212,"column":26},"end":{"line":212,"column":39}},"122":{"start":{"line":214,"column":6},"end":{"line":222,"column":9}},"123":{"start":{"line":217,"column":19},"end":{"line":217,"column":27}},"124":{"start":{"line":218,"column":8},"end":{"line":218,"column":46}},"125":{"start":{"line":219,"column":8},"end":{"line":219,"column":40}},"126":{"start":{"line":220,"column":8},"end":{"line":220,"column":87}},"127":{"start":{"line":221,"column":8},"end":{"line":221,"column":15}},"128":{"start":{"line":224,"column":4},"end":{"line":241,"column":7}},"129":{"start":{"line":225,"column":27},"end":{"line":229,"column":7}},"130":{"start":{"line":231,"column":6},"end":{"line":240,"column":9}},"131":{"start":{"line":232,"column":19},"end":{"line":232,"column":27}},"132":{"start":{"line":233,"column":8},"end":{"line":233,"column":46}},"133":{"start":{"line":235,"column":8},"end":{"line":237,"column":9}},"134":{"start":{"line":236,"column":10},"end":{"line":236,"column":39}},"135":{"start":{"line":239,"column":8},"end":{"line":239,"column":15}},"136":{"start":{"line":242,"column":4},"end":{"line":255,"column":7}},"137":{"start":{"line":243,"column":26},"end":{"line":243,"column":34}},"138":{"start":{"line":245,"column":6},"end":{"line":254,"column":9}},"139":{"start":{"line":248,"column":19},"end":{"line":248,"column":27}},"140":{"start":{"line":249,"column":8},"end":{"line":249,"column":46}},"141":{"start":{"line":250,"column":8},"end":{"line":250,"column":40}},"142":{"start":{"line":251,"column":8},"end":{"line":251,"column":58}},"143":{"start":{"line":252,"column":8},"end":{"line":252,"column":55}},"144":{"start":{"line":253,"column":8},"end":{"line":253,"column":15}},"145":{"start":{"line":256,"column":4},"end":{"line":266,"column":7}},"146":{"start":{"line":257,"column":26},"end":{"line":257,"column":37}},"147":{"start":{"line":259,"column":6},"end":{"line":265,"column":9}},"148":{"start":{"line":260,"column":19},"end":{"line":260,"column":27}},"149":{"start":{"line":261,"column":8},"end":{"line":261,"column":46}},"150":{"start":{"line":262,"column":8},"end":{"line":262,"column":40}},"151":{"start":{"line":263,"column":8},"end":{"line":263,"column":61}},"152":{"start":{"line":264,"column":8},"end":{"line":264,"column":15}},"153":{"start":{"line":268,"column":2},"end":{"line":291,"column":5}},"154":{"start":{"line":269,"column":4},"end":{"line":279,"column":7}},"155":{"start":{"line":270,"column":26},"end":{"line":270,"column":40}},"156":{"start":{"line":272,"column":6},"end":{"line":278,"column":9}},"157":{"start":{"line":273,"column":19},"end":{"line":273,"column":27}},"158":{"start":{"line":274,"column":8},"end":{"line":274,"column":46}},"159":{"start":{"line":275,"column":8},"end":{"line":275,"column":40}},"160":{"start":{"line":276,"column":8},"end":{"line":276,"column":87}},"161":{"start":{"line":277,"column":8},"end":{"line":277,"column":15}},"162":{"start":{"line":280,"column":4},"end":{"line":290,"column":7}},"163":{"start":{"line":281,"column":26},"end":{"line":281,"column":39}},"164":{"start":{"line":283,"column":6},"end":{"line":289,"column":9}},"165":{"start":{"line":284,"column":19},"end":{"line":284,"column":27}},"166":{"start":{"line":285,"column":8},"end":{"line":285,"column":46}},"167":{"start":{"line":286,"column":8},"end":{"line":286,"column":40}},"168":{"start":{"line":287,"column":8},"end":{"line":287,"column":61}},"169":{"start":{"line":288,"column":8},"end":{"line":288,"column":15}},"170":{"start":{"line":292,"column":2},"end":{"line":308,"column":5}},"171":{"start":{"line":293,"column":25},"end":{"line":296,"column":5}},"172":{"start":{"line":298,"column":4},"end":{"line":307,"column":7}},"173":{"start":{"line":299,"column":17},"end":{"line":299,"column":25}},"174":{"start":{"line":300,"column":6},"end":{"line":300,"column":44}},"175":{"start":{"line":302,"column":6},"end":{"line":304,"column":7}},"176":{"start":{"line":303,"column":8},"end":{"line":303,"column":39}},"177":{"start":{"line":306,"column":6},"end":{"line":306,"column":13}},"178":{"start":{"line":309,"column":2},"end":{"line":322,"column":5}},"179":{"start":{"line":310,"column":24},"end":{"line":310,"column":32}},"180":{"start":{"line":312,"column":4},"end":{"line":321,"column":7}},"181":{"start":{"line":315,"column":17},"end":{"line":315,"column":25}},"182":{"start":{"line":316,"column":6},"end":{"line":316,"column":44}},"183":{"start":{"line":317,"column":6},"end":{"line":317,"column":38}},"184":{"start":{"line":318,"column":6},"end":{"line":318,"column":56}},"185":{"start":{"line":319,"column":6},"end":{"line":319,"column":53}},"186":{"start":{"line":320,"column":6},"end":{"line":320,"column":13}},"187":{"start":{"line":323,"column":2},"end":{"line":359,"column":5}},"188":{"start":{"line":324,"column":4},"end":{"line":340,"column":7}},"189":{"start":{"line":325,"column":17},"end":{"line":328,"column":7}},"190":{"start":{"line":330,"column":6},"end":{"line":339,"column":9}},"191":{"start":{"line":331,"column":19},"end":{"line":331,"column":27}},"192":{"start":{"line":332,"column":8},"end":{"line":332,"column":46}},"193":{"start":{"line":334,"column":8},"end":{"line":336,"column":9}},"194":{"start":{"line":335,"column":10},"end":{"line":335,"column":38}},"195":{"start":{"line":338,"column":8},"end":{"line":338,"column":15}},"196":{"start":{"line":341,"column":4},"end":{"line":349,"column":7}},"197":{"start":{"line":342,"column":26},"end":{"line":342,"column":35}},"198":{"start":{"line":344,"column":6},"end":{"line":348,"column":9}},"199":{"start":{"line":345,"column":8},"end":{"line":345,"column":50}},"200":{"start":{"line":346,"column":8},"end":{"line":346,"column":65}},"201":{"start":{"line":347,"column":8},"end":{"line":347,"column":15}},"202":{"start":{"line":350,"column":4},"end":{"line":358,"column":7}},"203":{"start":{"line":351,"column":26},"end":{"line":351,"column":34}},"204":{"start":{"line":353,"column":6},"end":{"line":357,"column":9}},"205":{"start":{"line":354,"column":8},"end":{"line":354,"column":50}},"206":{"start":{"line":355,"column":8},"end":{"line":355,"column":48}},"207":{"start":{"line":356,"column":8},"end":{"line":356,"column":15}},"208":{"start":{"line":360,"column":2},"end":{"line":396,"column":5}},"209":{"start":{"line":361,"column":4},"end":{"line":377,"column":7}},"210":{"start":{"line":362,"column":17},"end":{"line":365,"column":7}},"211":{"start":{"line":367,"column":6},"end":{"line":376,"column":9}},"212":{"start":{"line":368,"column":19},"end":{"line":368,"column":27}},"213":{"start":{"line":369,"column":8},"end":{"line":369,"column":46}},"214":{"start":{"line":371,"column":8},"end":{"line":373,"column":9}},"215":{"start":{"line":372,"column":10},"end":{"line":372,"column":38}},"216":{"start":{"line":375,"column":8},"end":{"line":375,"column":15}},"217":{"start":{"line":378,"column":4},"end":{"line":386,"column":7}},"218":{"start":{"line":379,"column":26},"end":{"line":379,"column":35}},"219":{"start":{"line":381,"column":6},"end":{"line":385,"column":9}},"220":{"start":{"line":382,"column":8},"end":{"line":382,"column":50}},"221":{"start":{"line":383,"column":8},"end":{"line":383,"column":65}},"222":{"start":{"line":384,"column":8},"end":{"line":384,"column":15}},"223":{"start":{"line":387,"column":4},"end":{"line":395,"column":7}},"224":{"start":{"line":388,"column":26},"end":{"line":388,"column":34}},"225":{"start":{"line":390,"column":6},"end":{"line":394,"column":9}},"226":{"start":{"line":391,"column":8},"end":{"line":391,"column":50}},"227":{"start":{"line":392,"column":8},"end":{"line":392,"column":49}},"228":{"start":{"line":393,"column":8},"end":{"line":393,"column":15}},"229":{"start":{"line":397,"column":2},"end":{"line":405,"column":5}},"230":{"start":{"line":398,"column":4},"end":{"line":404,"column":7}},"231":{"start":{"line":399,"column":6},"end":{"line":403,"column":9}},"232":{"start":{"line":400,"column":8},"end":{"line":400,"column":50}},"233":{"start":{"line":401,"column":8},"end":{"line":401,"column":91}},"234":{"start":{"line":402,"column":8},"end":{"line":402,"column":15}},"235":{"start":{"line":406,"column":2},"end":{"line":414,"column":5}},"236":{"start":{"line":407,"column":4},"end":{"line":413,"column":7}},"237":{"start":{"line":408,"column":6},"end":{"line":412,"column":9}},"238":{"start":{"line":409,"column":8},"end":{"line":409,"column":50}},"239":{"start":{"line":410,"column":8},"end":{"line":410,"column":48}},"240":{"start":{"line":411,"column":8},"end":{"line":411,"column":15}},"241":{"start":{"line":415,"column":2},"end":{"line":430,"column":5}},"242":{"start":{"line":416,"column":4},"end":{"line":422,"column":7}},"243":{"start":{"line":417,"column":6},"end":{"line":421,"column":9}},"244":{"start":{"line":418,"column":8},"end":{"line":418,"column":50}},"245":{"start":{"line":419,"column":8},"end":{"line":419,"column":79}},"246":{"start":{"line":420,"column":8},"end":{"line":420,"column":15}},"247":{"start":{"line":423,"column":4},"end":{"line":429,"column":7}},"248":{"start":{"line":424,"column":6},"end":{"line":428,"column":9}},"249":{"start":{"line":425,"column":8},"end":{"line":425,"column":50}},"250":{"start":{"line":426,"column":8},"end":{"line":426,"column":61}},"251":{"start":{"line":427,"column":8},"end":{"line":427,"column":15}}},"fnMap":{"0":{"name":"_interopRequireDefault","decl":{"start":{"line":9,"column":9},"end":{"line":9,"column":31}},"loc":{"start":{"line":9,"column":37},"end":{"line":9,"column":97}},"line":9},"1":{"name":"(anonymous_1)","decl":{"start":{"line":21,"column":53},"end":{"line":21,"column":54}},"loc":{"start":{"line":21,"column":65},"end":{"line":177,"column":1}},"line":21},"2":{"name":"(anonymous_2)","decl":{"start":{"line":22,"column":9},"end":{"line":22,"column":10}},"loc":{"start":{"line":22,"column":25},"end":{"line":38,"column":3}},"line":22},"3":{"name":"(anonymous_3)","decl":{"start":{"line":28,"column":89},"end":{"line":28,"column":90}},"loc":{"start":{"line":28,"column":109},"end":{"line":37,"column":5}},"line":28},"4":{"name":"(anonymous_4)","decl":{"start":{"line":39,"column":35},"end":{"line":39,"column":36}},"loc":{"start":{"line":39,"column":47},"end":{"line":52,"column":3}},"line":39},"5":{"name":"(anonymous_5)","decl":{"start":{"line":40,"column":67},"end":{"line":40,"column":68}},"loc":{"start":{"line":40,"column":83},"end":{"line":51,"column":5}},"line":40},"6":{"name":"(anonymous_6)","decl":{"start":{"line":44,"column":13},"end":{"line":44,"column":14}},"loc":{"start":{"line":44,"column":33},"end":{"line":50,"column":7}},"line":44},"7":{"name":"(anonymous_7)","decl":{"start":{"line":53,"column":45},"end":{"line":53,"column":46}},"loc":{"start":{"line":53,"column":57},"end":{"line":110,"column":3}},"line":53},"8":{"name":"(anonymous_8)","decl":{"start":{"line":54,"column":67},"end":{"line":54,"column":68}},"loc":{"start":{"line":54,"column":83},"end":{"line":66,"column":5}},"line":54},"9":{"name":"(anonymous_9)","decl":{"start":{"line":59,"column":13},"end":{"line":59,"column":14}},"loc":{"start":{"line":59,"column":33},"end":{"line":65,"column":7}},"line":59},"10":{"name":"(anonymous_10)","decl":{"start":{"line":67,"column":35},"end":{"line":67,"column":36}},"loc":{"start":{"line":67,"column":51},"end":{"line":84,"column":5}},"line":67},"11":{"name":"(anonymous_11)","decl":{"start":{"line":74,"column":101},"end":{"line":74,"column":102}},"loc":{"start":{"line":74,"column":121},"end":{"line":83,"column":7}},"line":74},"12":{"name":"(anonymous_12)","decl":{"start":{"line":85,"column":63},"end":{"line":85,"column":64}},"loc":{"start":{"line":85,"column":79},"end":{"line":98,"column":5}},"line":85},"13":{"name":"(anonymous_13)","decl":{"start":{"line":90,"column":13},"end":{"line":90,"column":14}},"loc":{"start":{"line":90,"column":33},"end":{"line":97,"column":7}},"line":90},"14":{"name":"(anonymous_14)","decl":{"start":{"line":99,"column":78},"end":{"line":99,"column":79}},"loc":{"start":{"line":99,"column":94},"end":{"line":109,"column":5}},"line":99},"15":{"name":"(anonymous_15)","decl":{"start":{"line":102,"column":135},"end":{"line":102,"column":136}},"loc":{"start":{"line":102,"column":155},"end":{"line":108,"column":7}},"line":102},"16":{"name":"(anonymous_16)","decl":{"start":{"line":111,"column":46},"end":{"line":111,"column":47}},"loc":{"start":{"line":111,"column":58},"end":{"line":145,"column":3}},"line":111},"17":{"name":"(anonymous_17)","decl":{"start":{"line":112,"column":76},"end":{"line":112,"column":77}},"loc":{"start":{"line":112,"column":92},"end":{"line":122,"column":5}},"line":112},"18":{"name":"(anonymous_18)","decl":{"start":{"line":115,"column":138},"end":{"line":115,"column":139}},"loc":{"start":{"line":115,"column":158},"end":{"line":121,"column":7}},"line":115},"19":{"name":"(anonymous_19)","decl":{"start":{"line":123,"column":68},"end":{"line":123,"column":69}},"loc":{"start":{"line":123,"column":84},"end":{"line":133,"column":5}},"line":123},"20":{"name":"(anonymous_20)","decl":{"start":{"line":126,"column":139},"end":{"line":126,"column":140}},"loc":{"start":{"line":126,"column":159},"end":{"line":132,"column":7}},"line":126},"21":{"name":"(anonymous_21)","decl":{"start":{"line":134,"column":73},"end":{"line":134,"column":74}},"loc":{"start":{"line":134,"column":89},"end":{"line":144,"column":5}},"line":134},"22":{"name":"(anonymous_22)","decl":{"start":{"line":137,"column":139},"end":{"line":137,"column":140}},"loc":{"start":{"line":137,"column":159},"end":{"line":143,"column":7}},"line":137},"23":{"name":"(anonymous_23)","decl":{"start":{"line":146,"column":32},"end":{"line":146,"column":33}},"loc":{"start":{"line":146,"column":48},"end":{"line":162,"column":3}},"line":146},"24":{"name":"(anonymous_24)","decl":{"start":{"line":152,"column":99},"end":{"line":152,"column":100}},"loc":{"start":{"line":152,"column":119},"end":{"line":161,"column":5}},"line":152},"25":{"name":"(anonymous_25)","decl":{"start":{"line":163,"column":61},"end":{"line":163,"column":62}},"loc":{"start":{"line":163,"column":77},"end":{"line":176,"column":3}},"line":163},"26":{"name":"(anonymous_26)","decl":{"start":{"line":168,"column":11},"end":{"line":168,"column":12}},"loc":{"start":{"line":168,"column":31},"end":{"line":175,"column":5}},"line":168},"27":{"name":"(anonymous_27)","decl":{"start":{"line":178,"column":53},"end":{"line":178,"column":54}},"loc":{"start":{"line":178,"column":65},"end":{"line":431,"column":1}},"line":178},"28":{"name":"(anonymous_28)","decl":{"start":{"line":179,"column":9},"end":{"line":179,"column":10}},"loc":{"start":{"line":179,"column":25},"end":{"line":195,"column":3}},"line":179},"29":{"name":"(anonymous_29)","decl":{"start":{"line":185,"column":89},"end":{"line":185,"column":90}},"loc":{"start":{"line":185,"column":109},"end":{"line":194,"column":5}},"line":185},"30":{"name":"(anonymous_30)","decl":{"start":{"line":196,"column":35},"end":{"line":196,"column":36}},"loc":{"start":{"line":196,"column":47},"end":{"line":209,"column":3}},"line":196},"31":{"name":"(anonymous_31)","decl":{"start":{"line":197,"column":67},"end":{"line":197,"column":68}},"loc":{"start":{"line":197,"column":83},"end":{"line":208,"column":5}},"line":197},"32":{"name":"(anonymous_32)","decl":{"start":{"line":201,"column":13},"end":{"line":201,"column":14}},"loc":{"start":{"line":201,"column":33},"end":{"line":207,"column":7}},"line":201},"33":{"name":"(anonymous_33)","decl":{"start":{"line":210,"column":45},"end":{"line":210,"column":46}},"loc":{"start":{"line":210,"column":57},"end":{"line":267,"column":3}},"line":210},"34":{"name":"(anonymous_34)","decl":{"start":{"line":211,"column":67},"end":{"line":211,"column":68}},"loc":{"start":{"line":211,"column":83},"end":{"line":223,"column":5}},"line":211},"35":{"name":"(anonymous_35)","decl":{"start":{"line":216,"column":13},"end":{"line":216,"column":14}},"loc":{"start":{"line":216,"column":33},"end":{"line":222,"column":7}},"line":216},"36":{"name":"(anonymous_36)","decl":{"start":{"line":224,"column":35},"end":{"line":224,"column":36}},"loc":{"start":{"line":224,"column":51},"end":{"line":241,"column":5}},"line":224},"37":{"name":"(anonymous_37)","decl":{"start":{"line":231,"column":101},"end":{"line":231,"column":102}},"loc":{"start":{"line":231,"column":121},"end":{"line":240,"column":7}},"line":231},"38":{"name":"(anonymous_38)","decl":{"start":{"line":242,"column":63},"end":{"line":242,"column":64}},"loc":{"start":{"line":242,"column":79},"end":{"line":255,"column":5}},"line":242},"39":{"name":"(anonymous_39)","decl":{"start":{"line":247,"column":13},"end":{"line":247,"column":14}},"loc":{"start":{"line":247,"column":33},"end":{"line":254,"column":7}},"line":247},"40":{"name":"(anonymous_40)","decl":{"start":{"line":256,"column":78},"end":{"line":256,"column":79}},"loc":{"start":{"line":256,"column":94},"end":{"line":266,"column":5}},"line":256},"41":{"name":"(anonymous_41)","decl":{"start":{"line":259,"column":135},"end":{"line":259,"column":136}},"loc":{"start":{"line":259,"column":155},"end":{"line":265,"column":7}},"line":259},"42":{"name":"(anonymous_42)","decl":{"start":{"line":268,"column":46},"end":{"line":268,"column":47}},"loc":{"start":{"line":268,"column":58},"end":{"line":291,"column":3}},"line":268},"43":{"name":"(anonymous_43)","decl":{"start":{"line":269,"column":76},"end":{"line":269,"column":77}},"loc":{"start":{"line":269,"column":92},"end":{"line":279,"column":5}},"line":269},"44":{"name":"(anonymous_44)","decl":{"start":{"line":272,"column":138},"end":{"line":272,"column":139}},"loc":{"start":{"line":272,"column":158},"end":{"line":278,"column":7}},"line":272},"45":{"name":"(anonymous_45)","decl":{"start":{"line":280,"column":68},"end":{"line":280,"column":69}},"loc":{"start":{"line":280,"column":84},"end":{"line":290,"column":5}},"line":280},"46":{"name":"(anonymous_46)","decl":{"start":{"line":283,"column":139},"end":{"line":283,"column":140}},"loc":{"start":{"line":283,"column":159},"end":{"line":289,"column":7}},"line":283},"47":{"name":"(anonymous_47)","decl":{"start":{"line":292,"column":32},"end":{"line":292,"column":33}},"loc":{"start":{"line":292,"column":48},"end":{"line":308,"column":3}},"line":292},"48":{"name":"(anonymous_48)","decl":{"start":{"line":298,"column":99},"end":{"line":298,"column":100}},"loc":{"start":{"line":298,"column":119},"end":{"line":307,"column":5}},"line":298},"49":{"name":"(anonymous_49)","decl":{"start":{"line":309,"column":61},"end":{"line":309,"column":62}},"loc":{"start":{"line":309,"column":77},"end":{"line":322,"column":3}},"line":309},"50":{"name":"(anonymous_50)","decl":{"start":{"line":314,"column":11},"end":{"line":314,"column":12}},"loc":{"start":{"line":314,"column":31},"end":{"line":321,"column":5}},"line":314},"51":{"name":"(anonymous_51)","decl":{"start":{"line":323,"column":61},"end":{"line":323,"column":62}},"loc":{"start":{"line":323,"column":73},"end":{"line":359,"column":3}},"line":323},"52":{"name":"(anonymous_52)","decl":{"start":{"line":324,"column":11},"end":{"line":324,"column":12}},"loc":{"start":{"line":324,"column":27},"end":{"line":340,"column":5}},"line":324},"53":{"name":"(anonymous_53)","decl":{"start":{"line":330,"column":91},"end":{"line":330,"column":92}},"loc":{"start":{"line":330,"column":111},"end":{"line":339,"column":7}},"line":330},"54":{"name":"(anonymous_54)","decl":{"start":{"line":341,"column":69},"end":{"line":341,"column":70}},"loc":{"start":{"line":341,"column":85},"end":{"line":349,"column":5}},"line":341},"55":{"name":"(anonymous_55)","decl":{"start":{"line":344,"column":149},"end":{"line":344,"column":150}},"loc":{"start":{"line":344,"column":169},"end":{"line":348,"column":7}},"line":344},"56":{"name":"(anonymous_56)","decl":{"start":{"line":350,"column":76},"end":{"line":350,"column":77}},"loc":{"start":{"line":350,"column":92},"end":{"line":358,"column":5}},"line":350},"57":{"name":"(anonymous_57)","decl":{"start":{"line":353,"column":149},"end":{"line":353,"column":150}},"loc":{"start":{"line":353,"column":169},"end":{"line":357,"column":7}},"line":353},"58":{"name":"(anonymous_58)","decl":{"start":{"line":360,"column":48},"end":{"line":360,"column":49}},"loc":{"start":{"line":360,"column":60},"end":{"line":396,"column":3}},"line":360},"59":{"name":"(anonymous_59)","decl":{"start":{"line":361,"column":11},"end":{"line":361,"column":12}},"loc":{"start":{"line":361,"column":27},"end":{"line":377,"column":5}},"line":361},"60":{"name":"(anonymous_60)","decl":{"start":{"line":367,"column":91},"end":{"line":367,"column":92}},"loc":{"start":{"line":367,"column":111},"end":{"line":376,"column":7}},"line":367},"61":{"name":"(anonymous_61)","decl":{"start":{"line":378,"column":69},"end":{"line":378,"column":70}},"loc":{"start":{"line":378,"column":85},"end":{"line":386,"column":5}},"line":378},"62":{"name":"(anonymous_62)","decl":{"start":{"line":381,"column":132},"end":{"line":381,"column":133}},"loc":{"start":{"line":381,"column":152},"end":{"line":385,"column":7}},"line":381},"63":{"name":"(anonymous_63)","decl":{"start":{"line":387,"column":76},"end":{"line":387,"column":77}},"loc":{"start":{"line":387,"column":92},"end":{"line":395,"column":5}},"line":387},"64":{"name":"(anonymous_64)","decl":{"start":{"line":390,"column":132},"end":{"line":390,"column":133}},"loc":{"start":{"line":390,"column":152},"end":{"line":394,"column":7}},"line":390},"65":{"name":"(anonymous_65)","decl":{"start":{"line":397,"column":34},"end":{"line":397,"column":35}},"loc":{"start":{"line":397,"column":46},"end":{"line":405,"column":3}},"line":397},"66":{"name":"(anonymous_66)","decl":{"start":{"line":398,"column":85},"end":{"line":398,"column":86}},"loc":{"start":{"line":398,"column":101},"end":{"line":404,"column":5}},"line":398},"67":{"name":"(anonymous_67)","decl":{"start":{"line":399,"column":109},"end":{"line":399,"column":110}},"loc":{"start":{"line":399,"column":129},"end":{"line":403,"column":7}},"line":399},"68":{"name":"(anonymous_68)","decl":{"start":{"line":406,"column":34},"end":{"line":406,"column":35}},"loc":{"start":{"line":406,"column":46},"end":{"line":414,"column":3}},"line":406},"69":{"name":"(anonymous_69)","decl":{"start":{"line":407,"column":63},"end":{"line":407,"column":64}},"loc":{"start":{"line":407,"column":79},"end":{"line":413,"column":5}},"line":407},"70":{"name":"(anonymous_70)","decl":{"start":{"line":408,"column":112},"end":{"line":408,"column":113}},"loc":{"start":{"line":408,"column":132},"end":{"line":412,"column":7}},"line":408},"71":{"name":"(anonymous_71)","decl":{"start":{"line":415,"column":34},"end":{"line":415,"column":35}},"loc":{"start":{"line":415,"column":46},"end":{"line":430,"column":3}},"line":415},"72":{"name":"(anonymous_72)","decl":{"start":{"line":416,"column":62},"end":{"line":416,"column":63}},"loc":{"start":{"line":416,"column":78},"end":{"line":422,"column":5}},"line":416},"73":{"name":"(anonymous_73)","decl":{"start":{"line":417,"column":102},"end":{"line":417,"column":103}},"loc":{"start":{"line":417,"column":122},"end":{"line":421,"column":7}},"line":417},"74":{"name":"(anonymous_74)","decl":{"start":{"line":423,"column":65},"end":{"line":423,"column":66}},"loc":{"start":{"line":423,"column":81},"end":{"line":429,"column":5}},"line":423},"75":{"name":"(anonymous_75)","decl":{"start":{"line":424,"column":148},"end":{"line":424,"column":149}},"loc":{"start":{"line":424,"column":168},"end":{"line":428,"column":7}},"line":424}},"branchMap":{"0":{"loc":{"start":{"line":9,"column":46},"end":{"line":9,"column":94}},"type":"cond-expr","locations":[{"start":{"line":9,"column":70},"end":{"line":9,"column":73}},{"start":{"line":9,"column":76},"end":{"line":9,"column":94}}],"line":9},"1":{"loc":{"start":{"line":9,"column":46},"end":{"line":9,"column":67}},"type":"binary-expr","locations":[{"start":{"line":9,"column":46},"end":{"line":9,"column":49}},{"start":{"line":9,"column":53},"end":{"line":9,"column":67}}],"line":9},"2":{"loc":{"start":{"line":32,"column":6},"end":{"line":34,"column":7}},"type":"if","locations":[{"start":{"line":32,"column":6},"end":{"line":34,"column":7}},{"start":{"line":32,"column":6},"end":{"line":34,"column":7}}],"line":32},"3":{"loc":{"start":{"line":78,"column":8},"end":{"line":80,"column":9}},"type":"if","locations":[{"start":{"line":78,"column":8},"end":{"line":80,"column":9}},{"start":{"line":78,"column":8},"end":{"line":80,"column":9}}],"line":78},"4":{"loc":{"start":{"line":156,"column":6},"end":{"line":158,"column":7}},"type":"if","locations":[{"start":{"line":156,"column":6},"end":{"line":158,"column":7}},{"start":{"line":156,"column":6},"end":{"line":158,"column":7}}],"line":156},"5":{"loc":{"start":{"line":189,"column":6},"end":{"line":191,"column":7}},"type":"if","locations":[{"start":{"line":189,"column":6},"end":{"line":191,"column":7}},{"start":{"line":189,"column":6},"end":{"line":191,"column":7}}],"line":189},"6":{"loc":{"start":{"line":235,"column":8},"end":{"line":237,"column":9}},"type":"if","locations":[{"start":{"line":235,"column":8},"end":{"line":237,"column":9}},{"start":{"line":235,"column":8},"end":{"line":237,"column":9}}],"line":235},"7":{"loc":{"start":{"line":302,"column":6},"end":{"line":304,"column":7}},"type":"if","locations":[{"start":{"line":302,"column":6},"end":{"line":304,"column":7}},{"start":{"line":302,"column":6},"end":{"line":304,"column":7}}],"line":302},"8":{"loc":{"start":{"line":334,"column":8},"end":{"line":336,"column":9}},"type":"if","locations":[{"start":{"line":334,"column":8},"end":{"line":336,"column":9}},{"start":{"line":334,"column":8},"end":{"line":336,"column":9}}],"line":334},"9":{"loc":{"start":{"line":371,"column":8},"end":{"line":373,"column":9}},"type":"if","locations":[{"start":{"line":371,"column":8},"end":{"line":373,"column":9}},{"start":{"line":371,"column":8},"end":{"line":373,"column":9}}],"line":371}},"s":{"0":1,"1":1,"2":1,"3":3,"4":1,"5":1,"6":1,"7":1,"8":1,"9":1,"10":1,"11":1,"12":1,"13":1,"14":1,"15":1,"16":1,"17":1,"18":1,"19":1,"20":1,"21":1,"22":1,"23":1,"24":1,"25":1,"26":1,"27":1,"28":1,"29":1,"30":1,"31":1,"32":1,"33":1,"34":1,"35":1,"36":1,"37":1,"38":1,"39":1,"40":1,"41":1,"42":1,"43":1,"44":1,"45":1,"46":1,"47":1,"48":1,"49":1,"50":1,"51":1,"52":1,"53":1,"54":1,"55":1,"56":1,"57":1,"58":1,"59":1,"60":1,"61":1,"62":1,"63":1,"64":1,"65":1,"66":1,"67":1,"68":1,"69":1,"70":1,"71":1,"72":1,"73":1,"74":1,"75":1,"76":1,"77":1,"78":1,"79":1,"80":1,"81":1,"82":1,"83":1,"84":1,"85":1,"86":1,"87":1,"88":1,"89":1,"90":1,"91":1,"92":1,"93":1,"94":1,"95":1,"96":1,"97":1,"98":1,"99":1,"100":1,"101":1,"102":1,"103":1,"104":1,"105":1,"106":1,"107":1,"108":1,"109":1,"110":1,"111":1,"112":1,"113":1,"114":1,"115":1,"116":1,"117":1,"118":1,"119":1,"120":1,"121":1,"122":1,"123":1,"124":1,"125":1,"126":1,"127":1,"128":1,"129":1,"130":1,"131":1,"132":1,"133":1,"134":1,"135":1,"136":1,"137":1,"138":1,"139":1,"140":1,"141":1,"142":1,"143":1,"144":1,"145":1,"146":1,"147":1,"148":1,"149":1,"150":1,"151":1,"152":1,"153":1,"154":1,"155":1,"156":1,"157":1,"158":1,"159":1,"160":1,"161":1,"162":1,"163":1,"164":1,"165":1,"166":1,"167":1,"168":1,"169":1,"170":1,"171":1,"172":1,"173":1,"174":1,"175":1,"176":1,"177":1,"178":1,"179":1,"180":1,"181":1,"182":1,"183":1,"184":1,"185":1,"186":1,"187":1,"188":1,"189":1,"190":1,"191":1,"192":1,"193":1,"194":1,"195":1,"196":1,"197":1,"198":1,"199":1,"200":1,"201":1,"202":1,"203":1,"204":1,"205":1,"206":1,"207":1,"208":1,"209":1,"210":1,"211":1,"212":1,"213":1,"214":1,"215":1,"216":1,"217":1,"218":1,"219":1,"220":1,"221":1,"222":1,"223":1,"224":1,"225":1,"226":1,"227":1,"228":1,"229":1,"230":1,"231":1,"232":1,"233":1,"234":1,"235":1,"236":1,"237":1,"238":1,"239":1,"240":1,"241":1,"242":1,"243":1,"244":1,"245":1,"246":1,"247":1,"248":1,"249":1,"250":1,"251":1},"f":{"0":3,"1":1,"2":1,"3":1,"4":1,"5":1,"6":1,"7":1,"8":1,"9":1,"10":1,"11":1,"12":1,"13":1,"14":1,"15":1,"16":1,"17":1,"18":1,"19":1,"20":1,"21":1,"22":1,"23":1,"24":1,"25":1,"26":1,"27":1,"28":1,"29":1,"30":1,"31":1,"32":1,"33":1,"34":1,"35":1,"36":1,"37":1,"38":1,"39":1,"40":1,"41":1,"42":1,"43":1,"44":1,"45":1,"46":1,"47":1,"48":1,"49":1,"50":1,"51":1,"52":1,"53":1,"54":1,"55":1,"56":1,"57":1,"58":1,"59":1,"60":1,"61":1,"62":1,"63":1,"64":1,"65":1,"66":1,"67":1,"68":1,"69":1,"70":1,"71":1,"72":1,"73":1,"74":1,"75":1},"b":{"0":[1,2],"1":[3,3],"2":[1,0],"3":[1,0],"4":[1,0],"5":[1,0],"6":[1,0],"7":[1,0],"8":[1,0],"9":[1,0]},"_coverageSchema":"43e27e138ebf9cfc5966b082cf9a028302ed4184","hash":"cb2a3b3f63ede775136c91d8c5d2c242908dfcc6","contentHash":"a109de9da83a6ad668bbdaa82e95436e2468241000d8660b0119597c1a23a5ed"},"C:\\Users\\User\\Pictures\\Banka-Project\\Server\\app.js":{"path":"C:\\Users\\User\\Pictures\\Banka-Project\\Server\\app.js","statementMap":{"0":{"start":{"line":3,"column":0},"end":{"line":5,"column":3}},"1":{"start":{"line":6,"column":0},"end":{"line":6,"column":28}},"2":{"start":{"line":8,"column":0},"end":{"line":8,"column":27}},"3":{"start":{"line":10,"column":15},"end":{"line":10,"column":57}},"4":{"start":{"line":12,"column":18},"end":{"line":12,"column":64}},"5":{"start":{"line":14,"column":14},"end":{"line":14,"column":55}},"6":{"start":{"line":16,"column":14},"end":{"line":16,"column":55}},"7":{"start":{"line":18,"column":12},"end":{"line":18,"column":51}},"8":{"start":{"line":20,"column":24},"end":{"line":20,"column":77}},"9":{"start":{"line":22,"column":12},"end":{"line":22,"column":60}},"10":{"start":{"line":24,"column":16},"end":{"line":24,"column":68}},"11":{"start":{"line":26,"column":20},"end":{"line":26,"column":76}},"12":{"start":{"line":28,"column":13},"end":{"line":28,"column":63}},"13":{"start":{"line":30,"column":17},"end":{"line":30,"column":71}},"14":{"start":{"line":32,"column":21},"end":{"line":32,"column":79}},"15":{"start":{"line":34,"column":12},"end":{"line":34,"column":60}},"16":{"start":{"line":36,"column":39},"end":{"line":36,"column":95}},"17":{"start":{"line":38,"column":10},"end":{"line":38,"column":36}},"18":{"start":{"line":39,"column":0},"end":{"line":39,"column":33}},"19":{"start":{"line":41,"column":0},"end":{"line":41,"column":28}},"20":{"start":{"line":43,"column":17},"end":{"line":43,"column":82}},"21":{"start":{"line":45,"column":0},"end":{"line":45,"column":105}},"22":{"start":{"line":46,"column":0},"end":{"line":46,"column":36}},"23":{"start":{"line":47,"column":0},"end":{"line":47,"column":39}},"24":{"start":{"line":49,"column":0},"end":{"line":53,"column":3}},"25":{"start":{"line":50,"column":2},"end":{"line":52,"column":5}},"26":{"start":{"line":54,"column":0},"end":{"line":56,"column":4}},"27":{"start":{"line":57,"column":0},"end":{"line":57,"column":42}},"28":{"start":{"line":58,"column":0},"end":{"line":58,"column":50}},"29":{"start":{"line":59,"column":0},"end":{"line":59,"column":58}},"30":{"start":{"line":60,"column":0},"end":{"line":60,"column":43}},"31":{"start":{"line":61,"column":0},"end":{"line":61,"column":51}},"32":{"start":{"line":62,"column":0},"end":{"line":62,"column":59}},"33":{"start":{"line":63,"column":0},"end":{"line":63,"column":42}},"34":{"start":{"line":65,"column":0},"end":{"line":70,"column":3}},"35":{"start":{"line":66,"column":2},"end":{"line":69,"column":5}},"36":{"start":{"line":72,"column":0},"end":{"line":81,"column":3}},"37":{"start":{"line":73,"column":2},"end":{"line":73,"column":34}},"38":{"start":{"line":74,"column":2},"end":{"line":79,"column":5}},"39":{"start":{"line":80,"column":2},"end":{"line":80,"column":9}},"40":{"start":{"line":82,"column":11},"end":{"line":82,"column":35}},"41":{"start":{"line":83,"column":0},"end":{"line":85,"column":3}},"42":{"start":{"line":84,"column":2},"end":{"line":84,"column":53}},"43":{"start":{"line":86,"column":15},"end":{"line":86,"column":18}},"44":{"start":{"line":87,"column":0},"end":{"line":87,"column":30}}},"fnMap":{"0":{"name":"_interopRequireDefault","decl":{"start":{"line":36,"column":9},"end":{"line":36,"column":31}},"loc":{"start":{"line":36,"column":37},"end":{"line":36,"column":97}},"line":36},"1":{"name":"(anonymous_1)","decl":{"start":{"line":49,"column":13},"end":{"line":49,"column":14}},"loc":{"start":{"line":49,"column":33},"end":{"line":53,"column":1}},"line":49},"2":{"name":"(anonymous_2)","decl":{"start":{"line":65,"column":13},"end":{"line":65,"column":14}},"loc":{"start":{"line":65,"column":33},"end":{"line":70,"column":1}},"line":65},"3":{"name":"(anonymous_3)","decl":{"start":{"line":72,"column":8},"end":{"line":72,"column":9}},"loc":{"start":{"line":72,"column":41},"end":{"line":81,"column":1}},"line":72},"4":{"name":"(anonymous_4)","decl":{"start":{"line":83,"column":17},"end":{"line":83,"column":18}},"loc":{"start":{"line":83,"column":29},"end":{"line":85,"column":1}},"line":83}},"branchMap":{"0":{"loc":{"start":{"line":36,"column":46},"end":{"line":36,"column":94}},"type":"cond-expr","locations":[{"start":{"line":36,"column":70},"end":{"line":36,"column":73}},{"start":{"line":36,"column":76},"end":{"line":36,"column":94}}],"line":36},"1":{"loc":{"start":{"line":36,"column":46},"end":{"line":36,"column":67}},"type":"binary-expr","locations":[{"start":{"line":36,"column":46},"end":{"line":36,"column":49}},{"start":{"line":36,"column":53},"end":{"line":36,"column":67}}],"line":36},"2":{"loc":{"start":{"line":73,"column":13},"end":{"line":73,"column":32}},"type":"binary-expr","locations":[{"start":{"line":73,"column":13},"end":{"line":73,"column":25}},{"start":{"line":73,"column":29},"end":{"line":73,"column":32}}],"line":73},"3":{"loc":{"start":{"line":75,"column":12},"end":{"line":75,"column":31}},"type":"binary-expr","locations":[{"start":{"line":75,"column":12},"end":{"line":75,"column":24}},{"start":{"line":75,"column":28},"end":{"line":75,"column":31}}],"line":75},"4":{"loc":{"start":{"line":82,"column":11},"end":{"line":82,"column":35}},"type":"binary-expr","locations":[{"start":{"line":82,"column":11},"end":{"line":82,"column":27}},{"start":{"line":82,"column":31},"end":{"line":82,"column":35}}],"line":82}},"s":{"0":1,"1":1,"2":1,"3":1,"4":1,"5":1,"6":1,"7":1,"8":1,"9":1,"10":1,"11":1,"12":1,"13":1,"14":1,"15":1,"16":13,"17":1,"18":1,"19":1,"20":1,"21":1,"22":1,"23":1,"24":1,"25":0,"26":1,"27":1,"28":1,"29":1,"30":1,"31":1,"32":1,"33":1,"34":1,"35":1,"36":1,"37":1,"38":1,"39":0,"40":1,"41":1,"42":1,"43":1,"44":1},"f":{"0":13,"1":0,"2":1,"3":1,"4":1},"b":{"0":[7,6],"1":[13,13],"2":[1,1],"3":[1,1],"4":[1,0]},"_coverageSchema":"43e27e138ebf9cfc5966b082cf9a028302ed4184","hash":"1d49e16a3e1cea55627918d8ec2625425d9bfe57","contentHash":"e596f2246332115571592814b67f1dc7007e918d6b15d3a8697436f7bece399f"},"C:\\Users\\User\\Pictures\\Banka-Project\\Server\\routes\\auth.js":{"path":"C:\\Users\\User\\Pictures\\Banka-Project\\Server\\routes\\auth.js","statementMap":{"0":{"start":{"line":3,"column":0},"end":{"line":5,"column":3}},"1":{"start":{"line":6,"column":0},"end":{"line":6,"column":28}},"2":{"start":{"line":8,"column":15},"end":{"line":8,"column":57}},"3":{"start":{"line":10,"column":22},"end":{"line":10,"column":85}},"4":{"start":{"line":12,"column":39},"end":{"line":12,"column":95}},"5":{"start":{"line":14,"column":24},"end":{"line":14,"column":68}},"6":{"start":{"line":15,"column":12},"end":{"line":15,"column":44}},"7":{"start":{"line":17,"column":13},"end":{"line":17,"column":41}},"8":{"start":{"line":19,"column":0},"end":{"line":19,"column":42}},"9":{"start":{"line":20,"column":0},"end":{"line":20,"column":30}},"10":{"start":{"line":21,"column":15},"end":{"line":21,"column":21}},"11":{"start":{"line":22,"column":0},"end":{"line":22,"column":30}}},"fnMap":{"0":{"name":"_interopRequireDefault","decl":{"start":{"line":12,"column":9},"end":{"line":12,"column":31}},"loc":{"start":{"line":12,"column":37},"end":{"line":12,"column":97}},"line":12}},"branchMap":{"0":{"loc":{"start":{"line":12,"column":46},"end":{"line":12,"column":94}},"type":"cond-expr","locations":[{"start":{"line":12,"column":70},"end":{"line":12,"column":73}},{"start":{"line":12,"column":76},"end":{"line":12,"column":94}}],"line":12},"1":{"loc":{"start":{"line":12,"column":46},"end":{"line":12,"column":67}},"type":"binary-expr","locations":[{"start":{"line":12,"column":46},"end":{"line":12,"column":49}},{"start":{"line":12,"column":53},"end":{"line":12,"column":67}}],"line":12}},"s":{"0":1,"1":1,"2":1,"3":1,"4":2,"5":1,"6":1,"7":1,"8":1,"9":1,"10":1,"11":1},"f":{"0":2},"b":{"0":[1,1],"1":[2,2]},"_coverageSchema":"43e27e138ebf9cfc5966b082cf9a028302ed4184","hash":"a89ac3939751680d598241fadf2314e9217142a9","contentHash":"424a794c462d5fbc6c2638e313b2435f673dc841be8c0b2ef9f3535b77ca4b77"},"C:\\Users\\User\\Pictures\\Banka-Project\\Server\\Controller\\userController.js":{"path":"C:\\Users\\User\\Pictures\\Banka-Project\\Server\\Controller\\userController.js","statementMap":{"0":{"start":{"line":3,"column":0},"end":{"line":5,"column":3}},"1":{"start":{"line":6,"column":0},"end":{"line":6,"column":28}},"2":{"start":{"line":8,"column":16},"end":{"line":8,"column":59}},"3":{"start":{"line":10,"column":14},"end":{"line":10,"column":55}},"4":{"start":{"line":12,"column":17},"end":{"line":12,"column":75}},"5":{"start":{"line":14,"column":16},"end":{"line":14,"column":67}},"6":{"start":{"line":16,"column":14},"end":{"line":16,"column":65}},"7":{"start":{"line":18,"column":13},"end":{"line":18,"column":65}},"8":{"start":{"line":20,"column":39},"end":{"line":20,"column":95}},"9":{"start":{"line":22,"column":77},"end":{"line":22,"column":175}},"10":{"start":{"line":22,"column":94},"end":{"line":22,"column":107}},"11":{"start":{"line":22,"column":121},"end":{"line":22,"column":131}},"12":{"start":{"line":22,"column":151},"end":{"line":22,"column":165}},"13":{"start":{"line":22,"column":166},"end":{"line":22,"column":173}},"14":{"start":{"line":22,"column":176},"end":{"line":22,"column":263}},"15":{"start":{"line":22,"column":193},"end":{"line":22,"column":208}},"16":{"start":{"line":22,"column":218},"end":{"line":22,"column":261}},"17":{"start":{"line":24,"column":33},"end":{"line":24,"column":387}},"18":{"start":{"line":24,"column":65},"end":{"line":24,"column":69}},"19":{"start":{"line":24,"column":78},"end":{"line":24,"column":87}},"20":{"start":{"line":24,"column":89},"end":{"line":24,"column":384}},"21":{"start":{"line":24,"column":147},"end":{"line":24,"column":167}},"22":{"start":{"line":24,"column":193},"end":{"line":24,"column":264}},"23":{"start":{"line":24,"column":290},"end":{"line":24,"column":360}},"24":{"start":{"line":24,"column":363},"end":{"line":24,"column":380}},"25":{"start":{"line":26,"column":50},"end":{"line":26,"column":151}},"26":{"start":{"line":26,"column":92},"end":{"line":26,"column":149}},"27":{"start":{"line":28,"column":44},"end":{"line":28,"column":315}},"28":{"start":{"line":28,"column":57},"end":{"line":28,"column":58}},"29":{"start":{"line":28,"column":102},"end":{"line":28,"column":110}},"30":{"start":{"line":28,"column":112},"end":{"line":28,"column":167}},"31":{"start":{"line":28,"column":168},"end":{"line":28,"column":199}},"32":{"start":{"line":28,"column":200},"end":{"line":28,"column":254}},"33":{"start":{"line":28,"column":227},"end":{"line":28,"column":254}},"34":{"start":{"line":28,"column":255},"end":{"line":28,"column":313}},"35":{"start":{"line":30,"column":62},"end":{"line":30,"column":131}},"36":{"start":{"line":30,"column":78},"end":{"line":30,"column":131}},"37":{"start":{"line":30,"column":132},"end":{"line":30,"column":193}},"38":{"start":{"line":30,"column":149},"end":{"line":30,"column":193}},"39":{"start":{"line":30,"column":194},"end":{"line":30,"column":213}},"40":{"start":{"line":32,"column":0},"end":{"line":32,"column":28}},"41":{"start":{"line":34,"column":22},"end":{"line":34,"column":56}},"42":{"start":{"line":35,"column":18},"end":{"line":35,"column":48}},"43":{"start":{"line":36,"column":26},"end":{"line":36,"column":67}},"44":{"start":{"line":37,"column":12},"end":{"line":37,"column":38}},"45":{"start":{"line":41,"column":0},"end":{"line":445,"column":3}},"46":{"start":{"line":43,"column":4},"end":{"line":43,"column":42}},"47":{"start":{"line":46,"column":2},"end":{"line":442,"column":6}},"48":{"start":{"line":57,"column":17},"end":{"line":57,"column":25}},"49":{"start":{"line":59,"column":6},"end":{"line":63,"column":7}},"50":{"start":{"line":60,"column":8},"end":{"line":60,"column":24}},"51":{"start":{"line":61,"column":13},"end":{"line":63,"column":7}},"52":{"start":{"line":62,"column":8},"end":{"line":62,"column":23}},"53":{"start":{"line":66,"column":33},"end":{"line":66,"column":58}},"54":{"start":{"line":67,"column":18},"end":{"line":67,"column":44}},"55":{"start":{"line":70,"column":6},"end":{"line":75,"column":7}},"56":{"start":{"line":71,"column":8},"end":{"line":74,"column":11}},"57":{"start":{"line":77,"column":6},"end":{"line":118,"column":7}},"58":{"start":{"line":78,"column":19},"end":{"line":86,"column":9}},"59":{"start":{"line":88,"column":26},"end":{"line":88,"column":48}},"60":{"start":{"line":90,"column":8},"end":{"line":95,"column":9}},"61":{"start":{"line":91,"column":10},"end":{"line":94,"column":13}},"62":{"start":{"line":98,"column":20},"end":{"line":98,"column":37}},"63":{"start":{"line":99,"column":8},"end":{"line":99,"column":25}},"64":{"start":{"line":101,"column":8},"end":{"line":112,"column":11}},"65":{"start":{"line":114,"column":8},"end":{"line":117,"column":11}},"66":{"start":{"line":129,"column":27},"end":{"line":194,"column":9}},"67":{"start":{"line":134,"column":8},"end":{"line":193,"column":37}},"68":{"start":{"line":135,"column":10},"end":{"line":192,"column":11}},"69":{"start":{"line":136,"column":12},"end":{"line":191,"column":13}},"70":{"start":{"line":138,"column":16},"end":{"line":138,"column":34}},"71":{"start":{"line":140,"column":16},"end":{"line":142,"column":17}},"72":{"start":{"line":141,"column":18},"end":{"line":141,"column":34}},"73":{"start":{"line":144,"column":16},"end":{"line":146,"column":17}},"74":{"start":{"line":145,"column":18},"end":{"line":145,"column":33}},"75":{"start":{"line":148,"column":16},"end":{"line":148,"column":160}},"76":{"start":{"line":150,"column":16},"end":{"line":150,"column":151}},"77":{"start":{"line":151,"column":16},"end":{"line":151,"column":34}},"78":{"start":{"line":152,"column":16},"end":{"line":152,"column":69}},"79":{"start":{"line":155,"column":16},"end":{"line":155,"column":37}},"80":{"start":{"line":156,"column":16},"end":{"line":156,"column":33}},"81":{"start":{"line":157,"column":16},"end":{"line":157,"column":45}},"82":{"start":{"line":158,"column":16},"end":{"line":158,"column":35}},"83":{"start":{"line":159,"column":16},"end":{"line":159,"column":57}},"84":{"start":{"line":162,"column":16},"end":{"line":162,"column":35}},"85":{"start":{"line":163,"column":16},"end":{"line":163,"column":110}},"86":{"start":{"line":166,"column":16},"end":{"line":166,"column":38}},"87":{"start":{"line":167,"column":16},"end":{"line":178,"column":20}},"88":{"start":{"line":181,"column":16},"end":{"line":181,"column":35}},"89":{"start":{"line":182,"column":16},"end":{"line":182,"column":51}},"90":{"start":{"line":183,"column":16},"end":{"line":186,"column":20}},"91":{"start":{"line":190,"column":16},"end":{"line":190,"column":39}},"92":{"start":{"line":197,"column":8},"end":{"line":197,"column":53}},"93":{"start":{"line":200,"column":6},"end":{"line":200,"column":27}},"94":{"start":{"line":211,"column":17},"end":{"line":211,"column":25}},"95":{"start":{"line":212,"column":24},"end":{"line":215,"column":7}},"96":{"start":{"line":217,"column":6},"end":{"line":262,"column":7}},"97":{"start":{"line":218,"column":26},"end":{"line":218,"column":48}},"98":{"start":{"line":220,"column":8},"end":{"line":226,"column":9}},"99":{"start":{"line":221,"column":10},"end":{"line":225,"column":13}},"100":{"start":{"line":228,"column":20},"end":{"line":228,"column":37}},"101":{"start":{"line":229,"column":23},"end":{"line":229,"column":43}},"102":{"start":{"line":230,"column":23},"end":{"line":232,"column":10}},"103":{"start":{"line":231,"column":10},"end":{"line":231,"column":38}},"104":{"start":{"line":234,"column":29},"end":{"line":234,"column":77}},"105":{"start":{"line":236,"column":30},"end":{"line":236,"column":88}},"106":{"start":{"line":238,"column":8},"end":{"line":250,"column":9}},"107":{"start":{"line":239,"column":22},"end":{"line":239,"column":43}},"108":{"start":{"line":240,"column":10},"end":{"line":249,"column":13}},"109":{"start":{"line":252,"column":8},"end":{"line":256,"column":11}},"110":{"start":{"line":258,"column":8},"end":{"line":261,"column":11}},"111":{"start":{"line":273,"column":20},"end":{"line":327,"column":9}},"112":{"start":{"line":277,"column":8},"end":{"line":326,"column":38}},"113":{"start":{"line":278,"column":10},"end":{"line":325,"column":11}},"114":{"start":{"line":279,"column":12},"end":{"line":324,"column":13}},"115":{"start":{"line":281,"column":16},"end":{"line":281,"column":32}},"116":{"start":{"line":282,"column":16},"end":{"line":282,"column":35}},"117":{"start":{"line":283,"column":16},"end":{"line":283,"column":35}},"118":{"start":{"line":284,"column":16},"end":{"line":284,"column":107}},"119":{"start":{"line":287,"column":16},"end":{"line":287,"column":46}},"120":{"start":{"line":288,"column":16},"end":{"line":288,"column":113}},"121":{"start":{"line":290,"column":16},"end":{"line":293,"column":17}},"122":{"start":{"line":291,"column":18},"end":{"line":291,"column":37}},"123":{"start":{"line":292,"column":18},"end":{"line":292,"column":24}},"124":{"start":{"line":295,"column":16},"end":{"line":295,"column":58}},"125":{"start":{"line":296,"column":16},"end":{"line":305,"column":20}},"126":{"start":{"line":308,"column":16},"end":{"line":311,"column":20}},"127":{"start":{"line":314,"column":16},"end":{"line":314,"column":36}},"128":{"start":{"line":315,"column":16},"end":{"line":315,"column":53}},"129":{"start":{"line":316,"column":16},"end":{"line":319,"column":20}},"130":{"start":{"line":323,"column":16},"end":{"line":323,"column":40}},"131":{"start":{"line":330,"column":8},"end":{"line":330,"column":46}},"132":{"start":{"line":333,"column":6},"end":{"line":333,"column":20}},"133":{"start":{"line":344,"column":29},"end":{"line":383,"column":9}},"134":{"start":{"line":348,"column":8},"end":{"line":382,"column":38}},"135":{"start":{"line":349,"column":10},"end":{"line":381,"column":11}},"136":{"start":{"line":350,"column":12},"end":{"line":380,"column":13}},"137":{"start":{"line":352,"column":16},"end":{"line":352,"column":35}},"138":{"start":{"line":353,"column":16},"end":{"line":353,"column":35}},"139":{"start":{"line":354,"column":16},"end":{"line":354,"column":114}},"140":{"start":{"line":357,"column":16},"end":{"line":357,"column":46}},"141":{"start":{"line":358,"column":16},"end":{"line":358,"column":59}},"142":{"start":{"line":359,"column":16},"end":{"line":359,"column":35}},"143":{"start":{"line":360,"column":16},"end":{"line":360,"column":179}},"144":{"start":{"line":363,"column":16},"end":{"line":363,"column":42}},"145":{"start":{"line":364,"column":16},"end":{"line":367,"column":20}},"146":{"start":{"line":370,"column":16},"end":{"line":370,"column":36}},"147":{"start":{"line":371,"column":16},"end":{"line":371,"column":53}},"148":{"start":{"line":372,"column":16},"end":{"line":375,"column":20}},"149":{"start":{"line":379,"column":16},"end":{"line":379,"column":40}},"150":{"start":{"line":386,"column":8},"end":{"line":386,"column":55}},"151":{"start":{"line":389,"column":6},"end":{"line":389,"column":29}},"152":{"start":{"line":394,"column":27},"end":{"line":434,"column":9}},"153":{"start":{"line":398,"column":8},"end":{"line":433,"column":38}},"154":{"start":{"line":399,"column":10},"end":{"line":432,"column":11}},"155":{"start":{"line":400,"column":12},"end":{"line":431,"column":13}},"156":{"start":{"line":402,"column":16},"end":{"line":402,"column":35}},"157":{"start":{"line":403,"column":16},"end":{"line":403,"column":35}},"158":{"start":{"line":404,"column":16},"end":{"line":404,"column":128}},"159":{"start":{"line":407,"column":16},"end":{"line":407,"column":46}},"160":{"start":{"line":408,"column":16},"end":{"line":408,"column":86}},"161":{"start":{"line":409,"column":16},"end":{"line":409,"column":92}},"162":{"start":{"line":410,"column":16},"end":{"line":410,"column":35}},"163":{"start":{"line":411,"column":16},"end":{"line":411,"column":101}},"164":{"start":{"line":414,"column":16},"end":{"line":414,"column":36}},"165":{"start":{"line":415,"column":16},"end":{"line":415,"column":57}},"166":{"start":{"line":418,"column":16},"end":{"line":418,"column":58}},"167":{"start":{"line":421,"column":16},"end":{"line":421,"column":36}},"168":{"start":{"line":422,"column":16},"end":{"line":422,"column":53}},"169":{"start":{"line":423,"column":16},"end":{"line":426,"column":20}},"170":{"start":{"line":430,"column":16},"end":{"line":430,"column":40}},"171":{"start":{"line":437,"column":8},"end":{"line":437,"column":53}},"172":{"start":{"line":440,"column":6},"end":{"line":440,"column":27}},"173":{"start":{"line":444,"column":2},"end":{"line":444,"column":24}},"174":{"start":{"line":447,"column":15},"end":{"line":447,"column":29}},"175":{"start":{"line":448,"column":0},"end":{"line":448,"column":30}}},"fnMap":{"0":{"name":"_interopRequireDefault","decl":{"start":{"line":20,"column":9},"end":{"line":20,"column":31}},"loc":{"start":{"line":20,"column":37},"end":{"line":20,"column":97}},"line":20},"1":{"name":"asyncGeneratorStep","decl":{"start":{"line":22,"column":9},"end":{"line":22,"column":27}},"loc":{"start":{"line":22,"column":75},"end":{"line":22,"column":265}},"line":22},"2":{"name":"_asyncToGenerator","decl":{"start":{"line":24,"column":9},"end":{"line":24,"column":26}},"loc":{"start":{"line":24,"column":31},"end":{"line":24,"column":389}},"line":24},"3":{"name":"(anonymous_3)","decl":{"start":{"line":24,"column":40},"end":{"line":24,"column":41}},"loc":{"start":{"line":24,"column":52},"end":{"line":24,"column":386}},"line":24},"4":{"name":"(anonymous_4)","decl":{"start":{"line":24,"column":108},"end":{"line":24,"column":109}},"loc":{"start":{"line":24,"column":135},"end":{"line":24,"column":382}},"line":24},"5":{"name":"_next","decl":{"start":{"line":24,"column":178},"end":{"line":24,"column":183}},"loc":{"start":{"line":24,"column":191},"end":{"line":24,"column":266}},"line":24},"6":{"name":"_throw","decl":{"start":{"line":24,"column":276},"end":{"line":24,"column":282}},"loc":{"start":{"line":24,"column":288},"end":{"line":24,"column":362}},"line":24},"7":{"name":"_classCallCheck","decl":{"start":{"line":26,"column":9},"end":{"line":26,"column":24}},"loc":{"start":{"line":26,"column":48},"end":{"line":26,"column":153}},"line":26},"8":{"name":"_defineProperties","decl":{"start":{"line":28,"column":9},"end":{"line":28,"column":26}},"loc":{"start":{"line":28,"column":42},"end":{"line":28,"column":317}},"line":28},"9":{"name":"_createClass","decl":{"start":{"line":30,"column":9},"end":{"line":30,"column":21}},"loc":{"start":{"line":30,"column":60},"end":{"line":30,"column":215}},"line":30},"10":{"name":"(anonymous_10)","decl":{"start":{"line":41,"column":0},"end":{"line":41,"column":1}},"loc":{"start":{"line":41,"column":12},"end":{"line":445,"column":1}},"line":41},"11":{"name":"UserController","decl":{"start":{"line":42,"column":11},"end":{"line":42,"column":25}},"loc":{"start":{"line":42,"column":28},"end":{"line":44,"column":3}},"line":42},"12":{"name":"createUserAccount","decl":{"start":{"line":54,"column":20},"end":{"line":54,"column":37}},"loc":{"start":{"line":54,"column":48},"end":{"line":119,"column":5}},"line":54},"13":{"name":"(anonymous_13)","decl":{"start":{"line":128,"column":11},"end":{"line":128,"column":12}},"loc":{"start":{"line":128,"column":23},"end":{"line":201,"column":5}},"line":128},"14":{"name":"_callee","decl":{"start":{"line":131,"column":39},"end":{"line":131,"column":46}},"loc":{"start":{"line":131,"column":57},"end":{"line":194,"column":7}},"line":131},"15":{"name":"_callee$","decl":{"start":{"line":134,"column":48},"end":{"line":134,"column":56}},"loc":{"start":{"line":134,"column":67},"end":{"line":193,"column":9}},"line":134},"16":{"name":"CreateAccount","decl":{"start":{"line":196,"column":15},"end":{"line":196,"column":28}},"loc":{"start":{"line":196,"column":38},"end":{"line":198,"column":7}},"line":196},"17":{"name":"login","decl":{"start":{"line":210,"column":20},"end":{"line":210,"column":25}},"loc":{"start":{"line":210,"column":36},"end":{"line":263,"column":5}},"line":210},"18":{"name":"(anonymous_18)","decl":{"start":{"line":230,"column":34},"end":{"line":230,"column":35}},"loc":{"start":{"line":230,"column":50},"end":{"line":232,"column":9}},"line":230},"19":{"name":"(anonymous_19)","decl":{"start":{"line":272,"column":11},"end":{"line":272,"column":12}},"loc":{"start":{"line":272,"column":23},"end":{"line":334,"column":5}},"line":272},"20":{"name":"_callee2","decl":{"start":{"line":275,"column":39},"end":{"line":275,"column":47}},"loc":{"start":{"line":275,"column":58},"end":{"line":327,"column":7}},"line":275},"21":{"name":"_callee2$","decl":{"start":{"line":277,"column":48},"end":{"line":277,"column":57}},"loc":{"start":{"line":277,"column":69},"end":{"line":326,"column":9}},"line":277},"22":{"name":"signIn","decl":{"start":{"line":329,"column":15},"end":{"line":329,"column":21}},"loc":{"start":{"line":329,"column":32},"end":{"line":331,"column":7}},"line":329},"23":{"name":"(anonymous_23)","decl":{"start":{"line":343,"column":11},"end":{"line":343,"column":12}},"loc":{"start":{"line":343,"column":23},"end":{"line":390,"column":5}},"line":343},"24":{"name":"_callee3","decl":{"start":{"line":346,"column":39},"end":{"line":346,"column":47}},"loc":{"start":{"line":346,"column":58},"end":{"line":383,"column":7}},"line":346},"25":{"name":"_callee3$","decl":{"start":{"line":348,"column":48},"end":{"line":348,"column":57}},"loc":{"start":{"line":348,"column":69},"end":{"line":382,"column":9}},"line":348},"26":{"name":"getUserAccounts","decl":{"start":{"line":385,"column":15},"end":{"line":385,"column":30}},"loc":{"start":{"line":385,"column":41},"end":{"line":387,"column":7}},"line":385},"27":{"name":"(anonymous_27)","decl":{"start":{"line":393,"column":11},"end":{"line":393,"column":12}},"loc":{"start":{"line":393,"column":23},"end":{"line":441,"column":5}},"line":393},"28":{"name":"_callee4","decl":{"start":{"line":396,"column":39},"end":{"line":396,"column":47}},"loc":{"start":{"line":396,"column":64},"end":{"line":434,"column":7}},"line":396},"29":{"name":"_callee4$","decl":{"start":{"line":398,"column":48},"end":{"line":398,"column":57}},"loc":{"start":{"line":398,"column":69},"end":{"line":433,"column":9}},"line":398},"30":{"name":"passwordReset","decl":{"start":{"line":436,"column":15},"end":{"line":436,"column":28}},"loc":{"start":{"line":436,"column":44},"end":{"line":438,"column":7}},"line":436}},"branchMap":{"0":{"loc":{"start":{"line":20,"column":46},"end":{"line":20,"column":94}},"type":"cond-expr","locations":[{"start":{"line":20,"column":70},"end":{"line":20,"column":73}},{"start":{"line":20,"column":76},"end":{"line":20,"column":94}}],"line":20},"1":{"loc":{"start":{"line":20,"column":46},"end":{"line":20,"column":67}},"type":"binary-expr","locations":[{"start":{"line":20,"column":46},"end":{"line":20,"column":49}},{"start":{"line":20,"column":53},"end":{"line":20,"column":67}}],"line":20},"2":{"loc":{"start":{"line":22,"column":176},"end":{"line":22,"column":263}},"type":"if","locations":[{"start":{"line":22,"column":176},"end":{"line":22,"column":263}},{"start":{"line":22,"column":176},"end":{"line":22,"column":263}}],"line":22},"3":{"loc":{"start":{"line":26,"column":50},"end":{"line":26,"column":151}},"type":"if","locations":[{"start":{"line":26,"column":50},"end":{"line":26,"column":151}},{"start":{"line":26,"column":50},"end":{"line":26,"column":151}}],"line":26},"4":{"loc":{"start":{"line":28,"column":136},"end":{"line":28,"column":166}},"type":"binary-expr","locations":[{"start":{"line":28,"column":136},"end":{"line":28,"column":157}},{"start":{"line":28,"column":161},"end":{"line":28,"column":166}}],"line":28},"5":{"loc":{"start":{"line":28,"column":200},"end":{"line":28,"column":254}},"type":"if","locations":[{"start":{"line":28,"column":200},"end":{"line":28,"column":254}},{"start":{"line":28,"column":200},"end":{"line":28,"column":254}}],"line":28},"6":{"loc":{"start":{"line":30,"column":62},"end":{"line":30,"column":131}},"type":"if","locations":[{"start":{"line":30,"column":62},"end":{"line":30,"column":131}},{"start":{"line":30,"column":62},"end":{"line":30,"column":131}}],"line":30},"7":{"loc":{"start":{"line":30,"column":132},"end":{"line":30,"column":193}},"type":"if","locations":[{"start":{"line":30,"column":132},"end":{"line":30,"column":193}},{"start":{"line":30,"column":132},"end":{"line":30,"column":193}}],"line":30},"8":{"loc":{"start":{"line":59,"column":6},"end":{"line":63,"column":7}},"type":"if","locations":[{"start":{"line":59,"column":6},"end":{"line":63,"column":7}},{"start":{"line":59,"column":6},"end":{"line":63,"column":7}}],"line":59},"9":{"loc":{"start":{"line":59,"column":10},"end":{"line":59,"column":59}},"type":"binary-expr","locations":[{"start":{"line":59,"column":10},"end":{"line":59,"column":32}},{"start":{"line":59,"column":36},"end":{"line":59,"column":59}}],"line":59},"10":{"loc":{"start":{"line":61,"column":13},"end":{"line":63,"column":7}},"type":"if","locations":[{"start":{"line":61,"column":13},"end":{"line":63,"column":7}},{"start":{"line":61,"column":13},"end":{"line":63,"column":7}}],"line":61},"11":{"loc":{"start":{"line":70,"column":6},"end":{"line":75,"column":7}},"type":"if","locations":[{"start":{"line":70,"column":6},"end":{"line":75,"column":7}},{"start":{"line":70,"column":6},"end":{"line":75,"column":7}}],"line":70},"12":{"loc":{"start":{"line":90,"column":8},"end":{"line":95,"column":9}},"type":"if","locations":[{"start":{"line":90,"column":8},"end":{"line":95,"column":9}},{"start":{"line":90,"column":8},"end":{"line":95,"column":9}}],"line":90},"13":{"loc":{"start":{"line":136,"column":12},"end":{"line":191,"column":13}},"type":"switch","locations":[{"start":{"line":137,"column":14},"end":{"line":152,"column":69}},{"start":{"line":154,"column":14},"end":{"line":159,"column":57}},{"start":{"line":161,"column":14},"end":{"line":163,"column":110}},{"start":{"line":165,"column":14},"end":{"line":178,"column":20}},{"start":{"line":180,"column":14},"end":{"line":186,"column":20}},{"start":{"line":188,"column":14},"end":{"line":188,"column":22}},{"start":{"line":189,"column":14},"end":{"line":190,"column":39}}],"line":136},"14":{"loc":{"start":{"line":140,"column":16},"end":{"line":142,"column":17}},"type":"if","locations":[{"start":{"line":140,"column":16},"end":{"line":142,"column":17}},{"start":{"line":140,"column":16},"end":{"line":142,"column":17}}],"line":140},"15":{"loc":{"start":{"line":140,"column":20},"end":{"line":140,"column":77}},"type":"binary-expr","locations":[{"start":{"line":140,"column":20},"end":{"line":140,"column":46}},{"start":{"line":140,"column":50},"end":{"line":140,"column":77}}],"line":140},"16":{"loc":{"start":{"line":144,"column":16},"end":{"line":146,"column":17}},"type":"if","locations":[{"start":{"line":144,"column":16},"end":{"line":146,"column":17}},{"start":{"line":144,"column":16},"end":{"line":146,"column":17}}],"line":144},"17":{"loc":{"start":{"line":220,"column":8},"end":{"line":226,"column":9}},"type":"if","locations":[{"start":{"line":220,"column":8},"end":{"line":226,"column":9}},{"start":{"line":220,"column":8},"end":{"line":226,"column":9}}],"line":220},"18":{"loc":{"start":{"line":238,"column":8},"end":{"line":250,"column":9}},"type":"if","locations":[{"start":{"line":238,"column":8},"end":{"line":250,"column":9}},{"start":{"line":238,"column":8},"end":{"line":250,"column":9}}],"line":238},"19":{"loc":{"start":{"line":279,"column":12},"end":{"line":324,"column":13}},"type":"switch","locations":[{"start":{"line":280,"column":14},"end":{"line":284,"column":107}},{"start":{"line":286,"column":14},"end":{"line":305,"column":20}},{"start":{"line":307,"column":14},"end":{"line":311,"column":20}},{"start":{"line":313,"column":14},"end":{"line":319,"column":20}},{"start":{"line":321,"column":14},"end":{"line":321,"column":22}},{"start":{"line":322,"column":14},"end":{"line":323,"column":40}}],"line":279},"20":{"loc":{"start":{"line":290,"column":16},"end":{"line":293,"column":17}},"type":"if","locations":[{"start":{"line":290,"column":16},"end":{"line":293,"column":17}},{"start":{"line":290,"column":16},"end":{"line":293,"column":17}}],"line":290},"21":{"loc":{"start":{"line":350,"column":12},"end":{"line":380,"column":13}},"type":"switch","locations":[{"start":{"line":351,"column":14},"end":{"line":354,"column":114}},{"start":{"line":356,"column":14},"end":{"line":360,"column":179}},{"start":{"line":362,"column":14},"end":{"line":367,"column":20}},{"start":{"line":369,"column":14},"end":{"line":375,"column":20}},{"start":{"line":377,"column":14},"end":{"line":377,"column":22}},{"start":{"line":378,"column":14},"end":{"line":379,"column":40}}],"line":350},"22":{"loc":{"start":{"line":400,"column":12},"end":{"line":431,"column":13}},"type":"switch","locations":[{"start":{"line":401,"column":14},"end":{"line":404,"column":128}},{"start":{"line":406,"column":14},"end":{"line":411,"column":101}},{"start":{"line":413,"column":14},"end":{"line":415,"column":57}},{"start":{"line":417,"column":14},"end":{"line":418,"column":58}},{"start":{"line":420,"column":14},"end":{"line":426,"column":20}},{"start":{"line":428,"column":14},"end":{"line":428,"column":22}},{"start":{"line":429,"column":14},"end":{"line":430,"column":40}}],"line":400}},"s":{"0":1,"1":1,"2":1,"3":1,"4":1,"5":1,"6":1,"7":1,"8":6,"9":33,"10":33,"11":33,"12":0,"13":0,"14":33,"15":15,"16":18,"17":4,"18":15,"19":15,"20":15,"21":15,"22":33,"23":0,"24":15,"25":0,"26":0,"27":1,"28":1,"29":6,"30":6,"31":6,"32":6,"33":6,"34":6,"35":1,"36":0,"37":1,"38":1,"39":1,"40":1,"41":1,"42":1,"43":1,"44":1,"45":1,"46":0,"47":1,"48":8,"49":8,"50":8,"51":0,"52":0,"53":8,"54":8,"55":8,"56":6,"57":2,"58":2,"59":2,"60":2,"61":1,"62":1,"63":1,"64":1,"65":0,"66":1,"67":0,"68":0,"69":0,"70":0,"71":0,"72":0,"73":0,"74":0,"75":0,"76":0,"77":0,"78":0,"79":0,"80":0,"81":0,"82":0,"83":0,"84":0,"85":0,"86":0,"87":0,"88":0,"89":0,"90":0,"91":0,"92":0,"93":1,"94":8,"95":8,"96":8,"97":8,"98":8,"99":1,"100":7,"101":7,"102":7,"103":13,"104":7,"105":7,"106":7,"107":7,"108":7,"109":0,"110":0,"111":1,"112":13,"113":39,"114":40,"115":13,"116":13,"117":13,"118":13,"119":13,"120":13,"121":13,"122":1,"123":1,"124":12,"125":12,"126":1,"127":0,"128":0,"129":0,"130":13,"131":13,"132":1,"133":1,"134":1,"135":4,"136":4,"137":1,"138":1,"139":1,"140":1,"141":1,"142":1,"143":1,"144":1,"145":1,"146":0,"147":0,"148":0,"149":1,"150":1,"151":1,"152":1,"153":1,"154":5,"155":5,"156":1,"157":1,"158":1,"159":1,"160":1,"161":1,"162":1,"163":1,"164":1,"165":1,"166":1,"167":0,"168":0,"169":0,"170":1,"171":1,"172":1,"173":1,"174":1,"175":1},"f":{"0":6,"1":33,"2":4,"3":15,"4":15,"5":33,"6":0,"7":0,"8":1,"9":1,"10":1,"11":0,"12":8,"13":1,"14":0,"15":0,"16":0,"17":8,"18":13,"19":1,"20":13,"21":39,"22":13,"23":1,"24":1,"25":4,"26":1,"27":1,"28":1,"29":5,"30":1},"b":{"0":[3,3],"1":[6,6],"2":[15,18],"3":[0,0],"4":[6,6],"5":[6,0],"6":[0,1],"7":[1,0],"8":[8,0],"9":[8,0],"10":[0,0],"11":[6,2],"12":[1,1],"13":[0,0,0,0,0,0,0],"14":[0,0],"15":[0,0],"16":[0,0],"17":[1,7],"18":[7,0],"19":[13,13,1,0,0,13],"20":[1,12],"21":[1,1,1,0,0,1],"22":[1,1,1,1,0,0,1]},"_coverageSchema":"43e27e138ebf9cfc5966b082cf9a028302ed4184","hash":"ae2c08d7ccc20e881b238675e175f62711b09328","contentHash":"78552a96747eaeb665f6894daa9340d9e72531791ce1d3bf5ab744ee5ad81374"},"C:\\Users\\User\\Pictures\\Banka-Project\\Server\\Middleware\\validator.js":{"path":"C:\\Users\\User\\Pictures\\Banka-Project\\Server\\Middleware\\validator.js","statementMap":{"0":{"start":{"line":3,"column":0},"end":{"line":5,"column":3}},"1":{"start":{"line":6,"column":0},"end":{"line":6,"column":28}},"2":{"start":{"line":8,"column":11},"end":{"line":8,"column":49}},"3":{"start":{"line":10,"column":13},"end":{"line":10,"column":65}},"4":{"start":{"line":12,"column":39},"end":{"line":12,"column":95}},"5":{"start":{"line":14,"column":77},"end":{"line":14,"column":175}},"6":{"start":{"line":14,"column":94},"end":{"line":14,"column":107}},"7":{"start":{"line":14,"column":121},"end":{"line":14,"column":131}},"8":{"start":{"line":14,"column":151},"end":{"line":14,"column":165}},"9":{"start":{"line":14,"column":166},"end":{"line":14,"column":173}},"10":{"start":{"line":14,"column":176},"end":{"line":14,"column":263}},"11":{"start":{"line":14,"column":193},"end":{"line":14,"column":208}},"12":{"start":{"line":14,"column":218},"end":{"line":14,"column":261}},"13":{"start":{"line":16,"column":33},"end":{"line":16,"column":387}},"14":{"start":{"line":16,"column":65},"end":{"line":16,"column":69}},"15":{"start":{"line":16,"column":78},"end":{"line":16,"column":87}},"16":{"start":{"line":16,"column":89},"end":{"line":16,"column":384}},"17":{"start":{"line":16,"column":147},"end":{"line":16,"column":167}},"18":{"start":{"line":16,"column":193},"end":{"line":16,"column":264}},"19":{"start":{"line":16,"column":290},"end":{"line":16,"column":360}},"20":{"start":{"line":16,"column":363},"end":{"line":16,"column":380}},"21":{"start":{"line":18,"column":50},"end":{"line":18,"column":151}},"22":{"start":{"line":18,"column":92},"end":{"line":18,"column":149}},"23":{"start":{"line":20,"column":44},"end":{"line":20,"column":315}},"24":{"start":{"line":20,"column":57},"end":{"line":20,"column":58}},"25":{"start":{"line":20,"column":102},"end":{"line":20,"column":110}},"26":{"start":{"line":20,"column":112},"end":{"line":20,"column":167}},"27":{"start":{"line":20,"column":168},"end":{"line":20,"column":199}},"28":{"start":{"line":20,"column":200},"end":{"line":20,"column":254}},"29":{"start":{"line":20,"column":227},"end":{"line":20,"column":254}},"30":{"start":{"line":20,"column":255},"end":{"line":20,"column":313}},"31":{"start":{"line":22,"column":62},"end":{"line":22,"column":131}},"32":{"start":{"line":22,"column":78},"end":{"line":22,"column":131}},"33":{"start":{"line":22,"column":132},"end":{"line":22,"column":193}},"34":{"start":{"line":22,"column":149},"end":{"line":22,"column":193}},"35":{"start":{"line":22,"column":194},"end":{"line":22,"column":213}},"36":{"start":{"line":26,"column":0},"end":{"line":363,"column":3}},"37":{"start":{"line":28,"column":4},"end":{"line":28,"column":37}},"38":{"start":{"line":31,"column":2},"end":{"line":360,"column":6}},"39":{"start":{"line":35,"column":20},"end":{"line":35,"column":41}},"40":{"start":{"line":36,"column":19},"end":{"line":42,"column":7}},"41":{"start":{"line":43,"column":6},"end":{"line":43,"column":52}},"42":{"start":{"line":49,"column":19},"end":{"line":52,"column":7}},"43":{"start":{"line":53,"column":6},"end":{"line":53,"column":52}},"44":{"start":{"line":59,"column":19},"end":{"line":61,"column":7}},"45":{"start":{"line":62,"column":6},"end":{"line":62,"column":52}},"46":{"start":{"line":67,"column":19},"end":{"line":67,"column":141}},"47":{"start":{"line":69,"column":6},"end":{"line":69,"column":52}},"48":{"start":{"line":75,"column":19},"end":{"line":77,"column":7}},"49":{"start":{"line":78,"column":6},"end":{"line":78,"column":52}},"50":{"start":{"line":84,"column":19},"end":{"line":84,"column":138}},"51":{"start":{"line":86,"column":6},"end":{"line":86,"column":52}},"52":{"start":{"line":92,"column":19},"end":{"line":92,"column":170}},"53":{"start":{"line":94,"column":6},"end":{"line":94,"column":52}},"54":{"start":{"line":100,"column":34},"end":{"line":100,"column":82}},"55":{"start":{"line":101,"column":18},"end":{"line":101,"column":45}},"56":{"start":{"line":103,"column":6},"end":{"line":108,"column":7}},"57":{"start":{"line":104,"column":8},"end":{"line":107,"column":11}},"58":{"start":{"line":110,"column":6},"end":{"line":110,"column":20}},"59":{"start":{"line":116,"column":34},"end":{"line":116,"column":82}},"60":{"start":{"line":117,"column":18},"end":{"line":117,"column":45}},"61":{"start":{"line":119,"column":6},"end":{"line":124,"column":7}},"62":{"start":{"line":120,"column":8},"end":{"line":123,"column":11}},"63":{"start":{"line":126,"column":6},"end":{"line":126,"column":20}},"64":{"start":{"line":131,"column":19},"end":{"line":134,"column":7}},"65":{"start":{"line":135,"column":6},"end":{"line":135,"column":52}},"66":{"start":{"line":141,"column":34},"end":{"line":141,"column":73}},"67":{"start":{"line":142,"column":18},"end":{"line":142,"column":45}},"68":{"start":{"line":144,"column":6},"end":{"line":149,"column":7}},"69":{"start":{"line":145,"column":8},"end":{"line":148,"column":11}},"70":{"start":{"line":151,"column":6},"end":{"line":151,"column":20}},"71":{"start":{"line":157,"column":35},"end":{"line":157,"column":74}},"72":{"start":{"line":158,"column":18},"end":{"line":158,"column":46}},"73":{"start":{"line":160,"column":6},"end":{"line":165,"column":7}},"74":{"start":{"line":161,"column":8},"end":{"line":164,"column":11}},"75":{"start":{"line":167,"column":6},"end":{"line":167,"column":20}},"76":{"start":{"line":173,"column":32},"end":{"line":238,"column":9}},"77":{"start":{"line":177,"column":8},"end":{"line":237,"column":37}},"78":{"start":{"line":178,"column":10},"end":{"line":236,"column":11}},"79":{"start":{"line":179,"column":12},"end":{"line":235,"column":13}},"80":{"start":{"line":181,"column":16},"end":{"line":181,"column":34}},"81":{"start":{"line":182,"column":16},"end":{"line":182,"column":34}},"82":{"start":{"line":183,"column":16},"end":{"line":183,"column":79}},"83":{"start":{"line":186,"column":16},"end":{"line":186,"column":45}},"84":{"start":{"line":187,"column":16},"end":{"line":191,"column":19}},"85":{"start":{"line":188,"column":18},"end":{"line":188,"column":52}},"86":{"start":{"line":190,"column":18},"end":{"line":190,"column":54}},"87":{"start":{"line":193,"column":16},"end":{"line":196,"column":17}},"88":{"start":{"line":194,"column":18},"end":{"line":194,"column":36}},"89":{"start":{"line":195,"column":18},"end":{"line":195,"column":24}},"90":{"start":{"line":198,"column":16},"end":{"line":201,"column":17}},"91":{"start":{"line":199,"column":18},"end":{"line":199,"column":36}},"92":{"start":{"line":200,"column":18},"end":{"line":200,"column":24}},"93":{"start":{"line":203,"column":16},"end":{"line":206,"column":20}},"94":{"start":{"line":209,"column":16},"end":{"line":212,"column":17}},"95":{"start":{"line":210,"column":18},"end":{"line":210,"column":37}},"96":{"start":{"line":211,"column":18},"end":{"line":211,"column":24}},"97":{"start":{"line":214,"column":16},"end":{"line":217,"column":17}},"98":{"start":{"line":215,"column":18},"end":{"line":215,"column":37}},"99":{"start":{"line":216,"column":18},"end":{"line":216,"column":24}},"100":{"start":{"line":219,"column":16},"end":{"line":222,"column":20}},"101":{"start":{"line":225,"column":16},"end":{"line":225,"column":57}},"102":{"start":{"line":228,"column":16},"end":{"line":228,"column":35}},"103":{"start":{"line":229,"column":16},"end":{"line":229,"column":51}},"104":{"start":{"line":230,"column":16},"end":{"line":230,"column":62}},"105":{"start":{"line":234,"column":16},"end":{"line":234,"column":39}},"106":{"start":{"line":241,"column":8},"end":{"line":241,"column":58}},"107":{"start":{"line":244,"column":6},"end":{"line":244,"column":32}},"108":{"start":{"line":249,"column":34},"
[...]
ine":333,"column":8},"end":{"line":333,"column":91}},"154":{"start":{"line":334,"column":8},"end":{"line":334,"column":15}},"155":{"start":{"line":339,"column":0},"end":{"line":377,"column":3}},"156":{"start":{"line":340,"column":2},"end":{"line":376,"column":5}},"157":{"start":{"line":341,"column":4},"end":{"line":357,"column":7}},"158":{"start":{"line":342,"column":27},"end":{"line":345,"column":7}},"159":{"start":{"line":347,"column":6},"end":{"line":356,"column":9}},"160":{"start":{"line":348,"column":19},"end":{"line":348,"column":27}},"161":{"start":{"line":349,"column":8},"end":{"line":349,"column":46}},"162":{"start":{"line":351,"column":8},"end":{"line":353,"column":9}},"163":{"start":{"line":352,"column":10},"end":{"line":352,"column":41}},"164":{"start":{"line":355,"column":8},"end":{"line":355,"column":15}},"165":{"start":{"line":358,"column":4},"end":{"line":366,"column":7}},"166":{"start":{"line":359,"column":18},"end":{"line":359,"column":37}},"167":{"start":{"line":361,"column":6},"end":{"line":365,"column":9}},"168":{"start":{"line":362,"column":8},"end":{"line":362,"column":50}},"169":{"start":{"line":363,"column":8},"end":{"line":363,"column":68}},"170":{"start":{"line":364,"column":8},"end":{"line":364,"column":15}},"171":{"start":{"line":367,"column":4},"end":{"line":375,"column":7}},"172":{"start":{"line":368,"column":18},"end":{"line":368,"column":39}},"173":{"start":{"line":370,"column":6},"end":{"line":374,"column":9}},"174":{"start":{"line":371,"column":8},"end":{"line":371,"column":50}},"175":{"start":{"line":372,"column":8},"end":{"line":372,"column":52}},"176":{"start":{"line":373,"column":8},"end":{"line":373,"column":15}},"177":{"start":{"line":378,"column":0},"end":{"line":403,"column":3}},"178":{"start":{"line":379,"column":2},"end":{"line":402,"column":5}},"179":{"start":{"line":380,"column":4},"end":{"line":390,"column":7}},"180":{"start":{"line":381,"column":18},"end":{"line":381,"column":37}},"181":{"start":{"line":383,"column":6},"end":{"line":389,"column":9}},"182":{"start":{"line":386,"column":8},"end":{"line":386,"column":50}},"183":{"start":{"line":387,"column":8},"end":{"line":387,"column":68}},"184":{"start":{"line":388,"column":8},"end":{"line":388,"column":15}},"185":{"start":{"line":391,"column":4},"end":{"line":401,"column":7}},"186":{"start":{"line":392,"column":18},"end":{"line":392,"column":43}},"187":{"start":{"line":394,"column":6},"end":{"line":400,"column":9}},"188":{"start":{"line":397,"column":8},"end":{"line":397,"column":50}},"189":{"start":{"line":398,"column":8},"end":{"line":398,"column":59}},"190":{"start":{"line":399,"column":8},"end":{"line":399,"column":15}},"191":{"start":{"line":405,"column":0},"end":{"line":416,"column":3}},"192":{"start":{"line":406,"column":2},"end":{"line":415,"column":5}},"193":{"start":{"line":407,"column":4},"end":{"line":414,"column":7}},"194":{"start":{"line":408,"column":6},"end":{"line":408,"column":22}},"195":{"start":{"line":408,"column":15},"end":{"line":408,"column":22}},"196":{"start":{"line":409,"column":17},"end":{"line":409,"column":25}},"197":{"start":{"line":410,"column":6},"end":{"line":410,"column":38}},"198":{"start":{"line":411,"column":6},"end":{"line":411,"column":44}},"199":{"start":{"line":412,"column":6},"end":{"line":412,"column":76}},"200":{"start":{"line":413,"column":6},"end":{"line":413,"column":13}}},"fnMap":{"0":{"name":"_interopRequireDefault","decl":{"start":{"line":9,"column":9},"end":{"line":9,"column":31}},"loc":{"start":{"line":9,"column":37},"end":{"line":9,"column":97}},"line":9},"1":{"name":"(anonymous_1)","decl":{"start":{"line":23,"column":60},"end":{"line":23,"column":61}},"loc":{"start":{"line":23,"column":72},"end":{"line":308,"column":1}},"line":23},"2":{"name":"(anonymous_2)","decl":{"start":{"line":24,"column":38},"end":{"line":24,"column":39}},"loc":{"start":{"line":24,"column":50},"end":{"line":138,"column":3}},"line":24},"3":{"name":"(anonymous_3)","decl":{"start":{"line":25,"column":64},"end":{"line":25,"column":65}},"loc":{"start":{"line":25,"column":80},"end":{"line":39,"column":5}},"line":25},"4":{"name":"(anonymous_4)","decl":{"start":{"line":32,"column":13},"end":{"line":32,"column":14}},"loc":{"start":{"line":32,"column":33},"end":{"line":38,"column":7}},"line":32},"5":{"name":"(anonymous_5)","decl":{"start":{"line":40,"column":71},"end":{"line":40,"column":72}},"loc":{"start":{"line":40,"column":87},"end":{"line":53,"column":5}},"line":40},"6":{"name":"(anonymous_6)","decl":{"start":{"line":47,"column":13},"end":{"line":47,"column":14}},"loc":{"start":{"line":47,"column":33},"end":{"line":52,"column":7}},"line":47},"7":{"name":"(anonymous_7)","decl":{"start":{"line":54,"column":90},"end":{"line":54,"column":91}},"loc":{"start":{"line":54,"column":106},"end":{"line":67,"column":5}},"line":54},"8":{"name":"(anonymous_8)","decl":{"start":{"line":61,"column":13},"end":{"line":61,"column":14}},"loc":{"start":{"line":61,"column":33},"end":{"line":66,"column":7}},"line":61},"9":{"name":"(anonymous_9)","decl":{"start":{"line":68,"column":67},"end":{"line":68,"column":68}},"loc":{"start":{"line":68,"column":83},"end":{"line":81,"column":5}},"line":68},"10":{"name":"(anonymous_10)","decl":{"start":{"line":75,"column":13},"end":{"line":75,"column":14}},"loc":{"start":{"line":75,"column":33},"end":{"line":80,"column":7}},"line":75},"11":{"name":"(anonymous_11)","decl":{"start":{"line":82,"column":66},"end":{"line":82,"column":67}},"loc":{"start":{"line":82,"column":82},"end":{"line":95,"column":5}},"line":82},"12":{"name":"(anonymous_12)","decl":{"start":{"line":89,"column":13},"end":{"line":89,"column":14}},"loc":{"start":{"line":89,"column":33},"end":{"line":94,"column":7}},"line":89},"13":{"name":"(anonymous_13)","decl":{"start":{"line":96,"column":64},"end":{"line":96,"column":65}},"loc":{"start":{"line":96,"column":80},"end":{"line":109,"column":5}},"line":96},"14":{"name":"(anonymous_14)","decl":{"start":{"line":103,"column":13},"end":{"line":103,"column":14}},"loc":{"start":{"line":103,"column":33},"end":{"line":108,"column":7}},"line":103},"15":{"name":"(anonymous_15)","decl":{"start":{"line":110,"column":63},"end":{"line":110,"column":64}},"loc":{"start":{"line":110,"column":79},"end":{"line":123,"column":5}},"line":110},"16":{"name":"(anonymous_16)","decl":{"start":{"line":117,"column":13},"end":{"line":117,"column":14}},"loc":{"start":{"line":117,"column":33},"end":{"line":122,"column":7}},"line":117},"17":{"name":"(anonymous_17)","decl":{"start":{"line":124,"column":85},"end":{"line":124,"column":86}},"loc":{"start":{"line":124,"column":101},"end":{"line":137,"column":5}},"line":124},"18":{"name":"(anonymous_18)","decl":{"start":{"line":131,"column":13},"end":{"line":131,"column":14}},"loc":{"start":{"line":131,"column":33},"end":{"line":136,"column":7}},"line":131},"19":{"name":"(anonymous_19)","decl":{"start":{"line":139,"column":38},"end":{"line":139,"column":39}},"loc":{"start":{"line":139,"column":50},"end":{"line":224,"column":3}},"line":139},"20":{"name":"(anonymous_20)","decl":{"start":{"line":140,"column":71},"end":{"line":140,"column":72}},"loc":{"start":{"line":140,"column":87},"end":{"line":153,"column":5}},"line":140},"21":{"name":"(anonymous_21)","decl":{"start":{"line":147,"column":13},"end":{"line":147,"column":14}},"loc":{"start":{"line":147,"column":33},"end":{"line":152,"column":7}},"line":147},"22":{"name":"(anonymous_22)","decl":{"start":{"line":154,"column":67},"end":{"line":154,"column":68}},"loc":{"start":{"line":154,"column":83},"end":{"line":167,"column":5}},"line":154},"23":{"name":"(anonymous_23)","decl":{"start":{"line":161,"column":13},"end":{"line":161,"column":14}},"loc":{"start":{"line":161,"column":33},"end":{"line":166,"column":7}},"line":161},"24":{"name":"(anonymous_24)","decl":{"start":{"line":168,"column":66},"end":{"line":168,"column":67}},"loc":{"start":{"line":168,"column":82},"end":{"line":181,"column":5}},"line":168},"25":{"name":"(anonymous_25)","decl":{"start":{"line":175,"column":13},"end":{"line":175,"column":14}},"loc":{"start":{"line":175,"column":33},"end":{"line":180,"column":7}},"line":175},"26":{"name":"(anonymous_26)","decl":{"start":{"line":182,"column":64},"end":{"line":182,"column":65}},"loc":{"start":{"line":182,"column":80},"end":{"line":195,"column":5}},"line":182},"27":{"name":"(anonymous_27)","decl":{"start":{"line":189,"column":13},"end":{"line":189,"column":14}},"loc":{"start":{"line":189,"column":33},"end":{"line":194,"column":7}},"line":189},"28":{"name":"(anonymous_28)","decl":{"start":{"line":196,"column":63},"end":{"line":196,"column":64}},"loc":{"start":{"line":196,"column":79},"end":{"line":209,"column":5}},"line":196},"29":{"name":"(anonymous_29)","decl":{"start":{"line":203,"column":13},"end":{"line":203,"column":14}},"loc":{"start":{"line":203,"column":33},"end":{"line":208,"column":7}},"line":203},"30":{"name":"(anonymous_30)","decl":{"start":{"line":210,"column":85},"end":{"line":210,"column":86}},"loc":{"start":{"line":210,"column":101},"end":{"line":223,"column":5}},"line":210},"31":{"name":"(anonymous_31)","decl":{"start":{"line":217,"column":13},"end":{"line":217,"column":14}},"loc":{"start":{"line":217,"column":33},"end":{"line":222,"column":7}},"line":217},"32":{"name":"(anonymous_32)","decl":{"start":{"line":225,"column":38},"end":{"line":225,"column":39}},"loc":{"start":{"line":225,"column":50},"end":{"line":252,"column":3}},"line":225},"33":{"name":"(anonymous_33)","decl":{"start":{"line":226,"column":63},"end":{"line":226,"column":64}},"loc":{"start":{"line":226,"column":79},"end":{"line":240,"column":5}},"line":226},"34":{"name":"(anonymous_34)","decl":{"start":{"line":233,"column":13},"end":{"line":233,"column":14}},"loc":{"start":{"line":233,"column":33},"end":{"line":239,"column":7}},"line":233},"35":{"name":"(anonymous_35)","decl":{"start":{"line":241,"column":78},"end":{"line":241,"column":79}},"loc":{"start":{"line":241,"column":94},"end":{"line":251,"column":5}},"line":241},"36":{"name":"(anonymous_36)","decl":{"start":{"line":245,"column":13},"end":{"line":245,"column":14}},"loc":{"start":{"line":245,"column":33},"end":{"line":250,"column":7}},"line":245},"37":{"name":"(anonymous_37)","decl":{"start":{"line":253,"column":38},"end":{"line":253,"column":39}},"loc":{"start":{"line":253,"column":50},"end":{"line":307,"column":3}},"line":253},"38":{"name":"(anonymous_38)","decl":{"start":{"line":254,"column":63},"end":{"line":254,"column":64}},"loc":{"start":{"line":254,"column":79},"end":{"line":265,"column":5}},"line":254},"39":{"name":"(anonymous_39)","decl":{"start":{"line":258,"column":13},"end":{"line":258,"column":14}},"loc":{"start":{"line":258,"column":33},"end":{"line":264,"column":7}},"line":258},"40":{"name":"(anonymous_40)","decl":{"start":{"line":266,"column":74},"end":{"line":266,"column":75}},"loc":{"start":{"line":266,"column":90},"end":{"line":276,"column":5}},"line":266},"41":{"name":"(anonymous_41)","decl":{"start":{"line":270,"column":13},"end":{"line":270,"column":14}},"loc":{"start":{"line":270,"column":33},"end":{"line":275,"column":7}},"line":270},"42":{"name":"(anonymous_42)","decl":{"start":{"line":277,"column":71},"end":{"line":277,"column":72}},"loc":{"start":{"line":277,"column":87},"end":{"line":286,"column":5}},"line":277},"43":{"name":"(anonymous_43)","decl":{"start":{"line":280,"column":13},"end":{"line":280,"column":14}},"loc":{"start":{"line":280,"column":33},"end":{"line":285,"column":7}},"line":280},"44":{"name":"(anonymous_44)","decl":{"start":{"line":287,"column":66},"end":{"line":287,"column":67}},"loc":{"start":{"line":287,"column":82},"end":{"line":296,"column":5}},"line":287},"45":{"name":"(anonymous_45)","decl":{"start":{"line":290,"column":13},"end":{"line":290,"column":14}},"loc":{"start":{"line":290,"column":33},"end":{"line":295,"column":7}},"line":290},"46":{"name":"(anonymous_46)","decl":{"start":{"line":297,"column":69},"end":{"line":297,"column":70}},"loc":{"start":{"line":297,"column":85},"end":{"line":306,"column":5}},"line":297},"47":{"name":"(anonymous_47)","decl":{"start":{"line":301,"column":13},"end":{"line":301,"column":14}},"loc":{"start":{"line":301,"column":33},"end":{"line":305,"column":7}},"line":301},"48":{"name":"(anonymous_48)","decl":{"start":{"line":309,"column":35},"end":{"line":309,"column":36}},"loc":{"start":{"line":309,"column":47},"end":{"line":338,"column":1}},"line":309},"49":{"name":"(anonymous_49)","decl":{"start":{"line":310,"column":60},"end":{"line":310,"column":61}},"loc":{"start":{"line":310,"column":72},"end":{"line":337,"column":3}},"line":310},"50":{"name":"(anonymous_50)","decl":{"start":{"line":311,"column":11},"end":{"line":311,"column":12}},"loc":{"start":{"line":311,"column":27},"end":{"line":327,"column":5}},"line":311},"51":{"name":"(anonymous_51)","decl":{"start":{"line":317,"column":91},"end":{"line":317,"column":92}},"loc":{"start":{"line":317,"column":111},"end":{"line":326,"column":7}},"line":317},"52":{"name":"(anonymous_52)","decl":{"start":{"line":328,"column":99},"end":{"line":328,"column":100}},"loc":{"start":{"line":328,"column":115},"end":{"line":336,"column":5}},"line":328},"53":{"name":"(anonymous_53)","decl":{"start":{"line":331,"column":133},"end":{"line":331,"column":134}},"loc":{"start":{"line":331,"column":153},"end":{"line":335,"column":7}},"line":331},"54":{"name":"(anonymous_54)","decl":{"start":{"line":339,"column":35},"end":{"line":339,"column":36}},"loc":{"start":{"line":339,"column":47},"end":{"line":377,"column":1}},"line":339},"55":{"name":"(anonymous_55)","decl":{"start":{"line":340,"column":60},"end":{"line":340,"column":61}},"loc":{"start":{"line":340,"column":72},"end":{"line":376,"column":3}},"line":340},"56":{"name":"(anonymous_56)","decl":{"start":{"line":341,"column":11},"end":{"line":341,"column":12}},"loc":{"start":{"line":341,"column":27},"end":{"line":357,"column":5}},"line":341},"57":{"name":"(anonymous_57)","decl":{"start":{"line":347,"column":101},"end":{"line":347,"column":102}},"loc":{"start":{"line":347,"column":121},"end":{"line":356,"column":7}},"line":347},"58":{"name":"(anonymous_58)","decl":{"start":{"line":358,"column":59},"end":{"line":358,"column":60}},"loc":{"start":{"line":358,"column":75},"end":{"line":366,"column":5}},"line":358},"59":{"name":"(anonymous_59)","decl":{"start":{"line":361,"column":136},"end":{"line":361,"column":137}},"loc":{"start":{"line":361,"column":156},"end":{"line":365,"column":7}},"line":361},"60":{"name":"(anonymous_60)","decl":{"start":{"line":367,"column":67},"end":{"line":367,"column":68}},"loc":{"start":{"line":367,"column":83},"end":{"line":375,"column":5}},"line":367},"61":{"name":"(anonymous_61)","decl":{"start":{"line":370,"column":136},"end":{"line":370,"column":137}},"loc":{"start":{"line":370,"column":156},"end":{"line":374,"column":7}},"line":370},"62":{"name":"(anonymous_62)","decl":{"start":{"line":378,"column":45},"end":{"line":378,"column":46}},"loc":{"start":{"line":378,"column":57},"end":{"line":403,"column":1}},"line":378},"63":{"name":"(anonymous_63)","decl":{"start":{"line":379,"column":46},"end":{"line":379,"column":47}},"loc":{"start":{"line":379,"column":58},"end":{"line":402,"column":3}},"line":379},"64":{"name":"(anonymous_64)","decl":{"start":{"line":380,"column":61},"end":{"line":380,"column":62}},"loc":{"start":{"line":380,"column":77},"end":{"line":390,"column":5}},"line":380},"65":{"name":"(anonymous_65)","decl":{"start":{"line":385,"column":13},"end":{"line":385,"column":14}},"loc":{"start":{"line":385,"column":33},"end":{"line":389,"column":7}},"line":385},"66":{"name":"(anonymous_66)","decl":{"start":{"line":391,"column":68},"end":{"line":391,"column":69}},"loc":{"start":{"line":391,"column":84},"end":{"line":401,"column":5}},"line":391},"67":{"name":"(anonymous_67)","decl":{"start":{"line":396,"column":13},"end":{"line":396,"column":14}},"loc":{"start":{"line":396,"column":33},"end":{"line":400,"column":7}},"line":396},"68":{"name":"(anonymous_68)","decl":{"start":{"line":405,"column":18},"end":{"line":405,"column":19}},"loc":{"start":{"line":405,"column":30},"end":{"line":416,"column":1}},"line":405},"69":{"name":"(anonymous_69)","decl":{"start":{"line":406,"column":33},"end":{"line":406,"column":34}},"loc":{"start":{"line":406,"column":49},"end":{"line":415,"column":3}},"line":406},"70":{"name":"(anonymous_70)","decl":{"start":{"line":407,"column":77},"end":{"line":407,"column":78}},"loc":{"start":{"line":407,"column":97},"end":{"line":414,"column":5}},"line":407}},"branchMap":{"0":{"loc":{"start":{"line":9,"column":46},"end":{"line":9,"column":94}},"type":"cond-expr","locations":[{"start":{"line":9,"column":70},"end":{"line":9,"column":73}},{"start":{"line":9,"column":76},"end":{"line":9,"column":94}}],"line":9},"1":{"loc":{"start":{"line":9,"column":46},"end":{"line":9,"column":67}},"type":"binary-expr","locations":[{"start":{"line":9,"column":46},"end":{"line":9,"column":49}},{"start":{"line":9,"column":53},"end":{"line":9,"column":67}}],"line":9},"2":{"loc":{"start":{"line":321,"column":8},"end":{"line":323,"column":9}},"type":"if","locations":[{"start":{"line":321,"column":8},"end":{"line":323,"column":9}},{"start":{"line":321,"column":8},"end":{"line":323,"column":9}}],"line":321},"3":{"loc":{"start":{"line":351,"column":8},"end":{"line":353,"column":9}},"type":"if","locations":[{"start":{"line":351,"column":8},"end":{"line":353,"column":9}},{"start":{"line":351,"column":8},"end":{"line":353,"column":9}}],"line":351},"4":{"loc":{"start":{"line":408,"column":6},"end":{"line":408,"column":22}},"type":"if","locations":[{"start":{"line":408,"column":6},"end":{"line":408,"column":22}},{"start":{"line":408,"column":6},"end":{"line":408,"column":22}}],"line":408}},"s":{"0":1,"1":1,"2":1,"3":3,"4":1,"5":1,"6":1,"7":1,"8":1,"9":1,"10":1,"11":1,"12":1,"13":1,"14":1,"15":1,"16":1,"17":1,"18":1,"19":1,"20":1,"21":1,"22":1,"23":1,"24":1,"25":1,"26":1,"27":1,"28":1,"29":1,"30":1,"31":1,"32":1,"33":1,"34":1,"35":1,"36":1,"37":1,"38":1,"39":1,"40":1,"41":1,"42":1,"43":1,"44":1,"45":1,"46":1,"47":1,"48":1,"49":1,"50":1,"51":1,"52":1,"53":1,"54":1,"55":1,"56":1,"57":1,"58":1,"59":1,"60":1,"61":1,"62":1,"63":1,"64":1,"65":1,"66":1,"67":1,"68":1,"69":1,"70":1,"71":1,"72":1,"73":1,"74":1,"75":1,"76":1,"77":1,"78":1,"79":1,"80":1,"81":1,"82":1,"83":1,"84":1,"85":1,"86":1,"87":1,"88":1,"89":1,"90":1,"91":1,"92":1,"93":1,"94":1,"95":1,"96":1,"97":1,"98":1,"99":1,"100":1,"101":1,"102":1,"103":1,"104":1,"105":1,"106":1,"107":1,"108":1,"109":1,"110":1,"111":1,"112":1,"113":1,"114":1,"115":1,"116":1,"117":1,"118":1,"119":1,"120":1,"121":1,"122":1,"123":1,"124":1,"125":1,"126":1,"127":1,"128":1,"129":1,"130":1,"131":1,"132":1,"133":1,"134":1,"135":1,"136":1,"137":1,"138":1,"139":1,"140":1,"141":1,"142":1,"143":1,"144":1,"145":1,"146":1,"147":1,"148":1,"149":1,"150":1,"151":1,"152":1,"153":1,"154":1,"155":1,"156":1,"157":1,"158":1,"159":1,"160":1,"161":1,"162":1,"163":1,"164":1,"165":1,"166":1,"167":1,"168":1,"169":1,"170":1,"171":1,"172":1,"173":1,"174":1,"175":1,"176":1,"177":1,"178":1,"179":1,"180":1,"181":1,"182":1,"183":1,"184":1,"185":1,"186":1,"187":1,"188":1,"189":1,"190":1,"191":1,"192":1,"193":1,"194":1,"195":0,"196":1,"197":1,"198":1,"199":1,"200":1},"f":{"0":3,"1":1,"2":1,"3":1,"4":1,"5":1,"6":1,"7":1,"8":1,"9":1,"10":1,"11":1,"12":1,"13":1,"14":1,"15":1,"16":1,"17":1,"18":1,"19":1,"20":1,"21":1,"22":1,"23":1,"24":1,"25":1,"26":1,"27":1,"28":1,"29":1,"30":1,"31":1,"32":1,"33":1,"34":1,"35":1,"36":1,"37":1,"38":1,"39":1,"40":1,"41":1,"42":1,"43":1,"44":1,"45":1,"46":1,"47":1,"48":1,"49":1,"50":1,"51":1,"52":1,"53":1,"54":1,"55":1,"56":1,"57":1,"58":1,"59":1,"60":1,"61":1,"62":1,"63":1,"64":1,"65":1,"66":1,"67":1,"68":1,"69":1,"70":1},"b":{"0":[1,2],"1":[3,3],"2":[1,0],"3":[1,0],"4":[0,1]},"_coverageSchema":"43e27e138ebf9cfc5966b082cf9a028302ed4184","hash":"57c0ae7fc9de0aa7aea49c0c22821cb66f56fe9d","contentHash":"74aeaea7ceaff781a14b8627d52aa1430b4935b15186f3e6915a3fc336c02eac"}}