{"C:\\Users\\User\\Pictures\\Banka-Project\\Server\\tests\\accountTest.js":{"path":"C:\\Users\\User\\Pictures\\Banka-Project\\Server\\tests\\accountTest.js","statementMap":{"0":{"start":{"line":3,"column":12},"end":{"line":3,"column":51}},"1":{"start":{"line":5,"column":16},"end":{"line":5,"column":60}},"2":{"start":{"line":7,"column":11},"end":{"line":7,"column":52}},"3":{"start":{"line":9,"column":39},"end":{"line":9,"column":95}},"4":{"start":{"line":14,"column":13},"end":{"line":14,"column":36}},"5":{"start":{"line":16,"column":0},"end":{"line":16,"column":43}},"6":{"start":{"line":18,"column":16},"end":{"line":18,"column":18}},"7":{"start":{"line":19,"column":17},"end":{"line":19,"column":19}},"8":{"start":{"line":20,"column":19},"end":{"line":20,"column":21}},"9":{"start":{"line":23,"column":0},"end":{"line":192,"column":3}},"10":{"start":{"line":24,"column":2},"end":{"line":40,"column":5}},"11":{"start":{"line":25,"column":15},"end":{"line":28,"column":5}},"12":{"start":{"line":30,"column":4},"end":{"line":39,"column":7}},"13":{"start":{"line":31,"column":17},"end":{"line":31,"column":25}},"14":{"start":{"line":32,"column":6},"end":{"line":32,"column":44}},"15":{"start":{"line":34,"column":6},"end":{"line":36,"column":7}},"16":{"start":{"line":35,"column":8},"end":{"line":35,"column":36}},"17":{"start":{"line":38,"column":6},"end":{"line":38,"column":13}},"18":{"start":{"line":41,"column":2},"end":{"line":54,"column":5}},"19":{"start":{"line":42,"column":4},"end":{"line":53,"column":7}},"20":{"start":{"line":43,"column":6},"end":{"line":52,"column":9}},"21":{"start":{"line":47,"column":19},"end":{"line":47,"column":27}},"22":{"start":{"line":48,"column":8},"end":{"line":48,"column":46}},"23":{"start":{"line":49,"column":8},"end":{"line":49,"column":40}},"24":{"start":{"line":50,"column":8},"end":{"line":50,"column":74}},"25":{"start":{"line":51,"column":8},"end":{"line":51,"column":15}},"26":{"start":{"line":55,"column":2},"end":{"line":112,"column":5}},"27":{"start":{"line":56,"column":4},"end":{"line":68,"column":7}},"28":{"start":{"line":57,"column":26},"end":{"line":57,"column":39}},"29":{"start":{"line":59,"column":6},"end":{"line":67,"column":9}},"30":{"start":{"line":62,"column":19},"end":{"line":62,"column":27}},"31":{"start":{"line":63,"column":8},"end":{"line":63,"column":46}},"32":{"start":{"line":64,"column":8},"end":{"line":64,"column":40}},"33":{"start":{"line":65,"column":8},"end":{"line":65,"column":87}},"34":{"start":{"line":66,"column":8},"end":{"line":66,"column":15}},"35":{"start":{"line":69,"column":4},"end":{"line":86,"column":7}},"36":{"start":{"line":70,"column":27},"end":{"line":74,"column":7}},"37":{"start":{"line":76,"column":6},"end":{"line":85,"column":9}},"38":{"start":{"line":77,"column":19},"end":{"line":77,"column":27}},"39":{"start":{"line":78,"column":8},"end":{"line":78,"column":46}},"40":{"start":{"line":80,"column":8},"end":{"line":82,"column":9}},"41":{"start":{"line":81,"column":10},"end":{"line":81,"column":39}},"42":{"start":{"line":84,"column":8},"end":{"line":84,"column":15}},"43":{"start":{"line":87,"column":4},"end":{"line":100,"column":7}},"44":{"start":{"line":88,"column":26},"end":{"line":88,"column":36}},"45":{"start":{"line":90,"column":6},"end":{"line":99,"column":9}},"46":{"start":{"line":93,"column":19},"end":{"line":93,"column":27}},"47":{"start":{"line":94,"column":8},"end":{"line":94,"column":46}},"48":{"start":{"line":95,"column":8},"end":{"line":95,"column":40}},"49":{"start":{"line":96,"column":8},"end":{"line":96,"column":58}},"50":{"start":{"line":97,"column":8},"end":{"line":97,"column":55}},"51":{"start":{"line":98,"column":8},"end":{"line":98,"column":15}},"52":{"start":{"line":101,"column":4},"end":{"line":111,"column":7}},"53":{"start":{"line":102,"column":26},"end":{"line":102,"column":37}},"54":{"start":{"line":104,"column":6},"end":{"line":110,"column":9}},"55":{"start":{"line":105,"column":19},"end":{"line":105,"column":27}},"56":{"start":{"line":106,"column":8},"end":{"line":106,"column":46}},"57":{"start":{"line":107,"column":8},"end":{"line":107,"column":40}},"58":{"start":{"line":108,"column":8},"end":{"line":108,"column":63}},"59":{"start":{"line":109,"column":8},"end":{"line":109,"column":15}},"60":{"start":{"line":113,"column":2},"end":{"line":147,"column":5}},"61":{"start":{"line":114,"column":4},"end":{"line":124,"column":7}},"62":{"start":{"line":115,"column":26},"end":{"line":115,"column":39}},"63":{"start":{"line":117,"column":6},"end":{"line":123,"column":9}},"64":{"start":{"line":118,"column":19},"end":{"line":118,"column":27}},"65":{"start":{"line":119,"column":8},"end":{"line":119,"column":46}},"66":{"start":{"line":120,"column":8},"end":{"line":120,"column":40}},"67":{"start":{"line":121,"column":8},"end":{"line":121,"column":87}},"68":{"start":{"line":122,"column":8},"end":{"line":122,"column":15}},"69":{"start":{"line":125,"column":4},"end":{"line":135,"column":7}},"70":{"start":{"line":126,"column":26},"end":{"line":126,"column":39}},"71":{"start":{"line":128,"column":6},"end":{"line":134,"column":9}},"72":{"start":{"line":129,"column":19},"end":{"line":129,"column":27}},"73":{"start":{"line":130,"column":8},"end":{"line":130,"column":46}},"74":{"start":{"line":131,"column":8},"end":{"line":131,"column":40}},"75":{"start":{"line":132,"column":8},"end":{"line":132,"column":61}},"76":{"start":{"line":133,"column":8},"end":{"line":133,"column":15}},"77":{"start":{"line":136,"column":4},"end":{"line":146,"column":7}},"78":{"start":{"line":137,"column":26},"end":{"line":137,"column":40}},"79":{"start":{"line":139,"column":6},"end":{"line":145,"column":9}},"80":{"start":{"line":140,"column":19},"end":{"line":140,"column":27}},"81":{"start":{"line":141,"column":8},"end":{"line":141,"column":46}},"82":{"start":{"line":142,"column":8},"end":{"line":142,"column":40}},"83":{"start":{"line":143,"column":8},"end":{"line":143,"column":74}},"84":{"start":{"line":144,"column":8},"end":{"line":144,"column":15}},"85":{"start":{"line":148,"column":2},"end":{"line":164,"column":5}},"86":{"start":{"line":149,"column":25},"end":{"line":152,"column":5}},"87":{"start":{"line":154,"column":4},"end":{"line":163,"column":7}},"88":{"start":{"line":155,"column":17},"end":{"line":155,"column":25}},"89":{"start":{"line":156,"column":6},"end":{"line":156,"column":44}},"90":{"start":{"line":158,"column":6},"end":{"line":160,"column":7}},"91":{"start":{"line":159,"column":8},"end":{"line":159,"column":39}},"92":{"start":{"line":162,"column":6},"end":{"line":162,"column":13}},"93":{"start":{"line":165,"column":2},"end":{"line":178,"column":5}},"94":{"start":{"line":166,"column":24},"end":{"line":166,"column":37}},"95":{"start":{"line":168,"column":4},"end":{"line":177,"column":7}},"96":{"start":{"line":171,"column":17},"end":{"line":171,"column":25}},"97":{"start":{"line":172,"column":6},"end":{"line":172,"column":44}},"98":{"start":{"line":173,"column":6},"end":{"line":173,"column":38}},"99":{"start":{"line":174,"column":6},"end":{"line":174,"column":56}},"100":{"start":{"line":175,"column":6},"end":{"line":175,"column":53}},"101":{"start":{"line":176,"column":6},"end":{"line":176,"column":13}},"102":{"start":{"line":193,"column":0},"end":{"line":360,"column":3}},"103":{"start":{"line":194,"column":2},"end":{"line":210,"column":5}},"104":{"start":{"line":195,"column":15},"end":{"line":198,"column":5}},"105":{"start":{"line":200,"column":4},"end":{"line":209,"column":7}},"106":{"start":{"line":201,"column":17},"end":{"line":201,"column":25}},"107":{"start":{"line":202,"column":6},"end":{"line":202,"column":44}},"108":{"start":{"line":204,"column":6},"end":{"line":206,"column":7}},"109":{"start":{"line":205,"column":8},"end":{"line":205,"column":36}},"110":{"start":{"line":208,"column":6},"end":{"line":208,"column":13}},"111":{"start":{"line":211,"column":2},"end":{"line":224,"column":5}},"112":{"start":{"line":212,"column":4},"end":{"line":223,"column":7}},"113":{"start":{"line":213,"column":6},"end":{"line":222,"column":9}},"114":{"start":{"line":217,"column":19},"end":{"line":217,"column":27}},"115":{"start":{"line":218,"column":8},"end":{"line":218,"column":46}},"116":{"start":{"line":219,"column":8},"end":{"line":219,"column":40}},"117":{"start":{"line":220,"column":8},"end":{"line":220,"column":113}},"118":{"start":{"line":221,"column":8},"end":{"line":221,"column":15}},"119":{"start":{"line":225,"column":2},"end":{"line":282,"column":5}},"120":{"start":{"line":226,"column":4},"end":{"line":238,"column":7}},"121":{"start":{"line":227,"column":26},"end":{"line":227,"column":39}},"122":{"start":{"line":229,"column":6},"end":{"line":237,"column":9}},"123":{"start":{"line":232,"column":19},"end":{"line":232,"column":27}},"124":{"start":{"line":233,"column":8},"end":{"line":233,"column":46}},"125":{"start":{"line":234,"column":8},"end":{"line":234,"column":40}},"126":{"start":{"line":235,"column":8},"end":{"line":235,"column":87}},"127":{"start":{"line":236,"column":8},"end":{"line":236,"column":15}},"128":{"start":{"line":239,"column":4},"end":{"line":256,"column":7}},"129":{"start":{"line":240,"column":27},"end":{"line":244,"column":7}},"130":{"start":{"line":246,"column":6},"end":{"line":255,"column":9}},"131":{"start":{"line":247,"column":19},"end":{"line":247,"column":27}},"132":{"start":{"line":248,"column":8},"end":{"line":248,"column":46}},"133":{"start":{"line":250,"column":8},"end":{"line":252,"column":9}},"134":{"start":{"line":251,"column":10},"end":{"line":251,"column":39}},"135":{"start":{"line":254,"column":8},"end":{"line":254,"column":15}},"136":{"start":{"line":257,"column":4},"end":{"line":270,"column":7}},"137":{"start":{"line":258,"column":26},"end":{"line":258,"column":34}},"138":{"start":{"line":260,"column":6},"end":{"line":269,"column":9}},"139":{"start":{"line":263,"column":19},"end":{"line":263,"column":27}},"140":{"start":{"line":264,"column":8},"end":{"line":264,"column":46}},"141":{"start":{"line":265,"column":8},"end":{"line":265,"column":40}},"142":{"start":{"line":266,"column":8},"end":{"line":266,"column":58}},"143":{"start":{"line":267,"column":8},"end":{"line":267,"column":55}},"144":{"start":{"line":268,"column":8},"end":{"line":268,"column":15}},"145":{"start":{"line":271,"column":4},"end":{"line":281,"column":7}},"146":{"start":{"line":272,"column":26},"end":{"line":272,"column":37}},"147":{"start":{"line":274,"column":6},"end":{"line":280,"column":9}},"148":{"start":{"line":275,"column":19},"end":{"line":275,"column":27}},"149":{"start":{"line":276,"column":8},"end":{"line":276,"column":46}},"150":{"start":{"line":277,"column":8},"end":{"line":277,"column":40}},"151":{"start":{"line":278,"column":8},"end":{"line":278,"column":63}},"152":{"start":{"line":279,"column":8},"end":{"line":279,"column":15}},"153":{"start":{"line":283,"column":2},"end":{"line":317,"column":5}},"154":{"start":{"line":284,"column":4},"end":{"line":294,"column":7}},"155":{"start":{"line":285,"column":26},"end":{"line":285,"column":40}},"156":{"start":{"line":287,"column":6},"end":{"line":293,"column":9}},"157":{"start":{"line":288,"column":19},"end":{"line":288,"column":27}},"158":{"start":{"line":289,"column":8},"end":{"line":289,"column":46}},"159":{"start":{"line":290,"column":8},"end":{"line":290,"column":40}},"160":{"start":{"line":291,"column":8},"end":{"line":291,"column":87}},"161":{"start":{"line":292,"column":8},"end":{"line":292,"column":15}},"162":{"start":{"line":295,"column":4},"end":{"line":305,"column":7}},"163":{"start":{"line":296,"column":26},"end":{"line":296,"column":39}},"164":{"start":{"line":298,"column":6},"end":{"line":304,"column":9}},"165":{"start":{"line":299,"column":19},"end":{"line":299,"column":27}},"166":{"start":{"line":300,"column":8},"end":{"line":300,"column":46}},"167":{"start":{"line":301,"column":8},"end":{"line":301,"column":40}},"168":{"start":{"line":302,"column":8},"end":{"line":302,"column":63}},"169":{"start":{"line":303,"column":8},"end":{"line":303,"column":15}},"170":{"start":{"line":306,"column":4},"end":{"line":316,"column":7}},"171":{"start":{"line":307,"column":26},"end":{"line":307,"column":34}},"172":{"start":{"line":309,"column":6},"end":{"line":315,"column":9}},"173":{"start":{"line":310,"column":19},"end":{"line":310,"column":27}},"174":{"start":{"line":311,"column":8},"end":{"line":311,"column":46}},"175":{"start":{"line":312,"column":8},"end":{"line":312,"column":40}},"176":{"start":{"line":313,"column":8},"end":{"line":313,"column":74}},"177":{"start":{"line":314,"column":8},"end":{"line":314,"column":15}},"178":{"start":{"line":318,"column":2},"end":{"line":334,"column":5}},"179":{"start":{"line":319,"column":25},"end":{"line":322,"column":5}},"180":{"start":{"line":324,"column":4},"end":{"line":333,"column":7}},"181":{"start":{"line":325,"column":17},"end":{"line":325,"column":25}},"182":{"start":{"line":326,"column":6},"end":{"line":326,"column":44}},"183":{"start":{"line":328,"column":6},"end":{"line":330,"column":7}},"184":{"start":{"line":329,"column":8},"end":{"line":329,"column":39}},"185":{"start":{"line":332,"column":6},"end":{"line":332,"column":13}},"186":{"start":{"line":335,"column":2},"end":{"line":348,"column":5}},"187":{"start":{"line":336,"column":24},"end":{"line":336,"column":32}},"188":{"start":{"line":338,"column":4},"end":{"line":347,"column":7}},"189":{"start":{"line":341,"column":17},"end":{"line":341,"column":25}},"190":{"start":{"line":342,"column":6},"end":{"line":342,"column":44}},"191":{"start":{"line":343,"column":6},"end":{"line":343,"column":38}},"192":{"start":{"line":344,"column":6},"end":{"line":344,"column":56}},"193":{"start":{"line":345,"column":6},"end":{"line":345,"column":53}},"194":{"start":{"line":346,"column":6},"end":{"line":346,"column":13}},"195":{"start":{"line":349,"column":2},"end":{"line":359,"column":5}},"196":{"start":{"line":350,"column":24},"end":{"line":350,"column":32}},"197":{"start":{"line":352,"column":4},"end":{"line":358,"column":7}},"198":{"start":{"line":353,"column":17},"end":{"line":353,"column":25}},"199":{"start":{"line":354,"column":6},"end":{"line":354,"column":44}},"200":{"start":{"line":355,"column":6},"end":{"line":355,"column":38}},"201":{"start":{"line":356,"column":6},"end":{"line":356,"column":72}},"202":{"start":{"line":357,"column":6},"end":{"line":357,"column":13}}},"fnMap":{"0":{"name":"_interopRequireDefault","decl":{"start":{"line":9,"column":9},"end":{"line":9,"column":31}},"loc":{"start":{"line":9,"column":37},"end":{"line":9,"column":97}},"line":9},"1":{"name":"(anonymous_1)","decl":{"start":{"line":23,"column":53},"end":{"line":23,"column":54}},"loc":{"start":{"line":23,"column":65},"end":{"line":192,"column":1}},"line":23},"2":{"name":"(anonymous_2)","decl":{"start":{"line":24,"column":9},"end":{"line":24,"column":10}},"loc":{"start":{"line":24,"column":25},"end":{"line":40,"column":3}},"line":24},"3":{"name":"(anonymous_3)","decl":{"start":{"line":30,"column":89},"end":{"line":30,"column":90}},"loc":{"start":{"line":30,"column":109},"end":{"line":39,"column":5}},"line":30},"4":{"name":"(anonymous_4)","decl":{"start":{"line":41,"column":35},"end":{"line":41,"column":36}},"loc":{"start":{"line":41,"column":47},"end":{"line":54,"column":3}},"line":41},"5":{"name":"(anonymous_5)","decl":{"start":{"line":42,"column":67},"end":{"line":42,"column":68}},"loc":{"start":{"line":42,"column":83},"end":{"line":53,"column":5}},"line":42},"6":{"name":"(anonymous_6)","decl":{"start":{"line":46,"column":13},"end":{"line":46,"column":14}},"loc":{"start":{"line":46,"column":33},"end":{"line":52,"column":7}},"line":46},"7":{"name":"(anonymous_7)","decl":{"start":{"line":55,"column":45},"end":{"line":55,"column":46}},"loc":{"start":{"line":55,"column":57},"end":{"line":112,"column":3}},"line":55},"8":{"name":"(anonymous_8)","decl":{"start":{"line":56,"column":67},"end":{"line":56,"column":68}},"loc":{"start":{"line":56,"column":83},"end":{"line":68,"column":5}},"line":56},"9":{"name":"(anonymous_9)","decl":{"start":{"line":61,"column":13},"end":{"line":61,"column":14}},"loc":{"start":{"line":61,"column":33},"end":{"line":67,"column":7}},"line":61},"10":{"name":"(anonymous_10)","decl":{"start":{"line":69,"column":35},"end":{"line":69,"column":36}},"loc":{"start":{"line":69,"column":51},"end":{"line":86,"column":5}},"line":69},"11":{"name":"(anonymous_11)","decl":{"start":{"line":76,"column":101},"end":{"line":76,"column":102}},"loc":{"start":{"line":76,"column":121},"end":{"line":85,"column":7}},"line":76},"12":{"name":"(anonymous_12)","decl":{"start":{"line":87,"column":63},"end":{"line":87,"column":64}},"loc":{"start":{"line":87,"column":79},"end":{"line":100,"column":5}},"line":87},"13":{"name":"(anonymous_13)","decl":{"start":{"line":92,"column":13},"end":{"line":92,"column":14}},"loc":{"start":{"line":92,"column":33},"end":{"line":99,"column":7}},"line":92},"14":{"name":"(anonymous_14)","decl":{"start":{"line":101,"column":78},"end":{"line":101,"column":79}},"loc":{"start":{"line":101,"column":94},"end":{"line":111,"column":5}},"line":101},"15":{"name":"(anonymous_15)","decl":{"start":{"line":104,"column":135},"end":{"line":104,"column":136}},"loc":{"start":{"line":104,"column":155},"end":{"line":110,"column":7}},"line":104},"16":{"name":"(anonymous_16)","decl":{"start":{"line":113,"column":46},"end":{"line":113,"column":47}},"loc":{"start":{"line":113,"column":58},"end":{"line":147,"column":3}},"line":113},"17":{"name":"(anonymous_17)","decl":{"start":{"line":114,"column":76},"end":{"line":114,"column":77}},"loc":{"start":{"line":114,"column":92},"end":{"line":124,"column":5}},"line":114},"18":{"name":"(anonymous_18)","decl":{"start":{"line":117,"column":138},"end":{"line":117,"column":139}},"loc":{"start":{"line":117,"column":158},"end":{"line":123,"column":7}},"line":117},"19":{"name":"(anonymous_19)","decl":{"start":{"line":125,"column":68},"end":{"line":125,"column":69}},"loc":{"start":{"line":125,"column":84},"end":{"line":135,"column":5}},"line":125},"20":{"name":"(anonymous_20)","decl":{"start":{"line":128,"column":139},"end":{"line":128,"column":140}},"loc":{"start":{"line":128,"column":159},"end":{"line":134,"column":7}},"line":128},"21":{"name":"(anonymous_21)","decl":{"start":{"line":136,"column":73},"end":{"line":136,"column":74}},"loc":{"start":{"line":136,"column":89},"end":{"line":146,"column":5}},"line":136},"22":{"name":"(anonymous_22)","decl":{"start":{"line":139,"column":139},"end":{"line":139,"column":140}},"loc":{"start":{"line":139,"column":159},"end":{"line":145,"column":7}},"line":139},"23":{"name":"(anonymous_23)","decl":{"start":{"line":148,"column":32},"end":{"line":148,"column":33}},"loc":{"start":{"line":148,"column":48},"end":{"line":164,"column":3}},"line":148},"24":{"name":"(anonymous_24)","decl":{"start":{"line":154,"column":99},"end":{"line":154,"column":100}},"loc":{"start":{"line":154,"column":119},"end":{"line":163,"column":5}},"line":154},"25":{"name":"(anonymous_25)","decl":{"start":{"line":165,"column":61},"end":{"line":165,"column":62}},"loc":{"start":{"line":165,"column":77},"end":{"line":178,"column":3}},"line":165},"26":{"name":"(anonymous_26)","decl":{"start":{"line":170,"column":11},"end":{"line":170,"column":12}},"loc":{"start":{"line":170,"column":31},"end":{"line":177,"column":5}},"line":170},"27":{"name":"(anonymous_27)","decl":{"start":{"line":193,"column":53},"end":{"line":193,"column":54}},"loc":{"start":{"line":193,"column":65},"end":{"line":360,"column":1}},"line":193},"28":{"name":"(anonymous_28)","decl":{"start":{"line":194,"column":9},"end":{"line":194,"column":10}},"loc":{"start":{"line":194,"column":25},"end":{"line":210,"column":3}},"line":194},"29":{"name":"(anonymous_29)","decl":{"start":{"line":200,"column":89},"end":{"line":200,"column":90}},"loc":{"start":{"line":200,"column":109},"end":{"line":209,"column":5}},"line":200},"30":{"name":"(anonymous_30)","decl":{"start":{"line":211,"column":35},"end":{"line":211,"column":36}},"loc":{"start":{"line":211,"column":47},"end":{"line":224,"column":3}},"line":211},"31":{"name":"(anonymous_31)","decl":{"start":{"line":212,"column":67},"end":{"line":212,"column":68}},"loc":{"start":{"line":212,"column":83},"end":{"line":223,"column":5}},"line":212},"32":{"name":"(anonymous_32)","decl":{"start":{"line":216,"column":13},"end":{"line":216,"column":14}},"loc":{"start":{"line":216,"column":33},"end":{"line":222,"column":7}},"line":216},"33":{"name":"(anonymous_33)","decl":{"start":{"line":225,"column":45},"end":{"line":225,"column":46}},"loc":{"start":{"line":225,"column":57},"end":{"line":282,"column":3}},"line":225},"34":{"name":"(anonymous_34)","decl":{"start":{"line":226,"column":67},"end":{"line":226,"column":68}},"loc":{"start":{"line":226,"column":83},"end":{"line":238,"column":5}},"line":226},"35":{"name":"(anonymous_35)","decl":{"start":{"line":231,"column":13},"end":{"line":231,"column":14}},"loc":{"start":{"line":231,"column":33},"end":{"line":237,"column":7}},"line":231},"36":{"name":"(anonymous_36)","decl":{"start":{"line":239,"column":35},"end":{"line":239,"column":36}},"loc":{"start":{"line":239,"column":51},"end":{"line":256,"column":5}},"line":239},"37":{"name":"(anonymous_37)","decl":{"start":{"line":246,"column":101},"end":{"line":246,"column":102}},"loc":{"start":{"line":246,"column":121},"end":{"line":255,"column":7}},"line":246},"38":{"name":"(anonymous_38)","decl":{"start":{"line":257,"column":63},"end":{"line":257,"column":64}},"loc":{"start":{"line":257,"column":79},"end":{"line":270,"column":5}},"line":257},"39":{"name":"(anonymous_39)","decl":{"start":{"line":262,"column":13},"end":{"line":262,"column":14}},"loc":{"start":{"line":262,"column":33},"end":{"line":269,"column":7}},"line":262},"40":{"name":"(anonymous_40)","decl":{"start":{"line":271,"column":78},"end":{"line":271,"column":79}},"loc":{"start":{"line":271,"column":94},"end":{"line":281,"column":5}},"line":271},"41":{"name":"(anonymous_41)","decl":{"start":{"line":274,"column":135},"end":{"line":274,"column":136}},"loc":{"start":{"line":274,"column":155},"end":{"line":280,"column":7}},"line":274},"42":{"name":"(anonymous_42)","decl":{"start":{"line":283,"column":46},"end":{"line":283,"column":47}},"loc":{"start":{"line":283,"column":58},"end":{"line":317,"column":3}},"line":283},"43":{"name":"(anonymous_43)","decl":{"start":{"line":284,"column":76},"end":{"line":284,"column":77}},"loc":{"start":{"line":284,"column":92},"end":{"line":294,"column":5}},"line":284},"44":{"name":"(anonymous_44)","decl":{"start":{"line":287,"column":138},"end":{"line":287,"column":139}},"loc":{"start":{"line":287,"column":158},"end":{"line":293,"column":7}},"line":287},"45":{"name":"(anonymous_45)","decl":{"start":{"line":295,"column":68},"end":{"line":295,"column":69}},"loc":{"start":{"line":295,"column":84},"end":{"line":305,"column":5}},"line":295},"46":{"name":"(anonymous_46)","decl":{"start":{"line":298,"column":139},"end":{"line":298,"column":140}},"loc":{"start":{"line":298,"column":159},"end":{"line":304,"column":7}},"line":298},"47":{"name":"(anonymous_47)","decl":{"start":{"line":306,"column":73},"end":{"line":306,"column":74}},"loc":{"start":{"line":306,"column":89},"end":{"line":316,"column":5}},"line":306},"48":{"name":"(anonymous_48)","decl":{"start":{"line":309,"column":139},"end":{"line":309,"column":140}},"loc":{"start":{"line":309,"column":159},"end":{"line":315,"column":7}},"line":309},"49":{"name":"(anonymous_49)","decl":{"start":{"line":318,"column":32},"end":{"line":318,"column":33}},"loc":{"start":{"line":318,"column":48},"end":{"line":334,"column":3}},"line":318},"50":{"name":"(anonymous_50)","decl":{"start":{"line":324,"column":99},"end":{"line":324,"column":100}},"loc":{"start":{"line":324,"column":119},"end":{"line":333,"column":5}},"line":324},"51":{"name":"(anonymous_51)","decl":{"start":{"line":335,"column":61},"end":{"line":335,"column":62}},"loc":{"start":{"line":335,"column":77},"end":{"line":348,"column":3}},"line":335},"52":{"name":"(anonymous_52)","decl":{"start":{"line":340,"column":11},"end":{"line":340,"column":12}},"loc":{"start":{"line":340,"column":31},"end":{"line":347,"column":5}},"line":340},"53":{"name":"(anonymous_53)","decl":{"start":{"line":349,"column":71},"end":{"line":349,"column":72}},"loc":{"start":{"line":349,"column":87},"end":{"line":359,"column":3}},"line":349},"54":{"name":"(anonymous_54)","decl":{"start":{"line":352,"column":139},"end":{"line":352,"column":140}},"loc":{"start":{"line":352,"column":159},"end":{"line":358,"column":5}},"line":352}},"branchMap":{"0":{"loc":{"start":{"line":9,"column":46},"end":{"line":9,"column":94}},"type":"cond-expr","locations":[{"start":{"line":9,"column":70},"end":{"line":9,"column":73}},{"start":{"line":9,"column":76},"end":{"line":9,"column":94}}],"line":9},"1":{"loc":{"start":{"line":9,"column":46},"end":{"line":9,"column":67}},"type":"binary-expr","locations":[{"start":{"line":9,"column":46},"end":{"line":9,"column":49}},{"start":{"line":9,"column":53},"end":{"line":9,"column":67}}],"line":9},"2":{"loc":{"start":{"line":34,"column":6},"end":{"line":36,"column":7}},"type":"if","locations":[{"start":{"line":34,"column":6},"end":{"line":36,"column":7}},{"start":{"line":34,"column":6},"end":{"line":36,"column":7}}],"line":34},"3":{"loc":{"start":{"line":80,"column":8},"end":{"line":82,"column":9}},"type":"if","locations":[{"start":{"line":80,"column":8},"end":{"line":82,"column":9}},{"start":{"line":80,"column":8},"end":{"line":82,"column":9}}],"line":80},"4":{"loc":{"start":{"line":158,"column":6},"end":{"line":160,"column":7}},"type":"if","locations":[{"start":{"line":158,"column":6},"end":{"line":160,"column":7}},{"start":{"line":158,"column":6},"end":{"line":160,"column":7}}],"line":158},"5":{"loc":{"start":{"line":204,"column":6},"end":{"line":206,"column":7}},"type":"if","locations":[{"start":{"line":204,"column":6},"end":{"line":206,"column":7}},{"start":{"line":204,"column":6},"end":{"line":206,"column":7}}],"line":204},"6":{"loc":{"start":{"line":250,"column":8},"end":{"line":252,"column":9}},"type":"if","locations":[{"start":{"line":250,"column":8},"end":{"line":252,"column":9}},{"start":{"line":250,"column":8},"end":{"line":252,"column":9}}],"line":250},"7":{"loc":{"start":{"line":328,"column":6},"end":{"line":330,"column":7}},"type":"if","locations":[{"start":{"line":328,"column":6},"end":{"line":330,"column":7}},{"start":{"line":328,"column":6},"end":{"line":330,"column":7}}],"line":328}},"s":{"0":1,"1":1,"2":1,"3":3,"4":1,"5":1,"6":1,"7":1,"8":1,"9":1,"10":1,"11":1,"12":1,"13":1,"14":1,"15":1,"16":1,"17":1,"18":1,"19":1,"20":1,"21":1,"22":1,"23":1,"24":1,"25":1,"26":1,"27":1,"28":1,"29":1,"30":1,"31":1,"32":1,"33":1,"34":1,"35":1,"36":1,"37":1,"38":1,"39":1,"40":1,"41":1,"42":1,"43":1,"44":1,"45":1,"46":1,"47":1,"48":1,"49":1,"50":1,"51":1,"52":1,"53":1,"54":1,"55":1,"56":1,"57":1,"58":1,"59":1,"60":1,"61":1,"62":1,"63":1,"64":1,"65":1,"66":1,"67":1,"68":1,"69":1,"70":1,"71":1,"72":1,"73":1,"74":1,"75":1,"76":1,"77":1,"78":1,"79":1,"80":1,"81":1,"82":1,"83":1,"84":1,"85":1,"86":1,"87":1,"88":1,"89":1,"90":1,"91":1,"92":1,"93":1,"94":1,"95":1,"96":1,"97":1,"98":1,"99":1,"100":1,"101":1,"102":1,"103":1,"104":1,"105":1,"106":1,"107":1,"108":1,"109":1,"110":1,"111":1,"112":1,"113":1,"114":1,"115":1,"116":1,"117":1,"118":1,"119":1,"120":1,"121":1,"122":1,"123":1,"124":1,"125":1,"126":1,"127":1,"128":1,"129":1,"130":1,"131":1,"132":1,"133":1,"134":1,"135":1,"136":1,"137":1,"138":1,"139":1,"140":1,"141":1,"142":1,"143":1,"144":1,"145":1,"146":1,"147":1,"148":1,"149":1,"150":1,"151":1,"152":1,"153":1,"154":1,"155":1,"156":1,"157":1,"158":1,"159":1,"160":1,"161":1,"162":1,"163":1,"164":1,"165":1,"166":1,"167":1,"168":1,"169":1,"170":1,"171":1,"172":1,"173":1,"174":1,"175":1,"176":1,"177":1,"178":1,"179":1,"180":1,"181":1,"182":1,"183":1,"184":1,"185":1,"186":1,"187":1,"188":1,"189":1,"190":1,"191":1,"192":1,"193":1,"194":1,"195":1,"196":1,"197":1,"198":1,"199":1,"200":1,"201":1,"202":1},"f":{"0":3,"1":1,"2":1,"3":1,"4":1,"5":1,"6":1,"7":1,"8":1,"9":1,"10":1,"11":1,"12":1,"13":1,"14":1,"15":1,"16":1,"17":1,"18":1,"19":1,"20":1,"21":1,"22":1,"23":1,"24":1,"25":1,"26":1,"27":1,"28":1,"29":1,"30":1,"31":1,"32":1,"33":1,"34":1,"35":1,"36":1,"37":1,"38":1,"39":1,"40":1,"41":1,"42":1,"43":1,"44":1,"45":1,"46":1,"47":1,"48":1,"49":1,"50":1,"51":1,"52":1,"53":1,"54":1},"b":{"0":[1,2],"1":[3,3],"2":[1,0],"3":[1,0],"4":[1,0],"5":[1,0],"6":[1,0],"7":[1,0]},"_coverageSchema":"43e27e138ebf9cfc5966b082cf9a028302ed4184","hash":"e8f701d36353668f7e50640e9456be1dcceaf20b","contentHash":"4e58fe4f9a9c4a9a6d7d114f68e9c654185f64e2c68e0db4e14876955e6fa57a"},"C:\\Users\\User\\Pictures\\Banka-Project\\Server\\app.js":{"path":"C:\\Users\\User\\Pictures\\Banka-Project\\Server\\app.js","statementMap":{"0":{"start":{"line":3,"column":0},"end":{"line":5,"column":3}},"1":{"start":{"line":6,"column":0},"end":{"line":6,"column":28}},"2":{"start":{"line":8,"column":0},"end":{"line":8,"column":27}},"3":{"start":{"line":10,"column":15},"end":{"line":10,"column":57}},"4":{"start":{"line":12,"column":18},"end":{"line":12,"column":64}},"5":{"start":{"line":14,"column":14},"end":{"line":14,"column":55}},"6":{"start":{"line":16,"column":14},"end":{"line":16,"column":55}},"7":{"start":{"line":18,"column":24},"end":{"line":18,"column":77}},"8":{"start":{"line":20,"column":12},"end":{"line":20,"column":60}},"9":{"start":{"line":22,"column":16},"end":{"line":22,"column":68}},"10":{"start":{"line":24,"column":20},"end":{"line":24,"column":76}},"11":{"start":{"line":26,"column":13},"end":{"line":26,"column":63}},"12":{"start":{"line":28,"column":17},"end":{"line":28,"column":71}},"13":{"start":{"line":30,"column":21},"end":{"line":30,"column":79}},"14":{"start":{"line":32,"column":12},"end":{"line":32,"column":60}},"15":{"start":{"line":34,"column":39},"end":{"line":34,"column":95}},"16":{"start":{"line":36,"column":10},"end":{"line":36,"column":36}},"17":{"start":{"line":38,"column":0},"end":{"line":38,"column":28}},"18":{"start":{"line":40,"column":17},"end":{"line":40,"column":82}},"19":{"start":{"line":42,"column":0},"end":{"line":42,"column":105}},"20":{"start":{"line":43,"column":0},"end":{"line":43,"column":36}},"21":{"start":{"line":44,"column":0},"end":{"line":44,"column":39}},"22":{"start":{"line":45,"column":0},"end":{"line":47,"column":4}},"23":{"start":{"line":48,"column":0},"end":{"line":48,"column":42}},"24":{"start":{"line":49,"column":0},"end":{"line":49,"column":50}},"25":{"start":{"line":50,"column":0},"end":{"line":50,"column":58}},"26":{"start":{"line":51,"column":0},"end":{"line":51,"column":43}},"27":{"start":{"line":52,"column":0},"end":{"line":52,"column":51}},"28":{"start":{"line":53,"column":0},"end":{"line":53,"column":59}},"29":{"start":{"line":54,"column":0},"end":{"line":54,"column":42}},"30":{"start":{"line":55,"column":0},"end":{"line":59,"column":3}},"31":{"start":{"line":56,"column":2},"end":{"line":58,"column":5}},"32":{"start":{"line":60,"column":11},"end":{"line":60,"column":35}},"33":{"start":{"line":61,"column":0},"end":{"line":63,"column":3}},"34":{"start":{"line":62,"column":2},"end":{"line":62,"column":53}},"35":{"start":{"line":64,"column":15},"end":{"line":64,"column":18}},"36":{"start":{"line":65,"column":0},"end":{"line":65,"column":30}}},"fnMap":{"0":{"name":"_interopRequireDefault","decl":{"start":{"line":34,"column":9},"end":{"line":34,"column":31}},"loc":{"start":{"line":34,"column":37},"end":{"line":34,"column":97}},"line":34},"1":{"name":"(anonymous_1)","decl":{"start":{"line":55,"column":13},"end":{"line":55,"column":14}},"loc":{"start":{"line":55,"column":33},"end":{"line":59,"column":1}},"line":55},"2":{"name":"(anonymous_2)","decl":{"start":{"line":61,"column":17},"end":{"line":61,"column":18}},"loc":{"start":{"line":61,"column":29},"end":{"line":63,"column":1}},"line":61}},"branchMap":{"0":{"loc":{"start":{"line":34,"column":46},"end":{"line":34,"column":94}},"type":"cond-expr","locations":[{"start":{"line":34,"column":70},"end":{"line":34,"column":73}},{"start":{"line":34,"column":76},"end":{"line":34,"column":94}}],"line":34},"1":{"loc":{"start":{"line":34,"column":46},"end":{"line":34,"column":67}},"type":"binary-expr","locations":[{"start":{"line":34,"column":46},"end":{"line":34,"column":49}},{"start":{"line":34,"column":53},"end":{"line":34,"column":67}}],"line":34},"2":{"loc":{"start":{"line":60,"column":11},"end":{"line":60,"column":35}},"type":"binary-expr","locations":[{"start":{"line":60,"column":11},"end":{"line":60,"column":27}},{"start":{"line":60,"column":31},"end":{"line":60,"column":35}}],"line":60}},"s":{"0":1,"1":1,"2":1,"3":1,"4":1,"5":1,"6":1,"7":1,"8":1,"9":1,"10":1,"11":1,"12":1,"13":1,"14":1,"15":12,"16":1,"17":1,"18":1,"19":1,"20":1,"21":1,"22":1,"23":1,"24":1,"25":1,"26":1,"27":1,"28":1,"29":1,"30":1,"31":0,"32":1,"33":1,"34":1,"35":1,"36":1},"f":{"0":12,"1":0,"2":1},"b":{"0":[7,5],"1":[12,12],"2":[1,0]},"_coverageSchema":"43e27e138ebf9cfc5966b082cf9a028302ed4184","hash":"8b5a5fe31d0e26eb1aba71af6f3ebbc14cca9b01","contentHash":"fc96995add2b50962bd4ae2b757988cbc4b326f8879ca682971cbc2e1a488db6"},"C:\\Users\\User\\Pictures\\Banka-Project\\Server\\routes\\auth.js":{"path":"C:\\Users\\User\\Pictures\\Banka-Project\\Server\\routes\\auth.js","statementMap":{"0":{"start":{"line":3,"column":0},"end":{"line":5,"column":3}},"1":{"start":{"line":6,"column":0},"end":{"line":6,"column":28}},"2":{"start":{"line":8,"column":15},"end":{"line":8,"column":57}},"3":{"start":{"line":10,"column":22},"end":{"line":10,"column":85}},"4":{"start":{"line":12,"column":39},"end":{"line":12,"column":95}},"5":{"start":{"line":14,"column":24},"end":{"line":14,"column":68}},"6":{"start":{"line":15,"column":12},"end":{"line":15,"column":44}},"7":{"start":{"line":17,"column":13},"end":{"line":17,"column":41}},"8":{"start":{"line":19,"column":0},"end":{"line":19,"column":42}},"9":{"start":{"line":20,"column":0},"end":{"line":20,"column":30}},"10":{"start":{"line":21,"column":15},"end":{"line":21,"column":21}},"11":{"start":{"line":22,"column":0},"end":{"line":22,"column":30}}},"fnMap":{"0":{"name":"_interopRequireDefault","decl":{"start":{"line":12,"column":9},"end":{"line":12,"column":31}},"loc":{"start":{"line":12,"column":37},"end":{"line":12,"column":97}},"line":12}},"branchMap":{"0":{"loc":{"start":{"line":12,"column":46},"end":{"line":12,"column":94}},"type":"cond-expr","locations":[{"start":{"line":12,"column":70},"end":{"line":12,"column":73}},{"start":{"line":12,"column":76},"end":{"line":12,"column":94}}],"line":12},"1":{"loc":{"start":{"line":12,"column":46},"end":{"line":12,"column":67}},"type":"binary-expr","locations":[{"start":{"line":12,"column":46},"end":{"line":12,"column":49}},{"start":{"line":12,"column":53},"end":{"line":12,"column":67}}],"line":12}},"s":{"0":1,"1":1,"2":1,"3":1,"4":2,"5":1,"6":1,"7":1,"8":1,"9":1,"10":1,"11":1},"f":{"0":2},"b":{"0":[1,1],"1":[2,2]},"_coverageSchema":"43e27e138ebf9cfc5966b082cf9a028302ed4184","hash":"a89ac3939751680d598241fadf2314e9217142a9","contentHash":"424a794c462d5fbc6c2638e313b2435f673dc841be8c0b2ef9f3535b77ca4b77"},"C:\\Users\\User\\Pictures\\Banka-Project\\Server\\Controller\\userController.js":{"path":"C:\\Users\\User\\Pictures\\Banka-Project\\Server\\Controller\\userController.js","statementMap":{"0":{"start":{"line":3,"column":0},"end":{"line":5,"column":3}},"1":{"start":{"line":6,"column":0},"end":{"line":6,"column":28}},"2":{"start":{"line":8,"column":16},"end":{"line":8,"column":59}},"3":{"start":{"line":10,"column":17},"end":{"line":10,"column":75}},"4":{"start":{"line":12,"column":16},"end":{"line":12,"column":67}},"5":{"start":{"line":14,"column":14},"end":{"line":14,"column":65}},"6":{"start":{"line":16,"column":13},"end":{"line":16,"column":65}},"7":{"start":{"line":18,"column":39},"end":{"line":18,"column":95}},"8":{"start":{"line":20,"column":77},"end":{"line":20,"column":175}},"9":{"start":{"line":20,"column":94},"end":{"line":20,"column":107}},"10":{"start":{"line":20,"column":121},"end":{"line":20,"column":131}},"11":{"start":{"line":20,"column":151},"end":{"line":20,"column":165}},"12":{"start":{"line":20,"column":166},"end":{"line":20,"column":173}},"13":{"start":{"line":20,"column":176},"end":{"line":20,"column":263}},"14":{"start":{"line":20,"column":193},"end":{"line":20,"column":208}},"15":{"start":{"line":20,"column":218},"end":{"line":20,"column":261}},"16":{"start":{"line":22,"column":33},"end":{"line":22,"column":387}},"17":{"start":{"line":22,"column":65},"end":{"line":22,"column":69}},"18":{"start":{"line":22,"column":78},"end":{"line":22,"column":87}},"19":{"start":{"line":22,"column":89},"end":{"line":22,"column":384}},"20":{"start":{"line":22,"column":147},"end":{"line":22,"column":167}},"21":{"start":{"line":22,"column":193},"end":{"line":22,"column":264}},"22":{"start":{"line":22,"column":290},"end":{"line":22,"column":360}},"23":{"start":{"line":22,"column":363},"end":{"line":22,"column":380}},"24":{"start":{"line":24,"column":50},"end":{"line":24,"column":151}},"25":{"start":{"line":24,"column":92},"end":{"line":24,"column":149}},"26":{"start":{"line":26,"column":44},"end":{"line":26,"column":315}},"27":{"start":{"line":26,"column":57},"end":{"line":26,"column":58}},"28":{"start":{"line":26,"column":102},"end":{"line":26,"column":110}},"29":{"start":{"line":26,"column":112},"end":{"line":26,"column":167}},"30":{"start":{"line":26,"column":168},"end":{"line":26,"column":199}},"31":{"start":{"line":26,"column":200},"end":{"line":26,"column":254}},"32":{"start":{"line":26,"column":227},"end":{"line":26,"column":254}},"33":{"start":{"line":26,"column":255},"end":{"line":26,"column":313}},"34":{"start":{"line":28,"column":62},"end":{"line":28,"column":131}},"35":{"start":{"line":28,"column":78},"end":{"line":28,"column":131}},"36":{"start":{"line":28,"column":132},"end":{"line":28,"column":193}},"37":{"start":{"line":28,"column":149},"end":{"line":28,"column":193}},"38":{"start":{"line":28,"column":194},"end":{"line":28,"column":213}},"39":{"start":{"line":30,"column":22},"end":{"line":30,"column":56}},"40":{"start":{"line":31,"column":18},"end":{"line":31,"column":48}},"41":{"start":{"line":32,"column":26},"end":{"line":32,"column":67}},"42":{"start":{"line":33,"column":28},"end":{"line":33,"column":71}},"43":{"start":{"line":34,"column":12},"end":{"line":34,"column":38}},"44":{"start":{"line":38,"column":0},"end":{"line":456,"column":3}},"45":{"start":{"line":40,"column":4},"end":{"line":40,"column":42}},"46":{"start":{"line":43,"column":2},"end":{"line":453,"column":6}},"47":{"start":{"line":54,"column":17},"end":{"line":54,"column":25}},"48":{"start":{"line":56,"column":6},"end":{"line":60,"column":7}},"49":{"start":{"line":57,"column":8},"end":{"line":57,"column":24}},"50":{"start":{"line":58,"column":13},"end":{"line":60,"column":7}},"51":{"start":{"line":59,"column":8},"end":{"line":59,"column":23}},"52":{"start":{"line":62,"column":17},"end":{"line":70,"column":7}},"53":{"start":{"line":72,"column":33},"end":{"line":72,"column":58}},"54":{"start":{"line":73,"column":18},"end":{"line":73,"column":44}},"55":{"start":{"line":76,"column":6},"end":{"line":81,"column":7}},"56":{"start":{"line":77,"column":8},"end":{"line":80,"column":11}},"57":{"start":{"line":83,"column":6},"end":{"line":115,"column":7}},"58":{"start":{"line":85,"column":26},"end":{"line":85,"column":48}},"59":{"start":{"line":87,"column":8},"end":{"line":92,"column":9}},"60":{"start":{"line":88,"column":10},"end":{"line":91,"column":13}},"61":{"start":{"line":95,"column":20},"end":{"line":95,"column":37}},"62":{"start":{"line":96,"column":8},"end":{"line":96,"column":25}},"63":{"start":{"line":98,"column":8},"end":{"line":109,"column":11}},"64":{"start":{"line":111,"column":8},"end":{"line":114,"column":11}},"65":{"start":{"line":126,"column":29},"end":{"line":226,"column":9}},"66":{"start":{"line":131,"column":8},"end":{"line":225,"column":37}},"67":{"start":{"line":132,"column":10},"end":{"line":224,"column":11}},"68":{"start":{"line":133,"column":12},"end":{"line":223,"column":13}},"69":{"start":{"line":135,"column":16},"end":{"line":135,"column":34}},"70":{"start":{"line":137,"column":16},"end":{"line":137,"column":32}},"71":{"start":{"line":139,"column":16},"end":{"line":143,"column":17}},"72":{"start":{"line":140,"column":18},"end":{"line":140,"column":34}},"73":{"start":{"line":141,"column":23},"end":{"line":143,"column":17}},"74":{"start":{"line":142,"column":18},"end":{"line":142,"column":33}},"75":{"start":{"line":145,"column":16},"end":{"line":145,"column":165}},"76":{"start":{"line":147,"column":16},"end":{"line":147,"column":105}},"77":{"start":{"line":149,"column":16},"end":{"line":152,"column":17}},"78":{"start":{"line":150,"column":18},"end":{"line":150,"column":36}},"79":{"start":{"line":151,"column":18},"end":{"line":151,"column":24}},"80":{"start":{"line":154,"column":16},"end":{"line":157,"column":20}},"81":{"start":{"line":160,"column":16},"end":{"line":160,"column":34}},"82":{"start":{"line":161,"column":16},"end":{"line":161,"column":56}},"83":{"start":{"line":164,"column":16},"end":{"line":164,"column":35}},"84":{"start":{"line":165,"column":16},"end":{"line":165,"column":111}},"85":{"start":{"line":168,"column":16},"end":{"line":168,"column":45}},"86":{"start":{"line":170,"column":16},"end":{"line":173,"column":17}},"87":{"start":{"line":171,"column":18},"end":{"line":171,"column":37}},"88":{"start":{"line":172,"column":18},"end":{"line":172,"column":24}},"89":{"start":{"line":175,"column":16},"end":{"line":178,"column":20}},"90":{"start":{"line":181,"column":16},"end":{"line":181,"column":151}},"91":{"start":{"line":182,"column":16},"end":{"line":182,"column":35}},"92":{"start":{"line":183,"column":16},"end":{"line":183,"column":66}},"93":{"start":{"line":186,"column":16},"end":{"line":186,"column":37}},"94":{"start":{"line":187,"column":16},"end":{"line":187,"column":33}},"95":{"start":{"line":189,"column":16},"end":{"line":189,"column":45}},"96":{"start":{"line":190,"column":16},"end":{"line":190,"column":35}},"97":{"start":{"line":191,"column":16},"end":{"line":191,"column":57}},"98":{"start":{"line":194,"column":16},"end":{"line":194,"column":35}},"99":{"start":{"line":195,"column":16},"end":{"line":195,"column":110}},"100":{"start":{"line":198,"column":16},"end":{"line":198,"column":38}},"101":{"start":{"line":199,"column":16},"end":{"line":210,"column":20}},"102":{"start":{"line":213,"column":16},"end":{"line":213,"column":35}},"103":{"start":{"line":214,"column":16},"end":{"line":214,"column":51}},"104":{"start":{"line":215,"column":16},"end":{"line":218,"column":20}},"105":{"start":{"line":222,"column":16},"end":{"line":222,"column":39}},"106":{"start":{"line":229,"column":8},"end":{"line":229,"column":55}},"107":{"start":{"line":232,"column":6},"end":{"line":232,"column":29}},"108":{"start":{"line":243,"column":17},"end":{"line":243,"column":25}},"109":{"start":{"line":244,"column":24},"end":{"line":247,"column":7}},"110":{"start":{"line":249,"column":6},"end":{"line":294,"column":7}},"111":{"start":{"line":250,"column":26},"end":{"line":250,"column":48}},"112":{"start":{"line":252,"column":8},"end":{"line":258,"column":9}},"113":{"start":{"line":253,"column":10},"end":{"line":257,"column":13}},"114":{"start":{"line":260,"column":20},"end":{"line":260,"column":37}},"115":{"start":{"line":261,"column":23},"end":{"line":261,"column":43}},"116":{"start":{"line":262,"column":23},"end":{"line":264,"column":10}},"117":{"start":{"line":263,"column":10},"end":{"line":263,"column":38}},"118":{"start":{"line":266,"column":29},"end":{"line":266,"column":77}},"119":{"start":{"line":268,"column":30},"end":{"line":268,"column":88}},"120":{"start":{"line":270,"column":8},"end":{"line":282,"column":9}},"121":{"start":{"line":271,"column":22},"end":{"line":271,"column":43}},"122":{"start":{"line":272,"column":10},"end":{"line":281,"column":13}},"123":{"start":{"line":284,"column":8},"end":{"line":288,"column":11}},"124":{"start":{"line":290,"column":8},"end":{"line":293,"column":11}},"125":{"start":{"line":305,"column":21},"end":{"line":377,"column":9}},"126":{"start":{"line":309,"column":8},"end":{"line":376,"column":38}},"127":{"start":{"line":310,"column":10},"end":{"line":375,"column":11}},"128":{"start":{"line":311,"column":12},"end":{"line":374,"column":13}},"129":{"start":{"line":313,"column":16},"end":{"line":313,"column":32}},"130":{"start":{"line":314,"column":16},"end":{"line":314,"column":35}},"131":{"start":{"line":315,"column":16},"end":{"line":315,"column":35}},"132":{"start":{"line":316,"column":16},"end":{"line":316,"column":107}},"133":{"start":{"line":319,"column":16},"end":{"line":319,"column":46}},"134":{"start":{"line":321,"column":16},"end":{"line":324,"column":17}},"135":{"start":{"line":322,"column":18},"end":{"line":322,"column":37}},"136":{"start":{"line":323,"column":18},"end":{"line":323,"column":24}},"137":{"start":{"line":326,"column":16},"end":{"line":329,"column":20}},"138":{"start":{"line":332,"column":16},"end":{"line":332,"column":35}},"139":{"start":{"line":333,"column":16},"end":{"line":333,"column":113}},"140":{"start":{"line":336,"column":16},"end":{"line":336,"column":45}},"141":{"start":{"line":337,"column":16},"end":{"line":337,"column":112}},"142":{"start":{"line":339,"column":16},"end":{"line":342,"column":17}},"143":{"start":{"line":340,"column":18},"end":{"line":340,"column":38}},"144":{"start":{"line":341,"column":18},"end":{"line":341,"column":24}},"145":{"start":{"line":344,"column":16},"end":{"line":344,"column":58}},"146":{"start":{"line":345,"column":16},"end":{"line":354,"column":20}},"147":{"start":{"line":357,"column":16},"end":{"line":361,"column":20}},"148":{"start":{"line":364,"column":16},"end":{"line":364,"column":36}},"149":{"start":{"line":365,"column":16},"end":{"line":365,"column":53}},"150":{"start":{"line":366,"column":16},"end":{"line":369,"column":20}},"151":{"start":{"line":373,"column":16},"end":{"line":373,"column":40}},"152":{"start":{"line":380,"column":8},"end":{"line":380,"column":47}},"153":{"start":{"line":383,"column":6},"end":{"line":383,"column":21}},"154":{"start":{"line":394,"column":29},"end":{"line":445,"column":9}},"155":{"start":{"line":398,"column":8},"end":{"line":444,"column":38}},"156":{"start":{"line":399,"column":10},"end":{"line":443,"column":11}},"157":{"start":{"line":400,"column":12},"end":{"line":442,"column":13}},"158":{"start":{"line":402,"column":16},"end":{"line":402,"column":35}},"159":{"start":{"line":403,"column":16},"end":{"line":403,"column":35}},"160":{"start":{"line":404,"column":16},"end":{"line":404,"column":121}},"161":{"start":{"line":407,"column":16},"end":{"line":407,"column":46}},"162":{"start":{"line":409,"column":16},"end":{"line":412,"column":17}},"163":{"start":{"line":410,"column":18},"end":{"line":410,"column":37}},"164":{"start":{"line":411,"column":18},"end":{"line":411,"column":24}},"165":{"start":{"line":414,"column":16},"end":{"line":417,"column":20}},"166":{"start":{"line":420,"column":16},"end":{"line":420,"column":59}},"167":{"start":{"line":421,"column":16},"end":{"line":421,"column":35}},"168":{"start":{"line":422,"column":16},"end":{"line":422,"column":179}},"169":{"start":{"line":425,"column":16},"end":{"line":425,"column":42}},"170":{"start":{"line":426,"column":16},"end":{"line":429,"column":20}},"171":{"start":{"line":432,"column":16},"end":{"line":432,"column":36}},"172":{"start":{"line":433,"column":16},"end":{"line":433,"column":53}},"173":{"start":{"line":434,"column":16},"end":{"line":437,"column":20}},"174":{"start":{"line":441,"column":16},"end":{"line":441,"column":40}},"175":{"start":{"line":448,"column":8},"end":{"line":448,"column":55}},"176":{"start":{"line":451,"column":6},"end":{"line":451,"column":29}},"177":{"start":{"line":455,"column":2},"end":{"line":455,"column":24}},"178":{"start":{"line":458,"column":15},"end":{"line":458,"column":29}},"179":{"start":{"line":459,"column":0},"end":{"line":459,"column":30}}},"fnMap":{"0":{"name":"_interopRequireDefault","decl":{"start":{"line":18,"column":9},"end":{"line":18,"column":31}},"loc":{"start":{"line":18,"column":37},"end":{"line":18,"column":97}},"line":18},"1":{"name":"asyncGeneratorStep","decl":{"start":{"line":20,"column":9},"end":{"line":20,"column":27}},"loc":{"start":{"line":20,"column":75},"end":{"line":20,"column":265}},"line":20},"2":{"name":"_asyncToGenerator","decl":{"start":{"line":22,"column":9},"end":{"line":22,"column":26}},"loc":{"start":{"line":22,"column":31},"end":{"line":22,"column":389}},"line":22},"3":{"name":"(anonymous_3)","decl":{"start":{"line":22,"column":40},"end":{"line":22,"column":41}},"loc":{"start":{"line":22,"column":52},"end":{"line":22,"column":386}},"line":22},"4":{"name":"(anonymous_4)","decl":{"start":{"line":22,"column":108},"end":{"line":22,"column":109}},"loc":{"start":{"line":22,"column":135},"end":{"line":22,"column":382}},"line":22},"5":{"name":"_next","decl":{"start":{"line":22,"column":178},"end":{"line":22,"column":183}},"loc":{"start":{"line":22,"column":191},"end":{"line":22,"column":266}},"line":22},"6":{"name":"_throw","decl":{"start":{"line":22,"column":276},"end":{"line":22,"column":282}},"loc":{"start":{"line":22,"column":288},"end":{"line":22,"column":362}},"line":22},"7":{"name":"_classCallCheck","decl":{"start":{"line":24,"column":9},"end":{"line":24,"column":24}},"loc":{"start":{"line":24,"column":48},"end":{"line":24,"column":153}},"line":24},"8":{"name":"_defineProperties","decl":{"start":{"line":26,"column":9},"end":{"line":26,"column":26}},"loc":{"start":{"line":26,"column":42},"end":{"line":26,"column":317}},"line":26},"9":{"name":"_createClass","decl":{"start":{"line":28,"column":9},"end":{"line":28,"column":21}},"loc":{"start":{"line":28,"column":60},"end":{"line":28,"column":215}},"line":28},"10":{"name":"(anonymous_10)","decl":{"start":{"line":38,"column":0},"end":{"line":38,"column":1}},"loc":{"start":{"line":38,"column":12},"end":{"line":456,"column":1}},"line":38},"11":{"name":"UserController","decl":{"start":{"line":39,"column":11},"end":{"line":39,"column":25}},"loc":{"start":{"line":39,"column":28},"end":{"line":41,"column":3}},"line":39},"12":{"name":"createUserAccount","decl":{"start":{"line":51,"column":20},"end":{"line":51,"column":37}},"loc":{"start":{"line":51,"column":48},"end":{"line":116,"column":5}},"line":51},"13":{"name":"(anonymous_13)","decl":{"start":{"line":125,"column":11},"end":{"line":125,"column":12}},"loc":{"start":{"line":125,"column":23},"end":{"line":233,"column":5}},"line":125},"14":{"name":"_callee","decl":{"start":{"line":128,"column":39},"end":{"line":128,"column":46}},"loc":{"start":{"line":128,"column":57},"end":{"line":226,"column":7}},"line":128},"15":{"name":"_callee$","decl":{"start":{"line":131,"column":48},"end":{"line":131,"column":56}},"loc":{"start":{"line":131,"column":67},"end":{"line":225,"column":9}},"line":131},"16":{"name":"dbCreateAccount","decl":{"start":{"line":228,"column":15},"end":{"line":228,"column":30}},"loc":{"start":{"line":228,"column":40},"end":{"line":230,"column":7}},"line":228},"17":{"name":"login","decl":{"start":{"line":242,"column":20},"end":{"line":242,"column":25}},"loc":{"start":{"line":242,"column":36},"end":{"line":295,"column":5}},"line":242},"18":{"name":"(anonymous_18)","decl":{"start":{"line":262,"column":34},"end":{"line":262,"column":35}},"loc":{"start":{"line":262,"column":50},"end":{"line":264,"column":9}},"line":262},"19":{"name":"(anonymous_19)","decl":{"start":{"line":304,"column":11},"end":{"line":304,"column":12}},"loc":{"start":{"line":304,"column":23},"end":{"line":384,"column":5}},"line":304},"20":{"name":"_callee2","decl":{"start":{"line":307,"column":39},"end":{"line":307,"column":47}},"loc":{"start":{"line":307,"column":58},"end":{"line":377,"column":7}},"line":307},"21":{"name":"_callee2$","decl":{"start":{"line":309,"column":48},"end":{"line":309,"column":57}},"loc":{"start":{"line":309,"column":69},"end":{"line":376,"column":9}},"line":309},"22":{"name":"logindB","decl":{"start":{"line":379,"column":15},"end":{"line":379,"column":22}},"loc":{"start":{"line":379,"column":33},"end":{"line":381,"column":7}},"line":379},"23":{"name":"(anonymous_23)","decl":{"start":{"line":393,"column":11},"end":{"line":393,"column":12}},"loc":{"start":{"line":393,"column":23},"end":{"line":452,"column":5}},"line":393},"24":{"name":"_callee3","decl":{"start":{"line":396,"column":39},"end":{"line":396,"column":47}},"loc":{"start":{"line":396,"column":58},"end":{"line":445,"column":7}},"line":396},"25":{"name":"_callee3$","decl":{"start":{"line":398,"column":48},"end":{"line":398,"column":57}},"loc":{"start":{"line":398,"column":69},"end":{"line":444,"column":9}},"line":398},"26":{"name":"getUserAccounts","decl":{"start":{"line":447,"column":15},"end":{"line":447,"column":30}},"loc":{"start":{"line":447,"column":41},"end":{"line":449,"column":7}},"line":447}},"branchMap":{"0":{"loc":{"start":{"line":18,"column":46},"end":{"line":18,"column":94}},"type":"cond-expr","locations":[{"start":{"line":18,"column":70},"end":{"line":18,"column":73}},{"start":{"line":18,"column":76},"end":{"line":18,"column":94}}],"line":18},"1":{"loc":{"start":{"line":18,"column":46},"end":{"line":18,"column":67}},"type":"binary-expr","locations":[{"start":{"line":18,"column":46},"end":{"line":18,"column":49}},{"start":{"line":18,"column":53},"end":{"line":18,"column":67}}],"line":18},"2":{"loc":{"start":{"line":20,"column":176},"end":{"line":20,"column":263}},"type":"if","locations":[{"start":{"line":20,"column":176},"end":{"line":20,"column":263}},{"start":{"line":20,"column":176},"end":{"line":20,"column":263}}],"line":20},"3":{"loc":{"start":{"line":24,"column":50},"end":{"line":24,"column":151}},"type":"if","locations":[{"start":{"line":24,"column":50},"end":{"line":24,"column":151}},{"start":{"line":24,"column":50},"end":{"line":24,"column":151}}],"line":24},"4":{"loc":{"start":{"line":26,"column":136},"end":{"line":26,"column":166}},"type":"binary-expr","locations":[{"start":{"line":26,"column":136},"end":{"line":26,"column":157}},{"start":{"line":26,"column":161},"end":{"line":26,"column":166}}],"line":26},"5":{"loc":{"start":{"line":26,"column":200},"end":{"line":26,"column":254}},"type":"if","locations":[{"start":{"line":26,"column":200},"end":{"line":26,"column":254}},{"start":{"line":26,"column":200},"end":{"line":26,"column":254}}],"line":26},"6":{"loc":{"start":{"line":28,"column":62},"end":{"line":28,"column":131}},"type":"if","locations":[{"start":{"line":28,"column":62},"end":{"line":28,"column":131}},{"start":{"line":28,"column":62},"end":{"line":28,"column":131}}],"line":28},"7":{"loc":{"start":{"line":28,"column":132},"end":{"line":28,"column":193}},"type":"if","locations":[{"start":{"line":28,"column":132},"end":{"line":28,"column":193}},{"start":{"line":28,"column":132},"end":{"line":28,"column":193}}],"line":28},"8":{"loc":{"start":{"line":56,"column":6},"end":{"line":60,"column":7}},"type":"if","locations":[{"start":{"line":56,"column":6},"end":{"line":60,"column":7}},{"start":{"line":56,"column":6},"end":{"line":60,"column":7}}],"line":56},"9":{"loc":{"start":{"line":56,"column":10},"end":{"line":56,"column":59}},"type":"binary-expr","locations":[{"start":{"line":56,"column":10},"end":{"line":56,"column":32}},{"start":{"line":56,"column":36},"end":{"line":56,"column":59}}],"line":56},"10":{"loc":{"start":{"line":58,"column":13},"end":{"line":60,"column":7}},"type":"if","locations":[{"start":{"line":58,"column":13},"end":{"line":60,"column":7}},{"start":{"line":58,"column":13},"end":{"line":60,"column":7}}],"line":58},"11":{"loc":{"start":{"line":76,"column":6},"end":{"line":81,"column":7}},"type":"if","locations":[{"start":{"line":76,"column":6},"end":{"line":81,"column":7}},{"start":{"line":76,"column":6},"end":{"line":81,"column":7}}],"line":76},"12":{"loc":{"start":{"line":87,"column":8},"end":{"line":92,"column":9}},"type":"if","locations":[{"start":{"line":87,"column":8},"end":{"line":92,"column":9}},{"start":{"line":87,"column":8},"end":{"line":92,"column":9}}],"line":87},"13":{"loc":{"start":{"line":133,"column":12},"end":{"line":223,"column":13}},"type":"switch","locations":[{"start":{"line":134,"column":14},"end":{"line":157,"column":20}},{"start":{"line":159,"column":14},"end":{"line":161,"column":56}},{"start":{"line":163,"column":14},"end":{"line":165,"column":111}},{"start":{"line":167,"column":14},"end":{"line":178,"column":20}},{"start":{"line":180,"column":14},"end":{"line":183,"column":66}},{"start":{"line":185,"column":14},"end":{"line":191,"column":57}},{"start":{"line":193,"column":14},"end":{"line":195,"column":110}},{"start":{"line":197,"column":14},"end":{"line":210,"column":20}},{"start":{"line":212,"column":14},"end":{"line":218,"column":20}},{"start":{"line":220,"column":14},"end":{"line":220,"column":22}},{"start":{"line":221,"column":14},"end":{"line":222,"column":39}}],"line":133},"14":{"loc":{"start":{"line":139,"column":16},"end":{"line":143,"column":17}},"type":"if","locations":[{"start":{"line":139,"column":16},"end":{"line":143,"column":17}},{"start":{"line":139,"column":16},"end":{"line":143,"column":17}}],"line":139},"15":{"loc":{"start":{"line":139,"column":20},"end":{"line":139,"column":69}},"type":"binary-expr","locations":[{"start":{"line":139,"column":20},"end":{"line":139,"column":42}},{"start":{"line":139,"column":46},"end":{"line":139,"column":69}}],"line":139},"16":{"loc":{"start":{"line":141,"column":23},"end":{"line":143,"column":17}},"type":"if","locations":[{"start":{"line":141,"column":23},"end":{"line":143,"column":17}},{"start":{"line":141,"column":23},"end":{"line":143,"column":17}}],"line":141},"17":{"loc":{"start":{"line":149,"column":16},"end":{"line":152,"column":17}},"type":"if","locations":[{"start":{"line":149,"column":16},"end":{"line":152,"column":17}},{"start":{"line":149,"column":16},"end":{"line":152,"column":17}}],"line":149},"18":{"loc":{"start":{"line":170,"column":16},"end":{"line":173,"column":17}},"type":"if","locations":[{"start":{"line":170,"column":16},"end":{"line":173,"column":17}},{"start":{"line":170,"column":16},"end":{"line":173,"column":17}}],"line":170},"19":{"loc":{"start":{"line":252,"column":8},"end":{"line":258,"column":9}},"type":"if","locations":[{"start":{"line":252,"column":8},"end":{"line":258,"column":9}},{"start":{"line":252,"column":8},"end":{"line":258,"column":9}}],"line":252},"20":{"loc":{"start":{"line":270,"column":8},"end":{"line":282,"column":9}},"type":"if","locations":[{"start":{"line":270,"column":8},"end":{"line":282,"column":9}},{"start":{"line":270,"column":8},"end":{"line":282,"column":9}}],"line":270},"21":{"loc":{"start":{"line":311,"column":12},"end":{"line":374,"column":13}},"type":"switch","locations":[{"start":{"line":312,"column":14},"end":{"line":316,"column":107}},{"start":{"line":318,"column":14},"end":{"line":329,"column":20}},{"start":{"line":331,"column":14},"end":{"line":333,"column":113}},{"start":{"line":335,"column":14},"end":{"line":354,"column":20}},{"start":{"line":356,"column":14},"end":{"line":361,"column":20}},{"start":{"line":363,"column":14},"end":{"line":369,"column":20}},{"start":{"line":371,"column":14},"end":{"line":371,"column":22}},{"start":{"line":372,"column":14},"end":{"line":373,"column":40}}],"line":311},"22":{"loc":{"start":{"line":321,"column":16},"end":{"line":324,"column":17}},"type":"if","locations":[{"start":{"line":321,"column":16},"end":{"line":324,"column":17}},{"start":{"line":321,"column":16},"end":{"line":324,"column":17}}],"line":321},"23":{"loc":{"start":{"line":339,"column":16},"end":{"line":342,"column":17}},"type":"if","locations":[{"start":{"line":339,"column":16},"end":{"line":342,"column":17}},{"start":{"line":339,"column":16},"end":{"line":342,"column":17}}],"line":339},"24":{"loc":{"start":{"line":400,"column":12},"end":{"line":442,"column":13}},"type":"switch","locations":[{"start":{"line":401,"column":14},"end":{"line":404,"column":121}},{"start":{"line":406,"column":14},"end":{"line":417,"column":20}},{"start":{"line":419,"column":14},"end":{"line":422,"column":179}},{"start":{"line":424,"column":14},"end":{"line":429,"column":20}},{"start":{"line":431,"column":14},"end":{"line":437,"column":20}},{"start":{"line":439,"column":14},"end":{"line":439,"column":22}},{"start":{"line":440,"column":14},"end":{"line":441,"column":40}}],"line":400},"25":{"loc":{"start":{"line":409,"column":16},"end":{"line":412,"column":17}},"type":"if","locations":[{"start":{"line":409,"column":16},"end":{"line":412,"column":17}},{"start":{"line":409,"column":16},"end":{"line":412,"column":17}}],"line":409}},"s":{"0":1,"1":1,"2":1,"3":1,"4":1,"5":1,"6":1,"7":5,"8":40,"9":40,"10":40,"11":0,"12":0,"13":40,"14":16,"15":24,"16":3,"17":16,"18":16,"19":16,"20":16,"21":40,"22":0,"23":16,"24":0,"25":0,"26":1,"27":1,"28":5,"29":5,"30":5,"31":5,"32":5,"33":5,"34":1,"35":0,"36":1,"37":1,"38":1,"39":1,"40":1,"41":1,"42":1,"43":1,"44":1,"45":0,"46":1,"47":8,"48":8,"49":8,"50":0,"51":0,"52":8,"53":8,"54":8,"55":8,"56":6,"57":2,"58":2,"59":2,"60":1,"61":1,"62":1,"63":1,"64":0,"65":1,"66":7,"67":21,"68":24,"69":7,"70":7,"71":7,"72":6,"73":1,"74":1,"75":7,"76":7,"77":7,"78":2,"79":2,"80":5,"81":2,"82":2,"83":2,"84":2,"85":2,"86":2,"87":1,"88":1,"89":1,"90":1,"91":1,"92":1,"93":1,"94":1,"95":1,"96":1,"97":1,"98":1,"99":1,"100":1,"101":1,"102":0,"103":0,"104":0,"105":7,"106":7,"107":1,"108":8,"109":8,"110":8,"111":8,"112":8,"113":1,"114":7,"115":7,"116":7,"117":13,"118":7,"119":7,"120":7,"121":7,"122":7,"123":0,"124":0,"125":1,"126":9,"127":35,"128":44,"129":9,"130":9,"131":9,"132":9,"133":9,"134":9,"135":8,"136":8,"137":1,"138":8,"139":8,"140":8,"141":8,"142":8,"143":1,"144":1,"145":7,"146":7,"147":1,"148":0,"149":0,"150":0,"151":9,"152":9,"153":1,"154":1,"155":0,"156":0,"157":0,"158":0,"159":0,"160":0,"161":0,"162":0,"163":0,"164":0,"165":0,"166":0,"167":0,"168":0,"169":0,"170":0,"171":0,"172":0,"173":0,"174":0,"175":0,"176":1,"177":1,"178":1,"179":1},"f":{"0":5,"1":40,"2":3,"3":16,"4":16,"5":40,"6":0,"7":0,"8":1,"9":1,"10":1,"11":0,"12":8,"13":1,"14":7,"15":21,"16":7,"17":8,"18":13,"19":1,"20":9,"21":35,"22":9,"23":1,"24":0,"25":0,"26":0},"b":{"0":[3,2],"1":[5,5],"2":[16,24],"3":[0,0],"4":[5,5],"5":[5,0],"6":[0,1],"7":[1,0],"8":[8,0],"9":[8,0],"10":[0,0],"11":[6,2],"12":[1,1],"13":[7,2,2,2,1,1,1,1,0,0,7],"14":[6,1],"15":[7,1],"16":[1,0],"17":[2,5],"18":[1,1],"19":[1,7],"20":[7,0],"21":[9,9,8,8,1,0,0,9],"22":[8,1],"23":[1,7],"24":[0,0,0,0,0,0,0],"25":[0,0]},"_coverageSchema":"43e27e138ebf9cfc5966b082cf9a028302ed4184","hash":"bd4492b74e0e30e3845946351beb58b998606e6a","contentHash":"34aa919c69686d13ca266198ca6a9191a673e355d8b970893db096cc4c8710c8"},"C:\\Users\\User\\Pictures\\Banka-Project\\Server\\Middleware\\validator.js":{"path":"C:\\Users\\User\\Pictures\\Banka-Project\\Server\\Middleware\\validator.js","statementMap":{"0":{"start":{"line":3,"column":0},"end":{"line":5,"column":3}},"1":{"start":{"line":6,"column":0},"end":{"line":6,"column":28}},"2":{"start":{"line":8,"column":11},"end":{"line":8,"column":49}},"3":{"start":{"line":10,"column":39},"end":{"line":10,"column":95}},"4":{"start":{"line":12,"column":50},"end":{"line":12,"column":151}},"5":{"start":{"line":12,"column":92},"end":{"line":12,"column":149}},"6":{"start":{"line":14,"column":44},"end":{"line":14,"column":315}},"7":{"start":{"line":14,"column":57},"end":{"line":14,"column":58}},"8":{"start":{"line":14,"column":102},"end":{"line":14,"column":110}},"9":{"start":{"line":14,"column":112},"end":{"line":14,"column":167}},"10":{"start":{"line":14,"column":168},"end":{"line":14,"column":199}},"11":{"start":{"line":14,"column":200},"end":{"line":14,"column":254}},"12":{"start":{"line":14,"column":227},"end":{"line":14,"column":254}},"13":{"start":{"line":14,"column":255},"end":{"line":14,"column":313}},"14":{"start":{"line":16,"column":62},"end":{"line":16,"column":131}},"15":{"start":{"line":16,"column":78},"end":{"line":16,"column":131}},"16":{"start":{"line":16,"column":132},"end":{"line":16,"column":193}},"17":{"start":{"line":16,"column":149},"end":{"line":16,"column":193}},"18":{"start":{"line":16,"column":194},"end":{"line":16,"column":213}},"19":{"start":{"line":20,"column":0},"end":{"line":77,"column":3}},"20":{"start":{"line":22,"column":4},"end":{"line":22,"column":37}},"21":{"start":{"line":25,"column":2},"end":{"line":74,"column":6}},"22":{"start":{"line":28,"column":19},"end":{"line":34,"column":7}},"23":{"start":{"line":35,"column":6},"end":{"line":35,"column":52}},"24":{"start":{"line":40,"column":19},"end":{"line":42,"column":7}},"25":{"start":{"line":43,"column":6},"end":{"line":43,"column":52}},"26":{"start":{"line":48,"column":19},"end":{"line":50,"column":7}},"27":{"start":{"line":51,"column":6},"end":{"line":51,"column":52}},"28":{"start":{"line":56,"column":19},"end":{"line":56,"column":138}},"29":{"start":{"line":58,"column":6},"end":{"line":58,"column":52}},"30":{"start":{"line":63,"column":19},"end":{"line":63,"column":860}},"31":{"start":{"line":65,"column":6},"end":{"line":65,"column":52}},"32":{"start":{"line":70,"column":19},"end":{"line":70,"column":170}},"33":{"start":{"line":72,"column":6},"end":{"line":72,"column":52}},"34":{"start":{"line":76,"column":2},"end":{"line":76,"column":19}},"35":{"start":{"line":79,"column":15},"end":{"line":79,"column":24}},"36":{"start":{"line":80,"column":0},"end":{"line":80,"column":30}}},"fnMap":{"0":{"name":"_interopRequireDefault","decl":{"start":{"line":10,"column":9},"end":{"line":10,"column":31}},"loc":{"start":{"line":10,"column":37},"end":{"line":10,"column":97}},"line":10},"1":{"name":"_classCallCheck","decl":{"start":{"line":12,"column":9},"end":{"line":12,"column":24}},"loc":{"start":{"line":12,"column":48},"end":{"line":12,"column":153}},"line":12},"2":{"name":"_defineProperties","decl":{"start":{"line":14,"column":9},"end":{"line":14,"column":26}},"loc":{"start":{"line":14,"column":42},"end":{"line":14,"column":317}},"line":14},"3":{"name":"_createClass","decl":{"start":{"line":16,"column":9},"end":{"line":16,"column":21}},"loc":{"start":{"line":16,"column":60},"end":{"line":16,"column":215}},"line":16},"4":{"name":"(anonymous_4)","decl":{"start":{"line":20,"column":0},"end":{"line":20,"column":1}},"loc":{"start":{"line":20,"column":12},"end":{"line":77,"column":1}},"line":20},"5":{"name":"Validator","decl":{"start":{"line":21,"column":11},"end":{"line":21,"column":20}},"loc":{"start":{"line":21,"column":23},"end":{"line":23,"column":3}},"line":21},"6":{"name":"validateSignUpInput","decl":{"start":{"line":27,"column":20},"end":{"line":27,"column":39}},"loc":{"start":{"line":27,"column":46},"end":{"line":36,"column":5}},"line":27},"7":{"name":"validateCreateAccount","decl":{"start":{"line":39,"column":20},"end":{"line":39,"column":41}},"loc":{"start":{"line":39,"column":48},"end":{"line":44,"column":5}},"line":39},"8":{"name":"validateStatusInput","decl":{"start":{"line":47,"column":20},"end":{"line":47,"column":39}},"loc":{"start":{"line":47,"column":46},"end":{"line":52,"column":5}},"line":47},"9":{"name":"validateStatusInputdB","decl":{"start":{"line":55,"column":20},"end":{"line":55,"column":41}},"loc":{"start":{"line":55,"column":48},"end":{"line":59,"column":5}},"line":55},"10":{"name":"validateSignUpInputDb","decl":{"start":{"line":62,"column":20},"end":{"line":62,"column":41}},"loc":{"start":{"line":62,"column":48},"end":{"line":66,"column":5}},"line":62},"11":{"name":"validateCreateAccountDb","decl":{"start":{"line":69,"column":20},"end":{"line":69,"column":43}},"loc":{"start":{"line":69,"column":50},"end":{"line":73,"column":5}},"line":69}},"branchMap":{"0":{"loc":{"start":{"line":10,"column":46},"end":{"line":10,"column":94}},"type":"cond-expr","locations":[{"start":{"line":10,"column":70},"end":{"line":10,"column":73}},{"start":{"line":10,"column":76},"end":{"line":10,"column":94}}],"line":10},"1":{"loc":{"start":{"line":10,"column":46},"end":{"line":10,"column":67}},"type":"binary-expr","locations":[{"start":{"line":10,"column":46},"end":{"line":10,"column":49}},{"start":{"line":10,"column":53},"end":{"line":10,"column":67}}],"line":10},"2":{"loc":{"start":{"line":12,"column":50},"end":{"line":12,"column":151}},"type":"if","locations":[{"start":{"line":12,"column":50},"end":{"line":12,"column":151}},{"start":{"line":12,"column":50},"end":{"line":12,"column":151}}],"line":12},"3":{"loc":{"start":{"line":14,"column":136},"end":{"line":14,"column":166}},"type":"binary-expr","locations":[{"start":{"line":14,"column":136},"end":{"line":14,"column":157}},{"start":{"line":14,"column":161},"end":{"line":14,"column":166}}],"line":14},"4":{"loc":{"start":{"line":14,"column":200},"end":{"line":14,"column":254}},"type":"if","locations":[{"start":{"line":14,"column":200},"end":{"line":14,"column":254}},{"start":{"line":14,"column":200},"end":{"line":14,"column":254}}],"line":14},"5":{"loc":{"start":{"line":16,"column":62},"end":{"line":16,"column":131}},"type":"if","locations":[{"start":{"line":16,"column":62},"end":{"line":16,"column":131}},{"start":{"line":16,"column":62},"end":{"line":16,"column":131}}],"line":16},"6":{"loc":{"start":{"line":16,"column":132},"end":{"line":16,"column":193}},"type":"if","locations":[{"start":{"line":16,"column":132},"end":{"line":16,"column":193}},{"start":{"line":16,"column":132},"end":{"line":16,"column":193}}],"line":16}},"s":{"0":1,"1":1,"2":1,"3":1,"4":0,"5":0,"6":1,"7":1,"8":6,"9":6,"10":6,"11":6,"12":6,"13":6,"14":1,"15":0,"16":1,"17":1,"18":1,"19":1,"20":0,"21":1,"22":8,"23":8,"24":1,"25":1,"26":2,"27":2,"28":2,"29":2,"30":7,"31":7,"32":1,"33":1,"34":1,"35":1,"36":1},"f":{"0":1,"1":0,"2":1,"3":1,"4":1,"5":0,"6":8,"7":1,"8":2,"9":2,"10":7,"11":1},"b":{"0":[0,1],"1":[1,1],"2":[0,0],"3":[6,6],"4":[6,0],"5":[0,1],"6":[1,0]},"_coverageSchema":"43e27e138ebf9cfc5966b082cf9a028302ed4184","hash":"e0b6b3e66ec73f79da307df778115e79cf171769","contentHash":"f27781443477d18ef39c20998581148bfc66e4b21d71e2161019820ae649f5a3"},"C:\\Users\\User\\Pictures\\Banka-Project\\Server\\data\\testData.js":{"path":"C:\\Users\\User\\Pictures\\Banka-Project\\Server\\data\\testData.js","statementMap":{"0":{"start":{"line":3,"column":0},"end":{"line":85,"column":2}}},"fnMap":{},"branchMap":{},"s":{"0":1},"f":{},"b":{},"_coverageSchema":"43e27e138ebf9cfc5966b082cf9a028302ed4184","hash":"22aca402d6959d5fc9df48c2cc880183f060cf8b","contentHash":"ea1833096a3cf14f0ddc65ad8915731aec58dfe3cd9ef9fd9edf4afb0d582e29"},"C:\\Users\\User\\Pictures\\Banka-Project\\Server\\helper\\helper.js":{"path":"C:\\Users\\User\\Pictures\\Banka-Project\\Server\\helper\\helper.js","statementMap":{"0":{"start":{"line":3,"column":0},"end":{"line":5,"column":3}},"1":{"start":{"line":6,"column":0},"end":{"line":6,"column":28}},"2":{"start":{"line":8,"column":20},"end":{"line":8,"column":67}},"3":{"start":{"line":10,"column":14},"end":{"line":10,"column":55}},"4":{"start":{"line":12,"column":16},"end":{"line":12,"column":67}},"5":{"start":{"line":14,"column":13},"end":{"line":14,"column":65}},"6":{"start":{"line":16,"column":39},"end":{"line":16,"column":95}},"7":{"start":{"line":18,"column":77},"end":{"line":18,"column":175}},"8":{"start":{"line":18,"column":94},"end":{"line":18,"column":107}},"9":{"start":{"line":18,"column":121},"end":{"line":18,"column":131}},"10":{"start":{"line":18,"column":151},"end":{"line":18,"column":165}},"11":{"start":{"line":18,"column":166},"end":{"line":18,"column":173}},"12":{"start":{"line":18,"column":176},"end":{"line":18,"column":263}},"13":{"start":{"line":18,"column":193},"end":{"line":18,"column":208}},"14":{"start":{"line":18,"column":218},"end":{"line":18,"column":261}},"15":{"start":{"line":20,"column":33},"end":{"line":20,"column":387}},"16":{"start":{"line":20,"column":65},"end":{"line":20,"column":69}},"17":{"start":{"line":20,"column":78},"end":{"line":20,"column":87}},"18":{"start":{"line":20,"column":89},"end":{"line":20,"column":384}},"19":{"start":{"line":20,"column":147},"end":{"line":20,"column":167}},"20":{"start":{"line":20,"column":193},"end":{"line":20,"column":264}},"21":{"start":{"line":20,"column":290},"end":{"line":20,"column":360}},"22":{"start":{"line":20,"column":363},"end":{"line":20,"column":380}},"23":{"start":{"line":22,"column":50},"end":{"line":22,"column":151}},"24":{"start":{"line":22,"column":92},"end":{"line":22,"column":149}},"25":{"start":{"line":24,"column":44},"end":{"line":24,"column":315}},"26":{"start":{"line":24,"column":57},"end":{"line":24,"column":58}},"27":{"start":{"line":24,"column":102},"end":{"line":24,"column":110}},"28":{"start":{"line":24,"column":112},"end":{"line":24,"column":167}},"29":{"start":{"line":24,"column":168},"end":{"line":24,"column":199}},"30":{"start":{"line":24,"column":200},"end":{"line":24,"column":254}},"31":{"start":{"line":24,"column":227},"end":{"line":24,"column":254}},"32":{"start":{"line":24,"column":255},"end":{"line":24,"column":313}},"33":{"start":{"line":26,"column":62},"end":{"line":26,"column":131}},"34":{"start":{"line":26,"column":78},"end":{"line":26,"column":131}},"35":{"start":{"line":26,"column":132},"end":{"line":26,"column":193}},"36":{"start":{"line":26,"column":149},"end":{"line":26,"column":193}},"37":{"start":{"line":26,"column":194},"end":{"line":26,"column":213}},"38":{"start":{"line":28,"column":0},"end":{"line":28,"column":28}},"39":{"start":{"line":30,"column":15},"end":{"line":30,"column":44}},"40":{"start":{"line":34,"column":0},"end":{"line":282,"column":3}},"41":{"start":{"line":36,"column":4},"end":{"line":36,"column":34}},"42":{"start":{"line":39,"column":2},"end":{"line":279,"column":6}},"43":{"start":{"line":43,"column":31},"end":{"line":72,"column":9}},"44":{"start":{"line":48,"column":8},"end":{"line":71,"column":36}},"45":{"start":{"line":49,"column":10},"end":{"line":70,"column":11}},"46":{"start":{"line":50,"column":12},"end":{"line":69,"column":13}},"47":{"start":{"line":52,"column":16},"end":{"line":52,"column":34}},"48":{"start":{"line":53,"column":16},"end":{"line":53,"column":34}},"49":{"start":{"line":54,"column":16},"end":{"line":54,"column":105}},"50":{"start":{"line":57,"column":16},"end":{"line":57,"column":37}},"51":{"start":{"line":58,"column":16},"end":{"line":58,"column":33}},"52":{"start":{"line":59,"column":16},"end":{"line":59,"column":55}},"53":{"start":{"line":62,"column":16},"end":{"line":62,"column":34}},"54":{"start":{"line":63,"column":16},"end":{"line":63,"column":51}},"55":{"start":{"line":64,"column":16},"end":{"line":64,"column":68}},"56":{"start":{"line":68,"column":16},"end":{"line":68,"column":39}},"57":{"start":{"line":75,"column":8},"end":{"line":75,"column":57}},"58":{"start":{"line":78,"column":6},"end":{"line":78,"column":31}},"59":{"start":{"line":84,"column":6},"end":{"line":86,"column":13}},"60":{"start":{"line":85,"column":8},"end":{"line":85,"column":51}},"61":{"start":{"line":92,"column":18},"end":{"line":96,"column":8}},"62":{"start":{"line":98,"column":6},"end":{"line":98,"column":19}},"63":{"start":{"line":104,"column":6},"end":{"line":104,"column":41}},"64":{"start":{"line":110,"column":35},"end":{"line":157,"column":9}},"65":{"start":{"line":114,"column":8},"end":{"line":156,"column":38}},"66":{"start":{"line":115,"column":10},"end":{"line":155,"column":11}},"67":{"start":{"line":116,"column":12},"end":{"line":154,"column":13}},"68":{"start":{"line":118,"column":16},"end":{"line":118,"column":35}},"69":{"start":{"line":119,"column":16},"end":{"line":119,"column":29}},"70":{"start":{"line":120,"column":16},"end":{"line":120,"column":35}},"71":{"start":{"line":121,"column":16},"end":{"line":121,"column":56}},"72":{"start":{"line":124,"column":16},"end":{"line":124,"column":35}},"73":{"start":{"line":125,"column":16},"end":{"line":125,"column":78}},"74":{"start":{"line":128,"column":16},"end":{"line":128,"column":46}},"75":{"start":{"line":130,"column":16},"end":{"line":133,"column":17}},"76":{"start":{"line":131,"column":18},"end":{"line":131,"column":37}},"77":{"start":{"line":132,"column":18},"end":{"line":132,"column":24}},"78":{"start":{"line":135,"column":16},"end":{"line":135,"column":61}},"79":{"start":{"line":138,"column":16},"end":{"line":142,"column":17}},"80":{"start":{"line":139,"column":18},"end":{"line":141,"column":19}},"81":{"start":{"line":140,"column":20},"end":{"line":140,"column":55}},"82":{"start":{"line":144,"column":16},"end":{"line":144,"column":89}},"83":{"start":{"line":147,"column":16},"end":{"line":147,"column":36}},"84":{"start":{"line":148,"column":16},"end":{"line":148,"column":53}},"85":{"start":{"line":149,"column":16},"end":{"line":149,"column":70}},"86":{"start":{"line":153,"column":16},"end":{"line":153,"column":40}},"87":{"start":{"line":160,"column":8},"end":{"line":160,"column":61}},"88":{"start":{"line":163,"column":6},"end":{"line":163,"column":35}},"89":{"start":{"line":169,"column":6},"end":{"line":201,"column":7}},"90":{"start":{"line":170,"column":20},"end":{"line":170,"column":67}},"91":{"start":{"line":172,"column":8},"end":{"line":183,"column":9}},"92":{"start":{"line":173,"column":10},"end":{"line":182,"column":13}},"93":{"start":{"line":174,"column":12},"end":{"line":179,"column":13}},"94":{"start":{"line":175,"column":14},"end":{"line":178,"column":17}},"95":{"start":{"line":181,"column":12},"end":{"line":181,"column":39}},"96":{"start":{"line":186,"column":8},"end":{"line":192,"column":9}},"97":{"start":{"line":187,"column":10},"end":{"line":191,"column":13}},"98":{"start":{"line":195,"column":8},"end":{"line":195,"column":22}},"99":{"start":{"line":197,"column":8},"end":{"line":200,"column":11}},"100":{"start":{"line":207,"column":6},"end":{"line":239,"column":7}},"101":{"start":{"line":208,"column":20},"end":{"line":208,"column":67}},"102":{"start":{"line":210,"column":8},"end":{"line":221,"column":9}},"103":{"start":{"line":211,"column":10},"end":{"line":220,"column":13}},"104":{"start":{"line":212,"column":12},"end":{"line":217,"column":13}},"105":{"start":{"line":213,"column":14},"end":{"line":216,"column":17}},"106":{"start":{"line":219,"column":12},"end":{"line":219,"column":39}},"107":{"start":{"line":224,"column":8},"end":{"line":230,"column":9}},"108":{"start":{"line":225,"column":10},"end":{"line":229,"column":13}},"109":{"start":{"line":233,"column":8},"end":{"line":233,"column":22}},"110":{"start":{"line":235,"column":8},"end":{"line":238,"column":11}},"111":{"start":{"line":245,"column":6},"end":{"line":277,"column":7}},"112":{"start":{"line":246,"column":20},"end":{"line":246,"column":67}},"113":{"start":{"line":248,"column":8},"end":{"line":259,"column":9}},"114":{"start":{"line":249,"column":10},"end":{"line":258,"column":13}},"115":{"start":{"line":250,"column":12},"end":{"line":255,"column":13}},"116":{"start":{"line":251,"column":14},"end":{"line":254,"column":17}},"117":{"start":{"line":257,"column":12},"end":{"line":257,"column":39}},"118":{"start":{"line":262,"column":8},"end":{"line":268,"column":9}},"119":{"start":{"line":263,"column":10},"end":{"line":267,"column":13}},"120":{"start":{"line":271,"column":8},"end":{"line":271,"column":22}},"121":{"start":{"line":273,"column":8},"end":{"line":276,"column":11}},"122":{"start":{"line":281,"column":2},"end":{"line":281,"column":16}},"123":{"start":{"line":284,"column":15},"end":{"line":284,"column":21}},"124":{"start":{"line":285,"column":0},"end":{"line":285,"column":30}}},"fnMap":{"0":{"name":"_interopRequireDefault","decl":{"start":{"line":16,"column":9},"end":{"line":16,"column":31}},"loc":{"start":{"line":16,"column":37},"end":{"line":16,"column":97}},"line":16},"1":{"name":"asyncGeneratorStep","decl":{"start":{"line":18,"column":9},"end":{"line":18,"column":27}},"loc":{"start":{"line":18,"column":75},"end":{"line":18,"column":265}},"line":18},"2":{"name":"_asyncToGenerator","decl":{"start":{"line":20,"column":9},"end":{"line":20,"column":26}},"loc":{"start":{"line":20,"column":31},"end":{"lin
[...]
art":{"line":16,"column":13},"end":{"line":16,"column":36}},"5":{"start":{"line":18,"column":0},"end":{"line":18,"column":43}},"6":{"start":{"line":22,"column":0},"end":{"line":304,"column":3}},"7":{"start":{"line":23,"column":2},"end":{"line":137,"column":5}},"8":{"start":{"line":24,"column":4},"end":{"line":38,"column":7}},"9":{"start":{"line":25,"column":6},"end":{"line":37,"column":9}},"10":{"start":{"line":32,"column":8},"end":{"line":32,"column":40}},"11":{"start":{"line":33,"column":8},"end":{"line":33,"column":49}},"12":{"start":{"line":34,"column":8},"end":{"line":34,"column":110}},"13":{"start":{"line":35,"column":8},"end":{"line":35,"column":54}},"14":{"start":{"line":36,"column":8},"end":{"line":36,"column":15}},"15":{"start":{"line":39,"column":4},"end":{"line":52,"column":7}},"16":{"start":{"line":40,"column":6},"end":{"line":51,"column":9}},"17":{"start":{"line":47,"column":8},"end":{"line":47,"column":40}},"18":{"start":{"line":48,"column":8},"end":{"line":48,"column":49}},"19":{"start":{"line":49,"column":8},"end":{"line":49,"column":104}},"20":{"start":{"line":50,"column":8},"end":{"line":50,"column":15}},"21":{"start":{"line":53,"column":4},"end":{"line":66,"column":7}},"22":{"start":{"line":54,"column":6},"end":{"line":65,"column":9}},"23":{"start":{"line":61,"column":8},"end":{"line":61,"column":40}},"24":{"start":{"line":62,"column":8},"end":{"line":62,"column":49}},"25":{"start":{"line":63,"column":8},"end":{"line":63,"column":115}},"26":{"start":{"line":64,"column":8},"end":{"line":64,"column":18}},"27":{"start":{"line":67,"column":4},"end":{"line":80,"column":7}},"28":{"start":{"line":68,"column":6},"end":{"line":79,"column":9}},"29":{"start":{"line":75,"column":8},"end":{"line":75,"column":40}},"30":{"start":{"line":76,"column":8},"end":{"line":76,"column":49}},"31":{"start":{"line":77,"column":8},"end":{"line":77,"column":130}},"32":{"start":{"line":78,"column":8},"end":{"line":78,"column":15}},"33":{"start":{"line":81,"column":4},"end":{"line":94,"column":7}},"34":{"start":{"line":82,"column":6},"end":{"line":93,"column":9}},"35":{"start":{"line":89,"column":8},"end":{"line":89,"column":40}},"36":{"start":{"line":90,"column":8},"end":{"line":90,"column":49}},"37":{"start":{"line":91,"column":8},"end":{"line":91,"column":129}},"38":{"start":{"line":92,"column":8},"end":{"line":92,"column":15}},"39":{"start":{"line":95,"column":4},"end":{"line":108,"column":7}},"40":{"start":{"line":96,"column":6},"end":{"line":107,"column":9}},"41":{"start":{"line":103,"column":8},"end":{"line":103,"column":40}},"42":{"start":{"line":104,"column":8},"end":{"line":104,"column":49}},"43":{"start":{"line":105,"column":8},"end":{"line":105,"column":130}},"44":{"start":{"line":106,"column":8},"end":{"line":106,"column":15}},"45":{"start":{"line":109,"column":4},"end":{"line":122,"column":7}},"46":{"start":{"line":110,"column":6},"end":{"line":121,"column":9}},"47":{"start":{"line":117,"column":8},"end":{"line":117,"column":40}},"48":{"start":{"line":118,"column":8},"end":{"line":118,"column":49}},"49":{"start":{"line":119,"column":8},"end":{"line":119,"column":129}},"50":{"start":{"line":120,"column":8},"end":{"line":120,"column":15}},"51":{"start":{"line":123,"column":4},"end":{"line":136,"column":7}},"52":{"start":{"line":124,"column":6},"end":{"line":135,"column":9}},"53":{"start":{"line":131,"column":8},"end":{"line":131,"column":40}},"54":{"start":{"line":132,"column":8},"end":{"line":132,"column":49}},"55":{"start":{"line":133,"column":8},"end":{"line":133,"column":69}},"56":{"start":{"line":134,"column":8},"end":{"line":134,"column":15}},"57":{"start":{"line":138,"column":2},"end":{"line":240,"column":5}},"58":{"start":{"line":139,"column":4},"end":{"line":155,"column":7}},"59":{"start":{"line":140,"column":6},"end":{"line":154,"column":9}},"60":{"start":{"line":147,"column":8},"end":{"line":147,"column":24}},"61":{"start":{"line":147,"column":17},"end":{"line":147,"column":24}},"62":{"start":{"line":148,"column":19},"end":{"line":148,"column":27}},"63":{"start":{"line":149,"column":8},"end":{"line":149,"column":40}},"64":{"start":{"line":150,"column":8},"end":{"line":150,"column":49}},"65":{"start":{"line":151,"column":8},"end":{"line":151,"column":110}},"66":{"start":{"line":152,"column":8},"end":{"line":152,"column":54}},"67":{"start":{"line":153,"column":8},"end":{"line":153,"column":15}},"68":{"start":{"line":156,"column":4},"end":{"line":169,"column":7}},"69":{"start":{"line":157,"column":6},"end":{"line":168,"column":9}},"70":{"start":{"line":164,"column":8},"end":{"line":164,"column":40}},"71":{"start":{"line":165,"column":8},"end":{"line":165,"column":49}},"72":{"start":{"line":166,"column":8},"end":{"line":166,"column":104}},"73":{"start":{"line":167,"column":8},"end":{"line":167,"column":15}},"74":{"start":{"line":170,"column":4},"end":{"line":183,"column":7}},"75":{"start":{"line":171,"column":6},"end":{"line":182,"column":9}},"76":{"start":{"line":178,"column":8},"end":{"line":178,"column":40}},"77":{"start":{"line":179,"column":8},"end":{"line":179,"column":49}},"78":{"start":{"line":180,"column":8},"end":{"line":180,"column":130}},"79":{"start":{"line":181,"column":8},"end":{"line":181,"column":15}},"80":{"start":{"line":184,"column":4},"end":{"line":197,"column":7}},"81":{"start":{"line":185,"column":6},"end":{"line":196,"column":9}},"82":{"start":{"line":192,"column":8},"end":{"line":192,"column":40}},"83":{"start":{"line":193,"column":8},"end":{"line":193,"column":49}},"84":{"start":{"line":194,"column":8},"end":{"line":194,"column":129}},"85":{"start":{"line":195,"column":8},"end":{"line":195,"column":15}},"86":{"start":{"line":198,"column":4},"end":{"line":211,"column":7}},"87":{"start":{"line":199,"column":6},"end":{"line":210,"column":9}},"88":{"start":{"line":206,"column":8},"end":{"line":206,"column":40}},"89":{"start":{"line":207,"column":8},"end":{"line":207,"column":49}},"90":{"start":{"line":208,"column":8},"end":{"line":208,"column":130}},"91":{"start":{"line":209,"column":8},"end":{"line":209,"column":15}},"92":{"start":{"line":212,"column":4},"end":{"line":225,"column":7}},"93":{"start":{"line":213,"column":6},"end":{"line":224,"column":9}},"94":{"start":{"line":220,"column":8},"end":{"line":220,"column":40}},"95":{"start":{"line":221,"column":8},"end":{"line":221,"column":49}},"96":{"start":{"line":222,"column":8},"end":{"line":222,"column":129}},"97":{"start":{"line":223,"column":8},"end":{"line":223,"column":15}},"98":{"start":{"line":226,"column":4},"end":{"line":239,"column":7}},"99":{"start":{"line":227,"column":6},"end":{"line":238,"column":9}},"100":{"start":{"line":234,"column":8},"end":{"line":234,"column":40}},"101":{"start":{"line":235,"column":8},"end":{"line":235,"column":49}},"102":{"start":{"line":236,"column":8},"end":{"line":236,"column":69}},"103":{"start":{"line":237,"column":8},"end":{"line":237,"column":15}},"104":{"start":{"line":241,"column":2},"end":{"line":268,"column":5}},"105":{"start":{"line":242,"column":4},"end":{"line":256,"column":7}},"106":{"start":{"line":243,"column":6},"end":{"line":255,"column":9}},"107":{"start":{"line":250,"column":8},"end":{"line":250,"column":40}},"108":{"start":{"line":251,"column":8},"end":{"line":251,"column":49}},"109":{"start":{"line":252,"column":8},"end":{"line":252,"column":91}},"110":{"start":{"line":253,"column":8},"end":{"line":253,"column":54}},"111":{"start":{"line":254,"column":8},"end":{"line":254,"column":15}},"112":{"start":{"line":257,"column":4},"end":{"line":267,"column":7}},"113":{"start":{"line":258,"column":6},"end":{"line":266,"column":9}},"114":{"start":{"line":262,"column":8},"end":{"line":262,"column":40}},"115":{"start":{"line":263,"column":8},"end":{"line":263,"column":49}},"116":{"start":{"line":264,"column":8},"end":{"line":264,"column":74}},"117":{"start":{"line":265,"column":8},"end":{"line":265,"column":15}},"118":{"start":{"line":269,"column":2},"end":{"line":303,"column":5}},"119":{"start":{"line":270,"column":4},"end":{"line":281,"column":7}},"120":{"start":{"line":271,"column":6},"end":{"line":280,"column":9}},"121":{"start":{"line":275,"column":8},"end":{"line":275,"column":40}},"122":{"start":{"line":276,"column":8},"end":{"line":276,"column":49}},"123":{"start":{"line":277,"column":8},"end":{"line":277,"column":91}},"124":{"start":{"line":278,"column":8},"end":{"line":278,"column":54}},"125":{"start":{"line":279,"column":8},"end":{"line":279,"column":15}},"126":{"start":{"line":282,"column":4},"end":{"line":292,"column":7}},"127":{"start":{"line":283,"column":6},"end":{"line":291,"column":9}},"128":{"start":{"line":287,"column":8},"end":{"line":287,"column":40}},"129":{"start":{"line":288,"column":8},"end":{"line":288,"column":49}},"130":{"start":{"line":289,"column":8},"end":{"line":289,"column":69}},"131":{"start":{"line":290,"column":8},"end":{"line":290,"column":15}},"132":{"start":{"line":293,"column":4},"end":{"line":302,"column":7}},"133":{"start":{"line":294,"column":6},"end":{"line":301,"column":9}},"134":{"start":{"line":298,"column":8},"end":{"line":298,"column":49}},"135":{"start":{"line":299,"column":8},"end":{"line":299,"column":88}},"136":{"start":{"line":300,"column":8},"end":{"line":300,"column":15}}},"fnMap":{"0":{"name":"_interopRequireDefault","decl":{"start":{"line":9,"column":9},"end":{"line":9,"column":31}},"loc":{"start":{"line":9,"column":37},"end":{"line":9,"column":97}},"line":9},"1":{"name":"(anonymous_1)","decl":{"start":{"line":22,"column":60},"end":{"line":22,"column":61}},"loc":{"start":{"line":22,"column":72},"end":{"line":304,"column":1}},"line":22},"2":{"name":"(anonymous_2)","decl":{"start":{"line":23,"column":38},"end":{"line":23,"column":39}},"loc":{"start":{"line":23,"column":50},"end":{"line":137,"column":3}},"line":23},"3":{"name":"(anonymous_3)","decl":{"start":{"line":24,"column":64},"end":{"line":24,"column":65}},"loc":{"start":{"line":24,"column":80},"end":{"line":38,"column":5}},"line":24},"4":{"name":"(anonymous_4)","decl":{"start":{"line":31,"column":13},"end":{"line":31,"column":14}},"loc":{"start":{"line":31,"column":33},"end":{"line":37,"column":7}},"line":31},"5":{"name":"(anonymous_5)","decl":{"start":{"line":39,"column":71},"end":{"line":39,"column":72}},"loc":{"start":{"line":39,"column":87},"end":{"line":52,"column":5}},"line":39},"6":{"name":"(anonymous_6)","decl":{"start":{"line":46,"column":13},"end":{"line":46,"column":14}},"loc":{"start":{"line":46,"column":33},"end":{"line":51,"column":7}},"line":46},"7":{"name":"(anonymous_7)","decl":{"start":{"line":53,"column":90},"end":{"line":53,"column":91}},"loc":{"start":{"line":53,"column":106},"end":{"line":66,"column":5}},"line":53},"8":{"name":"(anonymous_8)","decl":{"start":{"line":60,"column":13},"end":{"line":60,"column":14}},"loc":{"start":{"line":60,"column":33},"end":{"line":65,"column":7}},"line":60},"9":{"name":"(anonymous_9)","decl":{"start":{"line":67,"column":67},"end":{"line":67,"column":68}},"loc":{"start":{"line":67,"column":83},"end":{"line":80,"column":5}},"line":67},"10":{"name":"(anonymous_10)","decl":{"start":{"line":74,"column":13},"end":{"line":74,"column":14}},"loc":{"start":{"line":74,"column":33},"end":{"line":79,"column":7}},"line":74},"11":{"name":"(anonymous_11)","decl":{"start":{"line":81,"column":66},"end":{"line":81,"column":67}},"loc":{"start":{"line":81,"column":82},"end":{"line":94,"column":5}},"line":81},"12":{"name":"(anonymous_12)","decl":{"start":{"line":88,"column":13},"end":{"line":88,"column":14}},"loc":{"start":{"line":88,"column":33},"end":{"line":93,"column":7}},"line":88},"13":{"name":"(anonymous_13)","decl":{"start":{"line":95,"column":64},"end":{"line":95,"column":65}},"loc":{"start":{"line":95,"column":80},"end":{"line":108,"column":5}},"line":95},"14":{"name":"(anonymous_14)","decl":{"start":{"line":102,"column":13},"end":{"line":102,"column":14}},"loc":{"start":{"line":102,"column":33},"end":{"line":107,"column":7}},"line":102},"15":{"name":"(anonymous_15)","decl":{"start":{"line":109,"column":65},"end":{"line":109,"column":66}},"loc":{"start":{"line":109,"column":81},"end":{"line":122,"column":5}},"line":109},"16":{"name":"(anonymous_16)","decl":{"start":{"line":116,"column":13},"end":{"line":116,"column":14}},"loc":{"start":{"line":116,"column":33},"end":{"line":121,"column":7}},"line":116},"17":{"name":"(anonymous_17)","decl":{"start":{"line":123,"column":85},"end":{"line":123,"column":86}},"loc":{"start":{"line":123,"column":101},"end":{"line":136,"column":5}},"line":123},"18":{"name":"(anonymous_18)","decl":{"start":{"line":130,"column":13},"end":{"line":130,"column":14}},"loc":{"start":{"line":130,"column":33},"end":{"line":135,"column":7}},"line":130},"19":{"name":"(anonymous_19)","decl":{"start":{"line":138,"column":38},"end":{"line":138,"column":39}},"loc":{"start":{"line":138,"column":50},"end":{"line":240,"column":3}},"line":138},"20":{"name":"(anonymous_20)","decl":{"start":{"line":139,"column":72},"end":{"line":139,"column":73}},"loc":{"start":{"line":139,"column":88},"end":{"line":155,"column":5}},"line":139},"21":{"name":"(anonymous_21)","decl":{"start":{"line":146,"column":13},"end":{"line":146,"column":14}},"loc":{"start":{"line":146,"column":33},"end":{"line":154,"column":7}},"line":146},"22":{"name":"(anonymous_22)","decl":{"start":{"line":156,"column":71},"end":{"line":156,"column":72}},"loc":{"start":{"line":156,"column":87},"end":{"line":169,"column":5}},"line":156},"23":{"name":"(anonymous_23)","decl":{"start":{"line":163,"column":13},"end":{"line":163,"column":14}},"loc":{"start":{"line":163,"column":33},"end":{"line":168,"column":7}},"line":163},"24":{"name":"(anonymous_24)","decl":{"start":{"line":170,"column":67},"end":{"line":170,"column":68}},"loc":{"start":{"line":170,"column":83},"end":{"line":183,"column":5}},"line":170},"25":{"name":"(anonymous_25)","decl":{"start":{"line":177,"column":13},"end":{"line":177,"column":14}},"loc":{"start":{"line":177,"column":33},"end":{"line":182,"column":7}},"line":177},"26":{"name":"(anonymous_26)","decl":{"start":{"line":184,"column":66},"end":{"line":184,"column":67}},"loc":{"start":{"line":184,"column":82},"end":{"line":197,"column":5}},"line":184},"27":{"name":"(anonymous_27)","decl":{"start":{"line":191,"column":13},"end":{"line":191,"column":14}},"loc":{"start":{"line":191,"column":33},"end":{"line":196,"column":7}},"line":191},"28":{"name":"(anonymous_28)","decl":{"start":{"line":198,"column":64},"end":{"line":198,"column":65}},"loc":{"start":{"line":198,"column":80},"end":{"line":211,"column":5}},"line":198},"29":{"name":"(anonymous_29)","decl":{"start":{"line":205,"column":13},"end":{"line":205,"column":14}},"loc":{"start":{"line":205,"column":33},"end":{"line":210,"column":7}},"line":205},"30":{"name":"(anonymous_30)","decl":{"start":{"line":212,"column":65},"end":{"line":212,"column":66}},"loc":{"start":{"line":212,"column":81},"end":{"line":225,"column":5}},"line":212},"31":{"name":"(anonymous_31)","decl":{"start":{"line":219,"column":13},"end":{"line":219,"column":14}},"loc":{"start":{"line":219,"column":33},"end":{"line":224,"column":7}},"line":219},"32":{"name":"(anonymous_32)","decl":{"start":{"line":226,"column":85},"end":{"line":226,"column":86}},"loc":{"start":{"line":226,"column":101},"end":{"line":239,"column":5}},"line":226},"33":{"name":"(anonymous_33)","decl":{"start":{"line":233,"column":13},"end":{"line":233,"column":14}},"loc":{"start":{"line":233,"column":33},"end":{"line":238,"column":7}},"line":233},"34":{"name":"(anonymous_34)","decl":{"start":{"line":241,"column":38},"end":{"line":241,"column":39}},"loc":{"start":{"line":241,"column":50},"end":{"line":268,"column":3}},"line":241},"35":{"name":"(anonymous_35)","decl":{"start":{"line":242,"column":63},"end":{"line":242,"column":64}},"loc":{"start":{"line":242,"column":79},"end":{"line":256,"column":5}},"line":242},"36":{"name":"(anonymous_36)","decl":{"start":{"line":249,"column":13},"end":{"line":249,"column":14}},"loc":{"start":{"line":249,"column":33},"end":{"line":255,"column":7}},"line":249},"37":{"name":"(anonymous_37)","decl":{"start":{"line":257,"column":78},"end":{"line":257,"column":79}},"loc":{"start":{"line":257,"column":94},"end":{"line":267,"column":5}},"line":257},"38":{"name":"(anonymous_38)","decl":{"start":{"line":261,"column":13},"end":{"line":261,"column":14}},"loc":{"start":{"line":261,"column":33},"end":{"line":266,"column":7}},"line":261},"39":{"name":"(anonymous_39)","decl":{"start":{"line":269,"column":38},"end":{"line":269,"column":39}},"loc":{"start":{"line":269,"column":50},"end":{"line":303,"column":3}},"line":269},"40":{"name":"(anonymous_40)","decl":{"start":{"line":270,"column":63},"end":{"line":270,"column":64}},"loc":{"start":{"line":270,"column":79},"end":{"line":281,"column":5}},"line":270},"41":{"name":"(anonymous_41)","decl":{"start":{"line":274,"column":13},"end":{"line":274,"column":14}},"loc":{"start":{"line":274,"column":33},"end":{"line":280,"column":7}},"line":274},"42":{"name":"(anonymous_42)","decl":{"start":{"line":282,"column":74},"end":{"line":282,"column":75}},"loc":{"start":{"line":282,"column":90},"end":{"line":292,"column":5}},"line":282},"43":{"name":"(anonymous_43)","decl":{"start":{"line":286,"column":13},"end":{"line":286,"column":14}},"loc":{"start":{"line":286,"column":33},"end":{"line":291,"column":7}},"line":286},"44":{"name":"(anonymous_44)","decl":{"start":{"line":293,"column":69},"end":{"line":293,"column":70}},"loc":{"start":{"line":293,"column":85},"end":{"line":302,"column":5}},"line":293},"45":{"name":"(anonymous_45)","decl":{"start":{"line":297,"column":13},"end":{"line":297,"column":14}},"loc":{"start":{"line":297,"column":33},"end":{"line":301,"column":7}},"line":297}},"branchMap":{"0":{"loc":{"start":{"line":9,"column":46},"end":{"line":9,"column":94}},"type":"cond-expr","locations":[{"start":{"line":9,"column":70},"end":{"line":9,"column":73}},{"start":{"line":9,"column":76},"end":{"line":9,"column":94}}],"line":9},"1":{"loc":{"start":{"line":9,"column":46},"end":{"line":9,"column":67}},"type":"binary-expr","locations":[{"start":{"line":9,"column":46},"end":{"line":9,"column":49}},{"start":{"line":9,"column":53},"end":{"line":9,"column":67}}],"line":9},"2":{"loc":{"start":{"line":147,"column":8},"end":{"line":147,"column":24}},"type":"if","locations":[{"start":{"line":147,"column":8},"end":{"line":147,"column":24}},{"start":{"line":147,"column":8},"end":{"line":147,"column":24}}],"line":147}},"s":{"0":1,"1":1,"2":1,"3":3,"4":1,"5":1,"6":1,"7":1,"8":1,"9":1,"10":1,"11":1,"12":1,"13":1,"14":1,"15":1,"16":1,"17":1,"18":1,"19":1,"20":1,"21":1,"22":1,"23":1,"24":1,"25":1,"26":1,"27":1,"28":1,"29":1,"30":1,"31":1,"32":1,"33":1,"34":1,"35":1,"36":1,"37":1,"38":1,"39":1,"40":1,"41":1,"42":1,"43":1,"44":1,"45":1,"46":1,"47":1,"48":1,"49":1,"50":1,"51":1,"52":1,"53":1,"54":1,"55":1,"56":1,"57":1,"58":1,"59":1,"60":1,"61":0,"62":1,"63":1,"64":1,"65":1,"66":1,"67":1,"68":1,"69":1,"70":1,"71":1,"72":1,"73":1,"74":1,"75":1,"76":1,"77":1,"78":1,"79":1,"80":1,"81":1,"82":1,"83":1,"84":1,"85":1,"86":1,"87":1,"88":1,"89":1,"90":1,"91":1,"92":1,"93":1,"94":1,"95":1,"96":1,"97":1,"98":1,"99":1,"100":1,"101":1,"102":1,"103":1,"104":1,"105":1,"106":1,"107":1,"108":1,"109":1,"110":1,"111":1,"112":1,"113":1,"114":1,"115":1,"116":1,"117":1,"118":1,"119":1,"120":1,"121":1,"122":1,"123":1,"124":1,"125":1,"126":1,"127":1,"128":1,"129":1,"130":1,"131":1,"132":1,"133":1,"134":1,"135":1,"136":1},"f":{"0":3,"1":1,"2":1,"3":1,"4":1,"5":1,"6":1,"7":1,"8":1,"9":1,"10":1,"11":1,"12":1,"13":1,"14":1,"15":1,"16":1,"17":1,"18":1,"19":1,"20":1,"21":1,"22":1,"23":1,"24":1,"25":1,"26":1,"27":1,"28":1,"29":1,"30":1,"31":1,"32":1,"33":1,"34":1,"35":1,"36":1,"37":1,"38":1,"39":1,"40":1,"41":1,"42":1,"43":1,"44":1,"45":1},"b":{"0":[1,2],"1":[3,3],"2":[0,1]},"_coverageSchema":"43e27e138ebf9cfc5966b082cf9a028302ed4184","hash":"be27384377f992bb8bb0b6497046a8f3d602dc08","contentHash":"c2f3a05991d77efbb537776e901fafadc4df62b4c5a735d96a655101ddf897a4"}}